ARM GAS  C:\Users\LuckyE\AppData\Local\Temp\ccp971VY.s 			page 1


   1              		.cpu cortex-m4
   2              		.eabi_attribute 27, 1
   3              		.eabi_attribute 28, 1
   4              		.eabi_attribute 20, 1
   5              		.eabi_attribute 21, 1
   6              		.eabi_attribute 23, 3
   7              		.eabi_attribute 24, 1
   8              		.eabi_attribute 25, 1
   9              		.eabi_attribute 26, 1
  10              		.eabi_attribute 30, 4
  11              		.eabi_attribute 34, 1
  12              		.eabi_attribute 18, 4
  13              		.file	"link_log.c"
  14              		.text
  15              	.Ltext0:
  16              		.cfi_sections	.debug_frame
  17              		.section	.text.link_log_level_set,"ax",%progbits
  18              		.align	1
  19              		.global	link_log_level_set
  20              		.syntax unified
  21              		.thumb
  22              		.thumb_func
  23              		.fpu fpv4-sp-d16
  25              	link_log_level_set:
  26              	.LFB3:
  27              		.file 1 "../../iot_link/link_log/link_log.c"
   1:../../iot_link/link_log/link_log.c **** /*----------------------------------------------------------------------------
   2:../../iot_link/link_log/link_log.c ****  * Copyright (c) <2018>, <Huawei Technologies Co., Ltd>
   3:../../iot_link/link_log/link_log.c ****  * All rights reserved.
   4:../../iot_link/link_log/link_log.c ****  * Redistribution and use in source and binary forms, with or without modification,
   5:../../iot_link/link_log/link_log.c ****  * are permitted provided that the following conditions are met:
   6:../../iot_link/link_log/link_log.c ****  * 1. Redistributions of source code must retain the above copyright notice, this list of
   7:../../iot_link/link_log/link_log.c ****  * conditions and the following disclaimer.
   8:../../iot_link/link_log/link_log.c ****  * 2. Redistributions in binary form must reproduce the above copyright notice, this list
   9:../../iot_link/link_log/link_log.c ****  * of conditions and the following disclaimer in the documentation and/or other materials
  10:../../iot_link/link_log/link_log.c ****  * provided with the distribution.
  11:../../iot_link/link_log/link_log.c ****  * 3. Neither the name of the copyright holder nor the names of its contributors may be used
  12:../../iot_link/link_log/link_log.c ****  * to endorse or promote products derived from this software without specific prior written
  13:../../iot_link/link_log/link_log.c ****  * permission.
  14:../../iot_link/link_log/link_log.c ****  * THIS SOFTWARE IS PROVIDED BY THE COPYRIGHT HOLDERS AND CONTRIBUTORS
  15:../../iot_link/link_log/link_log.c ****  * "AS IS" AND ANY EXPRESS OR IMPLIED WARRANTIES, INCLUDING, BUT NOT LIMITED TO,
  16:../../iot_link/link_log/link_log.c ****  * THE IMPLIED WARRANTIES OF MERCHANTABILITY AND FITNESS FOR A PARTICULAR
  17:../../iot_link/link_log/link_log.c ****  * PURPOSE ARE DISCLAIMED. IN NO EVENT SHALL THE COPYRIGHT HOLDER OR
  18:../../iot_link/link_log/link_log.c ****  * CONTRIBUTORS BE LIABLE FOR ANY DIRECT, INDIRECT, INCIDENTAL, SPECIAL,
  19:../../iot_link/link_log/link_log.c ****  * EXEMPLARY, OR CONSEQUENTIAL DAMAGES (INCLUDING, BUT NOT LIMITED TO,
  20:../../iot_link/link_log/link_log.c ****  * PROCUREMENT OF SUBSTITUTE GOODS OR SERVICES; LOSS OF USE, DATA, OR PROFITS;
  21:../../iot_link/link_log/link_log.c ****  * OR BUSINESS INTERRUPTION) HOWEVER CAUSED AND ON ANY THEORY OF LIABILITY,
  22:../../iot_link/link_log/link_log.c ****  * WHETHER IN CONTRACT, STRICT LIABILITY, OR TORT (INCLUDING NEGLIGENCE OR
  23:../../iot_link/link_log/link_log.c ****  * OTHERWISE) ARISING IN ANY WAY OUT OF THE USE OF THIS SOFTWARE, EVEN IF
  24:../../iot_link/link_log/link_log.c ****  * ADVISED OF THE POSSIBILITY OF SUCH DAMAGE.
  25:../../iot_link/link_log/link_log.c ****  *---------------------------------------------------------------------------*/
  26:../../iot_link/link_log/link_log.c **** /*----------------------------------------------------------------------------
  27:../../iot_link/link_log/link_log.c ****  * Notice of Export Control Law
  28:../../iot_link/link_log/link_log.c ****  * ===============================================
  29:../../iot_link/link_log/link_log.c ****  * Huawei LiteOS may be subject to applicable export control laws and regulations, which might
  30:../../iot_link/link_log/link_log.c ****  * include those applicable to Huawei LiteOS of U.S. and the country in which you are located.
  31:../../iot_link/link_log/link_log.c ****  * Import, export and usage of Huawei LiteOS in any manner by you shall be in compliance with such
ARM GAS  C:\Users\LuckyE\AppData\Local\Temp\ccp971VY.s 			page 2


  32:../../iot_link/link_log/link_log.c ****  * applicable export control laws and regulations.
  33:../../iot_link/link_log/link_log.c ****  *---------------------------------------------------------------------------*/
  34:../../iot_link/link_log/link_log.c **** /**
  35:../../iot_link/link_log/link_log.c ****  *  DATE                AUTHOR      INSTRUCTION
  36:../../iot_link/link_log/link_log.c ****  *  2019-12-19 14:34  zhangqianfu  The first version
  37:../../iot_link/link_log/link_log.c ****  *
  38:../../iot_link/link_log/link_log.c ****  */
  39:../../iot_link/link_log/link_log.c **** 
  40:../../iot_link/link_log/link_log.c **** #include <string.h>
  41:../../iot_link/link_log/link_log.c **** #include <stdio.h>
  42:../../iot_link/link_log/link_log.c **** #include <link_log.h>
  43:../../iot_link/link_log/link_log.c **** 
  44:../../iot_link/link_log/link_log.c **** static en_link_log_level_t s_link_log_level = EN_LINK_LOG_LEVEL_TRACE;
  45:../../iot_link/link_log/link_log.c **** static const char *s_link_log_names[] =
  46:../../iot_link/link_log/link_log.c **** {
  47:../../iot_link/link_log/link_log.c ****     "TRACE",
  48:../../iot_link/link_log/link_log.c ****     "DEBUG",
  49:../../iot_link/link_log/link_log.c ****     "INFO ",
  50:../../iot_link/link_log/link_log.c ****     "WARN ",
  51:../../iot_link/link_log/link_log.c ****     "ERROR",
  52:../../iot_link/link_log/link_log.c ****     "FATAL"
  53:../../iot_link/link_log/link_log.c **** };
  54:../../iot_link/link_log/link_log.c **** 
  55:../../iot_link/link_log/link_log.c **** int link_log_level_set(en_link_log_level_t level)
  56:../../iot_link/link_log/link_log.c **** {
  28              		.loc 1 56 0
  29              		.cfi_startproc
  30              		@ args = 0, pretend = 0, frame = 0
  31              		@ frame_needed = 0, uses_anonymous_args = 0
  32              		@ link register save eliminated.
  33              	.LVL0:
  57:../../iot_link/link_log/link_log.c ****     int ret = -1;
  58:../../iot_link/link_log/link_log.c ****     if(level < EN_LINK_LOG_LEVEL_MAX )
  34              		.loc 1 58 0
  35 0000 0528     		cmp	r0, #5
  59:../../iot_link/link_log/link_log.c ****     {
  60:../../iot_link/link_log/link_log.c ****         s_link_log_level = level;
  36              		.loc 1 60 0
  37 0002 9DBF     		ittte	ls
  38 0004 024B     		ldrls	r3, .L4
  39 0006 1870     		strbls	r0, [r3]
  40              	.LVL1:
  61:../../iot_link/link_log/link_log.c ****         ret = 0;
  41              		.loc 1 61 0
  42 0008 0020     		movls	r0, #0
  43              	.LVL2:
  57:../../iot_link/link_log/link_log.c ****     int ret = -1;
  44              		.loc 1 57 0
  45 000a 4FF0FF30 		movhi	r0, #-1
  46              	.LVL3:
  62:../../iot_link/link_log/link_log.c ****     }
  63:../../iot_link/link_log/link_log.c ****     return ret;
  64:../../iot_link/link_log/link_log.c **** }
  47              		.loc 1 64 0
  48 000e 7047     		bx	lr
  49              	.L5:
  50              		.align	2
ARM GAS  C:\Users\LuckyE\AppData\Local\Temp\ccp971VY.s 			page 3


  51              	.L4:
  52 0010 00000000 		.word	.LANCHOR0
  53              		.cfi_endproc
  54              	.LFE3:
  56              		.section	.text.link_log_level_get,"ax",%progbits
  57              		.align	1
  58              		.global	link_log_level_get
  59              		.syntax unified
  60              		.thumb
  61              		.thumb_func
  62              		.fpu fpv4-sp-d16
  64              	link_log_level_get:
  65              	.LFB4:
  65:../../iot_link/link_log/link_log.c **** 
  66:../../iot_link/link_log/link_log.c **** en_link_log_level_t link_log_level_get(void)
  67:../../iot_link/link_log/link_log.c **** {
  66              		.loc 1 67 0
  67              		.cfi_startproc
  68              		@ args = 0, pretend = 0, frame = 0
  69              		@ frame_needed = 0, uses_anonymous_args = 0
  70              		@ link register save eliminated.
  68:../../iot_link/link_log/link_log.c ****     return s_link_log_level;
  69:../../iot_link/link_log/link_log.c **** }
  71              		.loc 1 69 0
  72 0000 014B     		ldr	r3, .L7
  73 0002 1878     		ldrb	r0, [r3]	@ zero_extendqisi2
  74 0004 7047     		bx	lr
  75              	.L8:
  76 0006 00BF     		.align	2
  77              	.L7:
  78 0008 00000000 		.word	.LANCHOR0
  79              		.cfi_endproc
  80              	.LFE4:
  82              		.section	.text.link_log_level_name,"ax",%progbits
  83              		.align	1
  84              		.global	link_log_level_name
  85              		.syntax unified
  86              		.thumb
  87              		.thumb_func
  88              		.fpu fpv4-sp-d16
  90              	link_log_level_name:
  91              	.LFB5:
  70:../../iot_link/link_log/link_log.c **** 
  71:../../iot_link/link_log/link_log.c **** const char *link_log_level_name(en_link_log_level_t log_level)
  72:../../iot_link/link_log/link_log.c **** {
  92              		.loc 1 72 0
  93              		.cfi_startproc
  94              		@ args = 0, pretend = 0, frame = 0
  95              		@ frame_needed = 0, uses_anonymous_args = 0
  96              		@ link register save eliminated.
  97              	.LVL4:
  73:../../iot_link/link_log/link_log.c ****     if (log_level >= EN_LINK_LOG_LEVEL_MAX)
  98              		.loc 1 73 0
  99 0000 0528     		cmp	r0, #5
  74:../../iot_link/link_log/link_log.c ****     {
  75:../../iot_link/link_log/link_log.c ****         return "NULL ";
  76:../../iot_link/link_log/link_log.c ****     }
ARM GAS  C:\Users\LuckyE\AppData\Local\Temp\ccp971VY.s 			page 4


  77:../../iot_link/link_log/link_log.c ****     else
  78:../../iot_link/link_log/link_log.c ****     {
  79:../../iot_link/link_log/link_log.c ****         return s_link_log_names[log_level];
 100              		.loc 1 79 0
 101 0002 9ABF     		itte	ls
 102 0004 024B     		ldrls	r3, .L12
 103 0006 53F82000 		ldrls	r0, [r3, r0, lsl #2]
 104              	.LVL5:
  75:../../iot_link/link_log/link_log.c ****     }
 105              		.loc 1 75 0
 106 000a 0248     		ldrhi	r0, .L12+4
  80:../../iot_link/link_log/link_log.c ****     }
  81:../../iot_link/link_log/link_log.c **** 
  82:../../iot_link/link_log/link_log.c **** }
 107              		.loc 1 82 0
 108 000c 7047     		bx	lr
 109              	.L13:
 110 000e 00BF     		.align	2
 111              	.L12:
 112 0010 00000000 		.word	.LANCHOR1
 113 0014 00000000 		.word	.LC0
 114              		.cfi_endproc
 115              	.LFE5:
 117              		.section	.bss.s_link_log_level,"aw",%nobits
 118              		.set	.LANCHOR0,. + 0
 121              	s_link_log_level:
 122 0000 00       		.space	1
 123              		.section	.rodata.link_log_level_name.str1.1,"aMS",%progbits,1
 124              	.LC0:
 125 0000 4E554C4C 		.ascii	"NULL \000"
 125      2000
 126              		.section	.rodata.s_link_log_names,"a",%progbits
 127              		.align	2
 128              		.set	.LANCHOR1,. + 0
 131              	s_link_log_names:
 132 0000 00000000 		.word	.LC1
 133 0004 06000000 		.word	.LC2
 134 0008 0C000000 		.word	.LC3
 135 000c 12000000 		.word	.LC4
 136 0010 18000000 		.word	.LC5
 137 0014 1E000000 		.word	.LC6
 138              		.section	.rodata.str1.1,"aMS",%progbits,1
 139              	.LC1:
 140 0000 54524143 		.ascii	"TRACE\000"
 140      4500
 141              	.LC2:
 142 0006 44454255 		.ascii	"DEBUG\000"
 142      4700
 143              	.LC3:
 144 000c 494E464F 		.ascii	"INFO \000"
 144      2000
 145              	.LC4:
 146 0012 5741524E 		.ascii	"WARN \000"
 146      2000
 147              	.LC5:
 148 0018 4552524F 		.ascii	"ERROR\000"
 148      5200
ARM GAS  C:\Users\LuckyE\AppData\Local\Temp\ccp971VY.s 			page 5


 149              	.LC6:
 150 001e 46415441 		.ascii	"FATAL\000"
 150      4C00
 151              		.text
 152              	.Letext0:
 153              		.file 2 "c:\\bearpi\\developtools\\gnu tools arm embedded\\7 2018-q2-update\\arm-none-eabi\\includ
 154              		.file 3 "c:\\bearpi\\developtools\\gnu tools arm embedded\\7 2018-q2-update\\arm-none-eabi\\includ
 155              		.file 4 "c:\\bearpi\\developtools\\gnu tools arm embedded\\7 2018-q2-update\\lib\\gcc\\arm-none-ea
 156              		.file 5 "c:\\bearpi\\developtools\\gnu tools arm embedded\\7 2018-q2-update\\arm-none-eabi\\includ
 157              		.file 6 "../../iot_link/inc/link_log.h"
ARM GAS  C:\Users\LuckyE\AppData\Local\Temp\ccp971VY.s 			page 6


DEFINED SYMBOLS
                            *ABS*:00000000 link_log.c
C:\Users\LuckyE\AppData\Local\Temp\ccp971VY.s:18     .text.link_log_level_set:00000000 $t
C:\Users\LuckyE\AppData\Local\Temp\ccp971VY.s:25     .text.link_log_level_set:00000000 link_log_level_set
C:\Users\LuckyE\AppData\Local\Temp\ccp971VY.s:52     .text.link_log_level_set:00000010 $d
C:\Users\LuckyE\AppData\Local\Temp\ccp971VY.s:57     .text.link_log_level_get:00000000 $t
C:\Users\LuckyE\AppData\Local\Temp\ccp971VY.s:64     .text.link_log_level_get:00000000 link_log_level_get
C:\Users\LuckyE\AppData\Local\Temp\ccp971VY.s:78     .text.link_log_level_get:00000008 $d
C:\Users\LuckyE\AppData\Local\Temp\ccp971VY.s:83     .text.link_log_level_name:00000000 $t
C:\Users\LuckyE\AppData\Local\Temp\ccp971VY.s:90     .text.link_log_level_name:00000000 link_log_level_name
C:\Users\LuckyE\AppData\Local\Temp\ccp971VY.s:112    .text.link_log_level_name:00000010 $d
C:\Users\LuckyE\AppData\Local\Temp\ccp971VY.s:121    .bss.s_link_log_level:00000000 s_link_log_level
C:\Users\LuckyE\AppData\Local\Temp\ccp971VY.s:122    .bss.s_link_log_level:00000000 $d
C:\Users\LuckyE\AppData\Local\Temp\ccp971VY.s:127    .rodata.s_link_log_names:00000000 $d
C:\Users\LuckyE\AppData\Local\Temp\ccp971VY.s:131    .rodata.s_link_log_names:00000000 s_link_log_names

NO UNDEFINED SYMBOLS
