ARM GAS  C:\Users\LuckyE\AppData\Local\Temp\cc4cggMa.s 			page 1


   1              		.cpu cortex-m4
   2              		.eabi_attribute 27, 1
   3              		.eabi_attribute 28, 1
   4              		.eabi_attribute 20, 1
   5              		.eabi_attribute 21, 1
   6              		.eabi_attribute 23, 3
   7              		.eabi_attribute 24, 1
   8              		.eabi_attribute 25, 1
   9              		.eabi_attribute 26, 1
  10              		.eabi_attribute 30, 4
  11              		.eabi_attribute 34, 1
  12              		.eabi_attribute 18, 4
  13              		.file	"gpio.c"
  14              		.text
  15              	.Ltext0:
  16              		.cfi_sections	.debug_frame
  17              		.section	.text.MX_GPIO_Init,"ax",%progbits
  18              		.align	1
  19              		.global	MX_GPIO_Init
  20              		.syntax unified
  21              		.thumb
  22              		.thumb_func
  23              		.fpu fpv4-sp-d16
  25              	MX_GPIO_Init:
  26              	.LFB287:
  27              		.file 1 "Src/gpio.c"
   1:Src/gpio.c    **** /**
   2:Src/gpio.c    ****   ******************************************************************************
   3:Src/gpio.c    ****   * File Name          : gpio.c
   4:Src/gpio.c    ****   * Description        : This file provides code for the configuration
   5:Src/gpio.c    ****   *                      of all used GPIO pins.
   6:Src/gpio.c    ****   ******************************************************************************
   7:Src/gpio.c    ****   ** This notice applies to any and all portions of this file
   8:Src/gpio.c    ****   * that are not between comment pairs USER CODE BEGIN and
   9:Src/gpio.c    ****   * USER CODE END. Other portions of this file, whether 
  10:Src/gpio.c    ****   * inserted by the user or by software development tools
  11:Src/gpio.c    ****   * are owned by their respective copyright owners.
  12:Src/gpio.c    ****   *
  13:Src/gpio.c    ****   * COPYRIGHT(c) 2018 STMicroelectronics
  14:Src/gpio.c    ****   *
  15:Src/gpio.c    ****   * Redistribution and use in source and binary forms, with or without modification,
  16:Src/gpio.c    ****   * are permitted provided that the following conditions are met:
  17:Src/gpio.c    ****   *   1. Redistributions of source code must retain the above copyright notice,
  18:Src/gpio.c    ****   *      this list of conditions and the following disclaimer.
  19:Src/gpio.c    ****   *   2. Redistributions in binary form must reproduce the above copyright notice,
  20:Src/gpio.c    ****   *      this list of conditions and the following disclaimer in the documentation
  21:Src/gpio.c    ****   *      and/or other materials provided with the distribution.
  22:Src/gpio.c    ****   *   3. Neither the name of STMicroelectronics nor the names of its contributors
  23:Src/gpio.c    ****   *      may be used to endorse or promote products derived from this software
  24:Src/gpio.c    ****   *      without specific prior written permission.
  25:Src/gpio.c    ****   *
  26:Src/gpio.c    ****   * THIS SOFTWARE IS PROVIDED BY THE COPYRIGHT HOLDERS AND CONTRIBUTORS "AS IS"
  27:Src/gpio.c    ****   * AND ANY EXPRESS OR IMPLIED WARRANTIES, INCLUDING, BUT NOT LIMITED TO, THE
  28:Src/gpio.c    ****   * IMPLIED WARRANTIES OF MERCHANTABILITY AND FITNESS FOR A PARTICULAR PURPOSE ARE
  29:Src/gpio.c    ****   * DISCLAIMED. IN NO EVENT SHALL THE COPYRIGHT HOLDER OR CONTRIBUTORS BE LIABLE
  30:Src/gpio.c    ****   * FOR ANY DIRECT, INDIRECT, INCIDENTAL, SPECIAL, EXEMPLARY, OR CONSEQUENTIAL
  31:Src/gpio.c    ****   * DAMAGES (INCLUDING, BUT NOT LIMITED TO, PROCUREMENT OF SUBSTITUTE GOODS OR
ARM GAS  C:\Users\LuckyE\AppData\Local\Temp\cc4cggMa.s 			page 2


  32:Src/gpio.c    ****   * SERVICES; LOSS OF USE, DATA, OR PROFITS; OR BUSINESS INTERRUPTION) HOWEVER
  33:Src/gpio.c    ****   * CAUSED AND ON ANY THEORY OF LIABILITY, WHETHER IN CONTRACT, STRICT LIABILITY,
  34:Src/gpio.c    ****   * OR TORT (INCLUDING NEGLIGENCE OR OTHERWISE) ARISING IN ANY WAY OUT OF THE USE
  35:Src/gpio.c    ****   * OF THIS SOFTWARE, EVEN IF ADVISED OF THE POSSIBILITY OF SUCH DAMAGE.
  36:Src/gpio.c    ****   *
  37:Src/gpio.c    ****   ******************************************************************************
  38:Src/gpio.c    ****   */
  39:Src/gpio.c    **** 
  40:Src/gpio.c    **** /* Includes ------------------------------------------------------------------*/
  41:Src/gpio.c    **** #include "gpio.h"
  42:Src/gpio.c    **** /* USER CODE BEGIN 0 */
  43:Src/gpio.c    **** 
  44:Src/gpio.c    **** /* USER CODE END 0 */
  45:Src/gpio.c    **** 
  46:Src/gpio.c    **** /*----------------------------------------------------------------------------*/
  47:Src/gpio.c    **** /* Configure GPIO                                                             */
  48:Src/gpio.c    **** /*----------------------------------------------------------------------------*/
  49:Src/gpio.c    **** /* USER CODE BEGIN 1 */
  50:Src/gpio.c    **** 
  51:Src/gpio.c    **** /* USER CODE END 1 */
  52:Src/gpio.c    **** 
  53:Src/gpio.c    **** /** Configure pins as 
  54:Src/gpio.c    ****         * Analog 
  55:Src/gpio.c    ****         * Input 
  56:Src/gpio.c    ****         * Output
  57:Src/gpio.c    ****         * EVENT_OUT
  58:Src/gpio.c    ****         * EXTI
  59:Src/gpio.c    **** */
  60:Src/gpio.c    **** void MX_GPIO_Init(void)
  61:Src/gpio.c    **** {
  28              		.loc 1 61 0
  29              		.cfi_startproc
  30              		@ args = 0, pretend = 0, frame = 40
  31              		@ frame_needed = 0, uses_anonymous_args = 0
  32 0000 F0B5     		push	{r4, r5, r6, r7, lr}
  33              	.LCFI0:
  34              		.cfi_def_cfa_offset 20
  35              		.cfi_offset 4, -20
  36              		.cfi_offset 5, -16
  37              		.cfi_offset 6, -12
  38              		.cfi_offset 7, -8
  39              		.cfi_offset 14, -4
  62:Src/gpio.c    **** 
  63:Src/gpio.c    ****   GPIO_InitTypeDef GPIO_InitStruct = {0};
  40              		.loc 1 63 0
  41 0002 1422     		movs	r2, #20
  61:Src/gpio.c    **** 
  42              		.loc 1 61 0
  43 0004 8BB0     		sub	sp, sp, #44
  44              	.LCFI1:
  45              		.cfi_def_cfa_offset 64
  46              		.loc 1 63 0
  47 0006 0DEB0200 		add	r0, sp, r2
  48 000a 0021     		movs	r1, #0
  49 000c FFF7FEFF 		bl	memset
  50              	.LVL0:
  51              	.LBB2:
ARM GAS  C:\Users\LuckyE\AppData\Local\Temp\cc4cggMa.s 			page 3


  64:Src/gpio.c    **** 
  65:Src/gpio.c    ****   /* GPIO Ports Clock Enable */
  66:Src/gpio.c    ****   __HAL_RCC_GPIOC_CLK_ENABLE();
  52              		.loc 1 66 0
  53 0010 3B4B     		ldr	r3, .L2
  54              	.LBE2:
  67:Src/gpio.c    ****   __HAL_RCC_GPIOH_CLK_ENABLE();
  68:Src/gpio.c    ****   __HAL_RCC_GPIOA_CLK_ENABLE();
  69:Src/gpio.c    ****   __HAL_RCC_GPIOB_CLK_ENABLE();
  70:Src/gpio.c    ****   __HAL_RCC_GPIOD_CLK_ENABLE();
  71:Src/gpio.c    **** 
  72:Src/gpio.c    ****   /*Configure GPIO pin Output Level */
  73:Src/gpio.c    ****   HAL_GPIO_WritePin(GPIOC, LED_Pin|LCD_WR_RS_Pin|LCD_RESET_Pin|E53_GPIO5_Pin, GPIO_PIN_RESET);
  55              		.loc 1 73 0
  56 0012 3C4F     		ldr	r7, .L2+4
  57              	.LBB3:
  66:Src/gpio.c    ****   __HAL_RCC_GPIOH_CLK_ENABLE();
  58              		.loc 1 66 0
  59 0014 DA6C     		ldr	r2, [r3, #76]
  60              	.LBE3:
  74:Src/gpio.c    **** 
  75:Src/gpio.c    ****   /*Configure GPIO pin Output Level */
  76:Src/gpio.c    ****   HAL_GPIO_WritePin(GPIOA, E53_GPIO1_Pin|E53_GPIO4_Pin|USER_GPIO2_Pin, GPIO_PIN_RESET);
  77:Src/gpio.c    **** 
  78:Src/gpio.c    ****   /*Configure GPIO pin Output Level */
  79:Src/gpio.c    ****   HAL_GPIO_WritePin(GPIOB, USER_GPIO1_Pin|LCD_POWER_Pin|E53_GPIO2_Pin|E53_GPIO3_Pin, GPIO_PIN_RESET
  61              		.loc 1 79 0
  62 0016 3C4D     		ldr	r5, .L2+8
  63              	.LBB4:
  66:Src/gpio.c    ****   __HAL_RCC_GPIOH_CLK_ENABLE();
  64              		.loc 1 66 0
  65 0018 42F00402 		orr	r2, r2, #4
  66 001c DA64     		str	r2, [r3, #76]
  67 001e DA6C     		ldr	r2, [r3, #76]
  68 0020 02F00402 		and	r2, r2, #4
  69 0024 0092     		str	r2, [sp]
  70 0026 009A     		ldr	r2, [sp]
  71              	.LBE4:
  72              	.LBB5:
  67:Src/gpio.c    ****   __HAL_RCC_GPIOA_CLK_ENABLE();
  73              		.loc 1 67 0
  74 0028 DA6C     		ldr	r2, [r3, #76]
  75 002a 42F08002 		orr	r2, r2, #128
  76 002e DA64     		str	r2, [r3, #76]
  77 0030 DA6C     		ldr	r2, [r3, #76]
  78 0032 02F08002 		and	r2, r2, #128
  79 0036 0192     		str	r2, [sp, #4]
  80 0038 019A     		ldr	r2, [sp, #4]
  81              	.LBE5:
  82              	.LBB6:
  68:Src/gpio.c    ****   __HAL_RCC_GPIOB_CLK_ENABLE();
  83              		.loc 1 68 0
  84 003a DA6C     		ldr	r2, [r3, #76]
  85 003c 42F00102 		orr	r2, r2, #1
  86 0040 DA64     		str	r2, [r3, #76]
  87 0042 DA6C     		ldr	r2, [r3, #76]
  88 0044 02F00102 		and	r2, r2, #1
ARM GAS  C:\Users\LuckyE\AppData\Local\Temp\cc4cggMa.s 			page 4


  89 0048 0292     		str	r2, [sp, #8]
  90 004a 029A     		ldr	r2, [sp, #8]
  91              	.LBE6:
  92              	.LBB7:
  69:Src/gpio.c    ****   __HAL_RCC_GPIOD_CLK_ENABLE();
  93              		.loc 1 69 0
  94 004c DA6C     		ldr	r2, [r3, #76]
  95 004e 42F00202 		orr	r2, r2, #2
  96 0052 DA64     		str	r2, [r3, #76]
  97 0054 DA6C     		ldr	r2, [r3, #76]
  98 0056 02F00202 		and	r2, r2, #2
  99 005a 0392     		str	r2, [sp, #12]
 100 005c 039A     		ldr	r2, [sp, #12]
 101              	.LBE7:
 102              	.LBB8:
  70:Src/gpio.c    **** 
 103              		.loc 1 70 0
 104 005e DA6C     		ldr	r2, [r3, #76]
 105 0060 42F00802 		orr	r2, r2, #8
 106 0064 DA64     		str	r2, [r3, #76]
 107 0066 DB6C     		ldr	r3, [r3, #76]
 108 0068 03F00803 		and	r3, r3, #8
 109 006c 0493     		str	r3, [sp, #16]
 110              	.LBE8:
  73:Src/gpio.c    **** 
 111              		.loc 1 73 0
 112 006e 3846     		mov	r0, r7
 113 0070 0022     		movs	r2, #0
 114 0072 4FF40B51 		mov	r1, #8896
 115              	.LBB9:
  70:Src/gpio.c    **** 
 116              		.loc 1 70 0
 117 0076 049B     		ldr	r3, [sp, #16]
 118              	.LBE9:
  73:Src/gpio.c    **** 
 119              		.loc 1 73 0
 120 0078 FFF7FEFF 		bl	HAL_GPIO_WritePin
 121              	.LVL1:
  76:Src/gpio.c    **** 
 122              		.loc 1 76 0
 123 007c 0022     		movs	r2, #0
 124 007e 40F60111 		movw	r1, #2305
 125 0082 4FF09040 		mov	r0, #1207959552
 126 0086 FFF7FEFF 		bl	HAL_GPIO_WritePin
 127              	.LVL2:
 128              		.loc 1 79 0
 129 008a 0022     		movs	r2, #0
 130 008c 2846     		mov	r0, r5
 131 008e 4FF41341 		mov	r1, #37632
 132 0092 FFF7FEFF 		bl	HAL_GPIO_WritePin
 133              	.LVL3:
  80:Src/gpio.c    **** 
  81:Src/gpio.c    ****   /*Configure GPIO pins : PCPin PCPin PCPin PCPin */
  82:Src/gpio.c    ****   GPIO_InitStruct.Pin = LED_Pin|LCD_WR_RS_Pin|LCD_RESET_Pin|E53_GPIO5_Pin;
  83:Src/gpio.c    ****   GPIO_InitStruct.Mode = GPIO_MODE_OUTPUT_PP;
  84:Src/gpio.c    ****   GPIO_InitStruct.Pull = GPIO_NOPULL;
 134              		.loc 1 84 0
ARM GAS  C:\Users\LuckyE\AppData\Local\Temp\cc4cggMa.s 			page 5


 135 0096 0024     		movs	r4, #0
  83:Src/gpio.c    ****   GPIO_InitStruct.Pull = GPIO_NOPULL;
 136              		.loc 1 83 0
 137 0098 0126     		movs	r6, #1
 138 009a 4FF40B53 		mov	r3, #8896
  85:Src/gpio.c    ****   GPIO_InitStruct.Speed = GPIO_SPEED_FREQ_LOW;
  86:Src/gpio.c    ****   HAL_GPIO_Init(GPIOC, &GPIO_InitStruct);
 139              		.loc 1 86 0
 140 009e 05A9     		add	r1, sp, #20
 141 00a0 3846     		mov	r0, r7
  83:Src/gpio.c    ****   GPIO_InitStruct.Pull = GPIO_NOPULL;
 142              		.loc 1 83 0
 143 00a2 CDE90536 		strd	r3, r6, [sp, #20]
  85:Src/gpio.c    ****   GPIO_InitStruct.Speed = GPIO_SPEED_FREQ_LOW;
 144              		.loc 1 85 0
 145 00a6 CDE90744 		strd	r4, r4, [sp, #28]
 146              		.loc 1 86 0
 147 00aa FFF7FEFF 		bl	HAL_GPIO_Init
 148              	.LVL4:
  87:Src/gpio.c    **** 
  88:Src/gpio.c    ****   /*Configure GPIO pins : PAPin PAPin PAPin */
  89:Src/gpio.c    ****   GPIO_InitStruct.Pin = E53_GPIO1_Pin|E53_GPIO4_Pin|USER_GPIO2_Pin;
 149              		.loc 1 89 0
 150 00ae 40F60113 		movw	r3, #2305
  90:Src/gpio.c    ****   GPIO_InitStruct.Mode = GPIO_MODE_OUTPUT_PP;
  91:Src/gpio.c    ****   GPIO_InitStruct.Pull = GPIO_NOPULL;
  92:Src/gpio.c    ****   GPIO_InitStruct.Speed = GPIO_SPEED_FREQ_LOW;
  93:Src/gpio.c    ****   HAL_GPIO_Init(GPIOA, &GPIO_InitStruct);
 151              		.loc 1 93 0
 152 00b2 05A9     		add	r1, sp, #20
 153 00b4 4FF09040 		mov	r0, #1207959552
  90:Src/gpio.c    ****   GPIO_InitStruct.Mode = GPIO_MODE_OUTPUT_PP;
 154              		.loc 1 90 0
 155 00b8 CDE90536 		strd	r3, r6, [sp, #20]
  92:Src/gpio.c    ****   HAL_GPIO_Init(GPIOA, &GPIO_InitStruct);
 156              		.loc 1 92 0
 157 00bc CDE90744 		strd	r4, r4, [sp, #28]
 158              		.loc 1 93 0
 159 00c0 FFF7FEFF 		bl	HAL_GPIO_Init
 160              	.LVL5:
  94:Src/gpio.c    **** 
  95:Src/gpio.c    ****   /*Configure GPIO pins : PBPin PBPin */
  96:Src/gpio.c    ****   GPIO_InitStruct.Pin = KEY1_Pin|KEY2_Pin;
 161              		.loc 1 96 0
 162 00c4 0C23     		movs	r3, #12
  97:Src/gpio.c    ****   GPIO_InitStruct.Mode = GPIO_MODE_INPUT;
  98:Src/gpio.c    ****   GPIO_InitStruct.Pull = GPIO_PULLUP;
  99:Src/gpio.c    ****   HAL_GPIO_Init(GPIOB, &GPIO_InitStruct);
 163              		.loc 1 99 0
 164 00c6 05A9     		add	r1, sp, #20
 165 00c8 2846     		mov	r0, r5
  97:Src/gpio.c    ****   GPIO_InitStruct.Mode = GPIO_MODE_INPUT;
 166              		.loc 1 97 0
 167 00ca CDE90534 		strd	r3, r4, [sp, #20]
  98:Src/gpio.c    ****   HAL_GPIO_Init(GPIOB, &GPIO_InitStruct);
 168              		.loc 1 98 0
 169 00ce 0796     		str	r6, [sp, #28]
ARM GAS  C:\Users\LuckyE\AppData\Local\Temp\cc4cggMa.s 			page 6


 170              		.loc 1 99 0
 171 00d0 FFF7FEFF 		bl	HAL_GPIO_Init
 172              	.LVL6:
 100:Src/gpio.c    **** 
 101:Src/gpio.c    ****   /*Configure GPIO pins : PBPin PBPin PBPin */
 102:Src/gpio.c    ****   GPIO_InitStruct.Pin = USER_GPIO1_Pin|LCD_POWER_Pin|E53_GPIO2_Pin|E53_GPIO3_Pin;
 173              		.loc 1 102 0
 174 00d4 4FF41343 		mov	r3, #37632
 103:Src/gpio.c    ****   GPIO_InitStruct.Mode = GPIO_MODE_OUTPUT_PP;
 104:Src/gpio.c    ****   GPIO_InitStruct.Pull = GPIO_NOPULL;
 105:Src/gpio.c    ****   GPIO_InitStruct.Speed = GPIO_SPEED_FREQ_LOW;
 106:Src/gpio.c    ****   HAL_GPIO_Init(GPIOB, &GPIO_InitStruct);
 175              		.loc 1 106 0
 176 00d8 05A9     		add	r1, sp, #20
 177 00da 2846     		mov	r0, r5
 103:Src/gpio.c    ****   GPIO_InitStruct.Mode = GPIO_MODE_OUTPUT_PP;
 178              		.loc 1 103 0
 179 00dc CDE90536 		strd	r3, r6, [sp, #20]
 105:Src/gpio.c    ****   HAL_GPIO_Init(GPIOB, &GPIO_InitStruct);
 180              		.loc 1 105 0
 181 00e0 CDE90744 		strd	r4, r4, [sp, #28]
 182              		.loc 1 106 0
 183 00e4 FFF7FEFF 		bl	HAL_GPIO_Init
 184              	.LVL7:
 107:Src/gpio.c    **** 
 108:Src/gpio.c    ****   /*Configure GPIO pin : PtPin */
 109:Src/gpio.c    ****   GPIO_InitStruct.Pin = WAN_RI_Pin;
 185              		.loc 1 109 0
 186 00e8 4FF48043 		mov	r3, #16384
 110:Src/gpio.c    ****   GPIO_InitStruct.Mode = GPIO_MODE_INPUT;
 111:Src/gpio.c    ****   GPIO_InitStruct.Pull = GPIO_NOPULL;
 112:Src/gpio.c    ****   HAL_GPIO_Init(WAN_RI_GPIO_Port, &GPIO_InitStruct);
 187              		.loc 1 112 0
 188 00ec 05A9     		add	r1, sp, #20
 189 00ee 2846     		mov	r0, r5
 110:Src/gpio.c    ****   GPIO_InitStruct.Mode = GPIO_MODE_INPUT;
 190              		.loc 1 110 0
 191 00f0 CDE90534 		strd	r3, r4, [sp, #20]
 111:Src/gpio.c    ****   HAL_GPIO_Init(WAN_RI_GPIO_Port, &GPIO_InitStruct);
 192              		.loc 1 111 0
 193 00f4 0794     		str	r4, [sp, #28]
 194              		.loc 1 112 0
 195 00f6 FFF7FEFF 		bl	HAL_GPIO_Init
 196              	.LVL8:
 113:Src/gpio.c    **** 
 114:Src/gpio.c    ****   /* EXTI interrupt init*/
 115:Src/gpio.c    ****   // HAL_NVIC_SetPriority(EXTI2_IRQn, 0, 0);
 116:Src/gpio.c    ****   // HAL_NVIC_EnableIRQ(EXTI2_IRQn);
 117:Src/gpio.c    **** 
 118:Src/gpio.c    ****   // HAL_NVIC_SetPriority(EXTI3_IRQn, 0, 0);
 119:Src/gpio.c    ****   // HAL_NVIC_EnableIRQ(EXTI3_IRQn);
 120:Src/gpio.c    **** 	
 121:Src/gpio.c    **** }
 197              		.loc 1 121 0
 198 00fa 0BB0     		add	sp, sp, #44
 199              	.LCFI2:
 200              		.cfi_def_cfa_offset 20
ARM GAS  C:\Users\LuckyE\AppData\Local\Temp\cc4cggMa.s 			page 7


 201              		@ sp needed
 202 00fc F0BD     		pop	{r4, r5, r6, r7, pc}
 203              	.L3:
 204 00fe 00BF     		.align	2
 205              	.L2:
 206 0100 00100240 		.word	1073876992
 207 0104 00080048 		.word	1207961600
 208 0108 00040048 		.word	1207960576
 209              		.cfi_endproc
 210              	.LFE287:
 212              		.text
 213              	.Letext0:
 214              		.file 2 "c:\\bearpi\\developtools\\gnu tools arm embedded\\7 2018-q2-update\\arm-none-eabi\\includ
 215              		.file 3 "c:\\bearpi\\developtools\\gnu tools arm embedded\\7 2018-q2-update\\arm-none-eabi\\includ
 216              		.file 4 "c:\\bearpi\\developtools\\gnu tools arm embedded\\7 2018-q2-update\\arm-none-eabi\\includ
 217              		.file 5 "c:\\bearpi\\developtools\\gnu tools arm embedded\\7 2018-q2-update\\lib\\gcc\\arm-none-ea
 218              		.file 6 "c:\\bearpi\\developtools\\gnu tools arm embedded\\7 2018-q2-update\\arm-none-eabi\\includ
 219              		.file 7 "../../iot_link/os/liteos/include/los_typedef.h"
 220              		.file 8 "c:\\bearpi\\developtools\\gnu tools arm embedded\\7 2018-q2-update\\arm-none-eabi\\includ
 221              		.file 9 "../../iot_link/os/liteos/arch/arm/common/cmsis/core_cm4.h"
 222              		.file 10 "D:/File/bearpi_liteos/bearpi-iot_std_liteos-master/targets/STM32L431_BearPi/Inc/system_s
 223              		.file 11 "D:/File/bearpi_liteos/bearpi-iot_std_liteos-master/targets/STM32L431_BearPi/Inc/stm32l43
 224              		.file 12 "../../drivers/third_party/ST/STM32L4xx_HAL_Driver/Inc/stm32l4xx_hal_gpio.h"
 225              		.file 13 "../../iot_link/os/liteos/include/los_config.h"
 226              		.file 14 "../../iot_link/os/liteos/include/los_err.h"
 227              		.file 15 "../../iot_link/os/liteos/arch/arm/arm-m/include/los_hwi.h"
 228              		.file 16 "<built-in>"
ARM GAS  C:\Users\LuckyE\AppData\Local\Temp\cc4cggMa.s 			page 8


DEFINED SYMBOLS
                            *ABS*:00000000 gpio.c
C:\Users\LuckyE\AppData\Local\Temp\cc4cggMa.s:18     .text.MX_GPIO_Init:00000000 $t
C:\Users\LuckyE\AppData\Local\Temp\cc4cggMa.s:25     .text.MX_GPIO_Init:00000000 MX_GPIO_Init
C:\Users\LuckyE\AppData\Local\Temp\cc4cggMa.s:206    .text.MX_GPIO_Init:00000100 $d

UNDEFINED SYMBOLS
memset
HAL_GPIO_WritePin
HAL_GPIO_Init
