ARM GAS  C:\Users\LuckyE\AppData\Local\Temp\ccZgTwHB.s 			page 1


   1              		.cpu cortex-m4
   2              		.eabi_attribute 27, 1
   3              		.eabi_attribute 28, 1
   4              		.eabi_attribute 20, 1
   5              		.eabi_attribute 21, 1
   6              		.eabi_attribute 23, 3
   7              		.eabi_attribute 24, 1
   8              		.eabi_attribute 25, 1
   9              		.eabi_attribute 26, 1
  10              		.eabi_attribute 30, 4
  11              		.eabi_attribute 34, 1
  12              		.eabi_attribute 18, 4
  13              		.file	"main.c"
  14              		.text
  15              	.Ltext0:
  16              		.cfi_sections	.debug_frame
  17              		.section	.text.HardWare_Init,"ax",%progbits
  18              		.align	1
  19              		.global	HardWare_Init
  20              		.syntax unified
  21              		.thumb
  22              		.thumb_func
  23              		.fpu fpv4-sp-d16
  25              	HardWare_Init:
  26              	.LFB314:
  27              		.file 1 "Src/main.c"
   1:Src/main.c    **** /*----------------------------------------------------------------------------
   2:Src/main.c    ****  * Copyright (c) <2016-2018>, <Huawei Technologies Co., Ltd>
   3:Src/main.c    ****  * All rights reserved.
   4:Src/main.c    ****  * Redistribution and use in source and binary forms, with or without modification,
   5:Src/main.c    ****  * are permitted provided that the following conditions are met:
   6:Src/main.c    ****  * 1. Redistributions of source code must retain the above copyright notice, this list of
   7:Src/main.c    ****  * conditions and the following disclaimer.
   8:Src/main.c    ****  * 2. Redistributions in binary form must reproduce the above copyright notice, this list
   9:Src/main.c    ****  * of conditions and the following disclaimer in the documentation and/or other materials
  10:Src/main.c    ****  * provided with the distribution.
  11:Src/main.c    ****  * 3. Neither the name of the copyright holder nor the names of its contributors may be used
  12:Src/main.c    ****  * to endorse or promote products derived from this software without specific prior written
  13:Src/main.c    ****  * permission.
  14:Src/main.c    ****  * THIS SOFTWARE IS PROVIDED BY THE COPYRIGHT HOLDERS AND CONTRIBUTORS
  15:Src/main.c    ****  * "AS IS" AND ANY EXPRESS OR IMPLIED WARRANTIES, INCLUDING, BUT NOT LIMITED TO,
  16:Src/main.c    ****  * THE IMPLIED WARRANTIES OF MERCHANTABILITY AND FITNESS FOR A PARTICULAR
  17:Src/main.c    ****  * PURPOSE ARE DISCLAIMED. IN NO EVENT SHALL THE COPYRIGHT HOLDER OR
  18:Src/main.c    ****  * CONTRIBUTORS BE LIABLE FOR ANY DIRECT, INDIRECT, INCIDENTAL, SPECIAL,
  19:Src/main.c    ****  * EXEMPLARY, OR CONSEQUENTIAL DAMAGES (INCLUDING, BUT NOT LIMITED TO,
  20:Src/main.c    ****  * PROCUREMENT OF SUBSTITUTE GOODS OR SERVICES; LOSS OF USE, DATA, OR PROFITS;
  21:Src/main.c    ****  * OR BUSINESS INTERRUPTION) HOWEVER CAUSED AND ON ANY THEORY OF LIABILITY,
  22:Src/main.c    ****  * WHETHER IN CONTRACT, STRICT LIABILITY, OR TORT (INCLUDING NEGLIGENCE OR
  23:Src/main.c    ****  * OTHERWISE) ARISING IN ANY WAY OUT OF THE USE OF THIS SOFTWARE, EVEN IF
  24:Src/main.c    ****  * ADVISED OF THE POSSIBILITY OF SUCH DAMAGE.
  25:Src/main.c    ****  *---------------------------------------------------------------------------*/
  26:Src/main.c    **** /*----------------------------------------------------------------------------
  27:Src/main.c    ****  * Notice of Export Control Law
  28:Src/main.c    ****  * ===============================================
  29:Src/main.c    ****  * Huawei LiteOS may be subject to applicable export control laws and regulations, which might
  30:Src/main.c    ****  * include those applicable to Huawei LiteOS of U.S. and the country in which you are located.
  31:Src/main.c    ****  * Import, export and usage of Huawei LiteOS in any manner by you shall be in compliance with such
ARM GAS  C:\Users\LuckyE\AppData\Local\Temp\ccZgTwHB.s 			page 2


  32:Src/main.c    ****  * applicable export control laws and regulations.
  33:Src/main.c    ****  *---------------------------------------------------------------------------*/
  34:Src/main.c    **** #include "main.h"
  35:Src/main.c    **** #include "sys_init.h"
  36:Src/main.c    **** #include "mem.h"
  37:Src/main.c    **** 
  38:Src/main.c    **** #include "los_base.h"
  39:Src/main.c    **** #include "los_task.ph"
  40:Src/main.c    **** #include "los_typedef.h"
  41:Src/main.c    **** #include "los_sys.h"
  42:Src/main.c    **** 
  43:Src/main.c    **** #if defined (__CC_ARM)
  44:Src/main.c    **** extern char Image$$RW_IRAM1$$ZI$$Limit [];
  45:Src/main.c    **** extern char Image$$ARM_LIB_STACKHEAP$$Base [];
  46:Src/main.c    **** #elif defined (__GNUC__)
  47:Src/main.c    **** extern char __los_heap_addr_start__ [];
  48:Src/main.c    **** extern char __los_heap_addr_end__ [];
  49:Src/main.c    **** #else
  50:Src/main.c    **** #error "fix me"
  51:Src/main.c    **** #endif
  52:Src/main.c    **** 
  53:Src/main.c    **** const struct phys_mem system_phys_mem [] =
  54:Src/main.c    ****     {
  55:Src/main.c    **** #if defined (__CC_ARM)
  56:Src/main.c    ****         { Image$$RW_IRAM1$$ZI$$Limit, Image$$ARM_LIB_STACKHEAP$$Base },
  57:Src/main.c    **** #elif defined (__GNUC__)
  58:Src/main.c    ****         {(unsigned long) __los_heap_addr_start__,(unsigned long) __los_heap_addr_end__ },
  59:Src/main.c    **** #else
  60:Src/main.c    **** #error "fix me"
  61:Src/main.c    **** #endif
  62:Src/main.c    ****         { 0, 0 }
  63:Src/main.c    ****     };
  64:Src/main.c    **** 
  65:Src/main.c    **** VOID HardWare_Init(VOID)
  66:Src/main.c    **** {
  28              		.loc 1 66 0
  29              		.cfi_startproc
  30              		@ args = 0, pretend = 0, frame = 0
  31              		@ frame_needed = 0, uses_anonymous_args = 0
  32 0000 13B5     		push	{r0, r1, r4, lr}
  33              	.LCFI0:
  34              		.cfi_def_cfa_offset 16
  35              		.cfi_offset 4, -8
  36              		.cfi_offset 14, -4
  67:Src/main.c    **** 	HAL_Init();
  68:Src/main.c    **** 	/* Configure the system clock */
  69:Src/main.c    **** 	SystemClock_Config();
  70:Src/main.c    ****     PeriphCommonClock_Config();
  71:Src/main.c    ****     MX_GPIO_Init();
  72:Src/main.c    ****     MX_DMA_Init();
  73:Src/main.c    ****     MX_USART2_UART_Init();
  74:Src/main.c    ****     MX_USART3_UART_Init();
  75:Src/main.c    ****     MX_QUADSPI_Init();
  76:Src/main.c    ****     // MX_SDMMC1_SD_Init();
  77:Src/main.c    ****     MX_I2C1_Init();
  78:Src/main.c    ****     MX_I2C3_Init();
  79:Src/main.c    ****     MX_USART1_UART_Init();
ARM GAS  C:\Users\LuckyE\AppData\Local\Temp\ccZgTwHB.s 			page 3


  80:Src/main.c    ****     MX_SPI1_Init();
  81:Src/main.c    ****     MX_SPI2_Init();
  82:Src/main.c    ****     MX_SPI3_Init();
  83:Src/main.c    ****     MX_ADC1_Init();
  84:Src/main.c    ****     MX_DAC1_Init();
  85:Src/main.c    ****     MX_TIM16_Init();
  86:Src/main.c    ****   
  87:Src/main.c    ****     LOS_HwiCreate(DMA1_Channel1_IRQn, 7, 0, DMA1_Channel1_IRQHandler, 0);	//创建中断
  37              		.loc 1 87 0
  38 0002 0024     		movs	r4, #0
  67:Src/main.c    **** 	HAL_Init();
  39              		.loc 1 67 0
  40 0004 FFF7FEFF 		bl	HAL_Init
  41              	.LVL0:
  69:Src/main.c    ****     PeriphCommonClock_Config();
  42              		.loc 1 69 0
  43 0008 FFF7FEFF 		bl	SystemClock_Config
  44              	.LVL1:
  70:Src/main.c    ****     MX_GPIO_Init();
  45              		.loc 1 70 0
  46 000c FFF7FEFF 		bl	PeriphCommonClock_Config
  47              	.LVL2:
  71:Src/main.c    ****     MX_DMA_Init();
  48              		.loc 1 71 0
  49 0010 FFF7FEFF 		bl	MX_GPIO_Init
  50              	.LVL3:
  72:Src/main.c    ****     MX_USART2_UART_Init();
  51              		.loc 1 72 0
  52 0014 FFF7FEFF 		bl	MX_DMA_Init
  53              	.LVL4:
  73:Src/main.c    ****     MX_USART3_UART_Init();
  54              		.loc 1 73 0
  55 0018 FFF7FEFF 		bl	MX_USART2_UART_Init
  56              	.LVL5:
  74:Src/main.c    ****     MX_QUADSPI_Init();
  57              		.loc 1 74 0
  58 001c FFF7FEFF 		bl	MX_USART3_UART_Init
  59              	.LVL6:
  75:Src/main.c    ****     // MX_SDMMC1_SD_Init();
  60              		.loc 1 75 0
  61 0020 FFF7FEFF 		bl	MX_QUADSPI_Init
  62              	.LVL7:
  77:Src/main.c    ****     MX_I2C3_Init();
  63              		.loc 1 77 0
  64 0024 FFF7FEFF 		bl	MX_I2C1_Init
  65              	.LVL8:
  78:Src/main.c    ****     MX_USART1_UART_Init();
  66              		.loc 1 78 0
  67 0028 FFF7FEFF 		bl	MX_I2C3_Init
  68              	.LVL9:
  79:Src/main.c    ****     MX_SPI1_Init();
  69              		.loc 1 79 0
  70 002c FFF7FEFF 		bl	MX_USART1_UART_Init
  71              	.LVL10:
  80:Src/main.c    ****     MX_SPI2_Init();
  72              		.loc 1 80 0
  73 0030 FFF7FEFF 		bl	MX_SPI1_Init
ARM GAS  C:\Users\LuckyE\AppData\Local\Temp\ccZgTwHB.s 			page 4


  74              	.LVL11:
  81:Src/main.c    ****     MX_SPI3_Init();
  75              		.loc 1 81 0
  76 0034 FFF7FEFF 		bl	MX_SPI2_Init
  77              	.LVL12:
  82:Src/main.c    ****     MX_ADC1_Init();
  78              		.loc 1 82 0
  79 0038 FFF7FEFF 		bl	MX_SPI3_Init
  80              	.LVL13:
  83:Src/main.c    ****     MX_DAC1_Init();
  81              		.loc 1 83 0
  82 003c FFF7FEFF 		bl	MX_ADC1_Init
  83              	.LVL14:
  84:Src/main.c    ****     MX_TIM16_Init();
  84              		.loc 1 84 0
  85 0040 FFF7FEFF 		bl	MX_DAC1_Init
  86              	.LVL15:
  85:Src/main.c    ****   
  87              		.loc 1 85 0
  88 0044 FFF7FEFF 		bl	MX_TIM16_Init
  89              	.LVL16:
  90              		.loc 1 87 0
  91 0048 0094     		str	r4, [sp]
  92 004a 2246     		mov	r2, r4
  93 004c 1B4B     		ldr	r3, .L2
  94 004e 0721     		movs	r1, #7
  95 0050 0B20     		movs	r0, #11
  96 0052 FFF7FEFF 		bl	LOS_HwiCreate
  97              	.LVL17:
  88:Src/main.c    ****     LOS_HwiCreate(USART3_IRQn, 7,0,USART3_IRQHandler,0);	//创建中断
  98              		.loc 1 88 0
  99 0056 2246     		mov	r2, r4
 100 0058 0721     		movs	r1, #7
 101 005a 0094     		str	r4, [sp]
 102 005c 184B     		ldr	r3, .L2+4
 103 005e 2720     		movs	r0, #39
 104 0060 FFF7FEFF 		bl	LOS_HwiCreate
 105              	.LVL18:
  89:Src/main.c    ****     dwt_delay_init(SystemCoreClock);
 106              		.loc 1 89 0
 107 0064 174B     		ldr	r3, .L2+8
 108 0066 1868     		ldr	r0, [r3]
 109 0068 FFF7FEFF 		bl	dwt_delay_init
 110              	.LVL19:
  90:Src/main.c    **** 	LCD_Init();					
 111              		.loc 1 90 0
 112 006c FFF7FEFF 		bl	LCD_Init
 113              	.LVL20:
  91:Src/main.c    **** 	LCD_Clear(BLACK);
 114              		.loc 1 91 0
 115 0070 2046     		mov	r0, r4
 116 0072 FFF7FEFF 		bl	LCD_Clear
 117              	.LVL21:
  92:Src/main.c    **** 	POINT_COLOR = GREEN;
 118              		.loc 1 92 0
 119 0076 144B     		ldr	r3, .L2+12
 120 0078 4FF4FC62 		mov	r2, #2016
ARM GAS  C:\Users\LuckyE\AppData\Local\Temp\ccZgTwHB.s 			page 5


 121 007c 1A80     		strh	r2, [r3]	@ movhi
  93:Src/main.c    **** 	LCD_ShowString(10, 50, 240, 24, 24, "Welcome to BearPi!");
 122              		.loc 1 93 0
 123 007e 134B     		ldr	r3, .L2+16
 124 0080 0193     		str	r3, [sp, #4]
 125 0082 1823     		movs	r3, #24
 126 0084 0093     		str	r3, [sp]
 127 0086 F022     		movs	r2, #240
 128 0088 3221     		movs	r1, #50
 129 008a 0A20     		movs	r0, #10
 130 008c FFF7FEFF 		bl	LCD_ShowString
 131              	.LVL22:
  94:Src/main.c    **** 	LCD_ShowString(20, 90, 240, 16, 16, "BearPi-IoT Develop Board");
 132              		.loc 1 94 0
 133 0090 1024     		movs	r4, #16
 134 0092 0F4B     		ldr	r3, .L2+20
 135 0094 0193     		str	r3, [sp, #4]
 136 0096 0094     		str	r4, [sp]
 137 0098 2346     		mov	r3, r4
 138 009a F022     		movs	r2, #240
 139 009c 5A21     		movs	r1, #90
 140 009e 1420     		movs	r0, #20
 141 00a0 FFF7FEFF 		bl	LCD_ShowString
 142              	.LVL23:
  95:Src/main.c    **** 	LCD_ShowString(20, 130, 240, 16, 16, "Powerd by Huawei LiteOS!");
 143              		.loc 1 95 0
 144 00a4 0B4B     		ldr	r3, .L2+24
 145 00a6 F022     		movs	r2, #240
 146 00a8 CDE90043 		strd	r4, r3, [sp]
 147 00ac 8221     		movs	r1, #130
 148 00ae 2346     		mov	r3, r4
 149 00b0 1420     		movs	r0, #20
 150 00b2 FFF7FEFF 		bl	LCD_ShowString
 151              	.LVL24:
  96:Src/main.c    **** //	LCD_ShowString(30, 170, 240, 16, 16, "Connecting NET......");
  97:Src/main.c    **** }
 152              		.loc 1 97 0
 153 00b6 02B0     		add	sp, sp, #8
 154              	.LCFI1:
 155              		.cfi_def_cfa_offset 8
 156              		@ sp needed
 157 00b8 10BD     		pop	{r4, pc}
 158              	.L3:
 159 00ba 00BF     		.align	2
 160              	.L2:
 161 00bc 00000000 		.word	DMA1_Channel1_IRQHandler
 162 00c0 00000000 		.word	USART3_IRQHandler
 163 00c4 00000000 		.word	SystemCoreClock
 164 00c8 00000000 		.word	POINT_COLOR
 165 00cc 00000000 		.word	.LC0
 166 00d0 13000000 		.word	.LC1
 167 00d4 2C000000 		.word	.LC2
 168              		.cfi_endproc
 169              	.LFE314:
 171              		.section	.text.startup.main,"ax",%progbits
 172              		.align	1
 173              		.global	main
ARM GAS  C:\Users\LuckyE\AppData\Local\Temp\ccZgTwHB.s 			page 6


 174              		.syntax unified
 175              		.thumb
 176              		.thumb_func
 177              		.fpu fpv4-sp-d16
 179              	main:
 180              	.LFB316:
  98:Src/main.c    **** 
  99:Src/main.c    **** extern int link_main(void *args);
 100:Src/main.c    **** static int link_test()
 101:Src/main.c    **** {
 102:Src/main.c    ****     int ret = -1;
 103:Src/main.c    ****     UINT32 uwRet = LOS_OK;
 104:Src/main.c    ****     UINT32  handle;
 105:Src/main.c    ****     TSK_INIT_PARAM_S task_init_param;
 106:Src/main.c    **** 
 107:Src/main.c    ****     memset (&task_init_param, 0, sizeof (TSK_INIT_PARAM_S));
 108:Src/main.c    ****     task_init_param.uwArg = (unsigned int)NULL;
 109:Src/main.c    ****     task_init_param.usTaskPrio = 2;
 110:Src/main.c    ****     task_init_param.pcName =(char *) "link_main";
 111:Src/main.c    ****     task_init_param.pfnTaskEntry = (TSK_ENTRY_FUNC)link_main;
 112:Src/main.c    ****     task_init_param.uwStackSize = 0x1000;
 113:Src/main.c    ****     uwRet = LOS_TaskCreate(&handle, &task_init_param);
 114:Src/main.c    ****     if(LOS_OK == uwRet){
 115:Src/main.c    ****         ret = 0;
 116:Src/main.c    ****     }
 117:Src/main.c    ****     return ret;
 118:Src/main.c    **** }
 119:Src/main.c    **** 
 120:Src/main.c    **** int main(void)
 121:Src/main.c    **** {
 181              		.loc 1 121 0
 182              		.cfi_startproc
 183              		@ args = 0, pretend = 0, frame = 32
 184              		@ frame_needed = 0, uses_anonymous_args = 0
 185              	.LVL25:
 186 0000 10B5     		push	{r4, lr}
 187              	.LCFI2:
 188              		.cfi_def_cfa_offset 8
 189              		.cfi_offset 4, -8
 190              		.cfi_offset 14, -4
 191 0002 88B0     		sub	sp, sp, #32
 192              	.LCFI3:
 193              		.cfi_def_cfa_offset 40
 122:Src/main.c    ****     UINT32 uwRet = LOS_OK;
 123:Src/main.c    ****     HardWare_Init();
 194              		.loc 1 123 0
 195 0004 FFF7FEFF 		bl	HardWare_Init
 196              	.LVL26:
 124:Src/main.c    ****     uwRet = LOS_KernelInit();
 197              		.loc 1 124 0
 198 0008 FFF7FEFF 		bl	LOS_KernelInit
 199              	.LVL27:
 125:Src/main.c    ****     if (uwRet != LOS_OK)
 200              		.loc 1 125 0
 201 000c 0446     		mov	r4, r0
 202 000e E0B9     		cbnz	r0, .L6
 126:Src/main.c    ****     {
ARM GAS  C:\Users\LuckyE\AppData\Local\Temp\ccZgTwHB.s 			page 7


 127:Src/main.c    ****         return LOS_NOK;
 128:Src/main.c    ****     }
 129:Src/main.c    **** 
 130:Src/main.c    ****     extern void shell_uart_init(int baud);
 131:Src/main.c    ****     shell_uart_init(115200);
 203              		.loc 1 131 0
 204 0010 4FF4E130 		mov	r0, #115200
 205              	.LVL28:
 206 0014 FFF7FEFF 		bl	shell_uart_init
 207              	.LVL29:
 208              	.LBB4:
 209              	.LBB5:
 107:Src/main.c    ****     task_init_param.uwArg = (unsigned int)NULL;
 210              		.loc 1 107 0
 211 0018 1222     		movs	r2, #18
 212 001a 2146     		mov	r1, r4
 213 001c 0DF10E00 		add	r0, sp, #14
 214 0020 FFF7FEFF 		bl	memset
 215              	.LVL30:
 109:Src/main.c    ****     task_init_param.pcName =(char *) "link_main";
 216              		.loc 1 109 0
 217 0024 0223     		movs	r3, #2
 218 0026 ADF80C30 		strh	r3, [sp, #12]	@ movhi
 110:Src/main.c    ****     task_init_param.pfnTaskEntry = (TSK_ENTRY_FUNC)link_main;
 219              		.loc 1 110 0
 220 002a 094B     		ldr	r3, .L7
 221 002c 0693     		str	r3, [sp, #24]
 111:Src/main.c    ****     task_init_param.uwStackSize = 0x1000;
 222              		.loc 1 111 0
 223 002e 094B     		ldr	r3, .L7+4
 224 0030 0293     		str	r3, [sp, #8]
 113:Src/main.c    ****     if(LOS_OK == uwRet){
 225              		.loc 1 113 0
 226 0032 02A9     		add	r1, sp, #8
 112:Src/main.c    ****     uwRet = LOS_TaskCreate(&handle, &task_init_param);
 227              		.loc 1 112 0
 228 0034 4FF48053 		mov	r3, #4096
 113:Src/main.c    ****     if(LOS_OK == uwRet){
 229              		.loc 1 113 0
 230 0038 01A8     		add	r0, sp, #4
 112:Src/main.c    ****     uwRet = LOS_TaskCreate(&handle, &task_init_param);
 231              		.loc 1 112 0
 232 003a 0593     		str	r3, [sp, #20]
 113:Src/main.c    ****     if(LOS_OK == uwRet){
 233              		.loc 1 113 0
 234 003c FFF7FEFF 		bl	LOS_TaskCreate
 235              	.LVL31:
 236              	.LBE5:
 237              	.LBE4:
 132:Src/main.c    **** 
 133:Src/main.c    ****     link_test();
 134:Src/main.c    **** 
 135:Src/main.c    ****     (void)LOS_Start();
 238              		.loc 1 135 0
 239 0040 FFF7FEFF 		bl	LOS_Start
 240              	.LVL32:
 136:Src/main.c    ****     return 0;
ARM GAS  C:\Users\LuckyE\AppData\Local\Temp\ccZgTwHB.s 			page 8


 241              		.loc 1 136 0
 242 0044 2046     		mov	r0, r4
 243              	.L4:
 137:Src/main.c    **** }
 244              		.loc 1 137 0
 245 0046 08B0     		add	sp, sp, #32
 246              	.LCFI4:
 247              		.cfi_remember_state
 248              		.cfi_def_cfa_offset 8
 249              		@ sp needed
 250 0048 10BD     		pop	{r4, pc}
 251              	.LVL33:
 252              	.L6:
 253              	.LCFI5:
 254              		.cfi_restore_state
 127:Src/main.c    ****     }
 255              		.loc 1 127 0
 256 004a 0120     		movs	r0, #1
 257              	.LVL34:
 258 004c FBE7     		b	.L4
 259              	.L8:
 260 004e 00BF     		.align	2
 261              	.L7:
 262 0050 00000000 		.word	.LC3
 263 0054 00000000 		.word	link_main
 264              		.cfi_endproc
 265              	.LFE316:
 267              		.global	system_phys_mem
 268              		.section	.rodata.HardWare_Init.str1.1,"aMS",%progbits,1
 269              	.LC0:
 270 0000 57656C63 		.ascii	"Welcome to BearPi!\000"
 270      6F6D6520 
 270      746F2042 
 270      65617250 
 270      692100
 271              	.LC1:
 272 0013 42656172 		.ascii	"BearPi-IoT Develop Board\000"
 272      50692D49 
 272      6F542044 
 272      6576656C 
 272      6F702042 
 273              	.LC2:
 274 002c 506F7765 		.ascii	"Powerd by Huawei LiteOS!\000"
 274      72642062 
 274      79204875 
 274      61776569 
 274      204C6974 
 275              		.section	.rodata.main.str1.1,"aMS",%progbits,1
 276              	.LC3:
 277 0000 6C696E6B 		.ascii	"link_main\000"
 277      5F6D6169 
 277      6E00
 278              		.section	.rodata.system_phys_mem,"a",%progbits
 279              		.align	2
 282              	system_phys_mem:
 283 0000 00000000 		.word	__los_heap_addr_start__
 284 0004 00000000 		.word	__los_heap_addr_end__
ARM GAS  C:\Users\LuckyE\AppData\Local\Temp\ccZgTwHB.s 			page 9


 285 0008 00000000 		.word	0
 286 000c 00000000 		.word	0
 287              		.text
 288              	.Letext0:
 289              		.file 2 "c:\\bearpi\\developtools\\gnu tools arm embedded\\7 2018-q2-update\\lib\\gcc\\arm-none-ea
 290              		.file 3 "c:\\bearpi\\developtools\\gnu tools arm embedded\\7 2018-q2-update\\arm-none-eabi\\includ
 291              		.file 4 "c:\\bearpi\\developtools\\gnu tools arm embedded\\7 2018-q2-update\\arm-none-eabi\\includ
 292              		.file 5 "c:\\bearpi\\developtools\\gnu tools arm embedded\\7 2018-q2-update\\arm-none-eabi\\includ
 293              		.file 6 "c:\\bearpi\\developtools\\gnu tools arm embedded\\7 2018-q2-update\\arm-none-eabi\\includ
 294              		.file 7 "../../iot_link/os/liteos/include/los_typedef.h"
 295              		.file 8 "c:\\bearpi\\developtools\\gnu tools arm embedded\\7 2018-q2-update\\arm-none-eabi\\includ
 296              		.file 9 "../../iot_link/os/liteos/arch/arm/common/cmsis/core_cm4.h"
 297              		.file 10 "D:/File/bearpi_liteos/bearpi-iot_std_liteos-master/targets/STM32L431_BearPi/Inc/system_s
 298              		.file 11 "D:/File/bearpi_liteos/bearpi-iot_std_liteos-master/targets/STM32L431_BearPi/Inc/stm32l43
 299              		.file 12 "D:/File/bearpi_liteos/bearpi-iot_std_liteos-master/targets/STM32L431_BearPi/Inc/stm32l4x
 300              		.file 13 "../../drivers/third_party/ST/STM32L4xx_HAL_Driver/Inc/stm32l4xx_hal_def.h"
 301              		.file 14 "../../drivers/third_party/ST/STM32L4xx_HAL_Driver/Inc/stm32l4xx_hal_dma.h"
 302              		.file 15 "../../drivers/third_party/ST/STM32L4xx_HAL_Driver/Inc/stm32l4xx_hal_adc.h"
 303              		.file 16 "../../drivers/third_party/ST/STM32L4xx_HAL_Driver/Inc/stm32l4xx_hal_dac.h"
 304              		.file 17 "../../drivers/third_party/ST/STM32L4xx_HAL_Driver/Inc/stm32l4xx_hal_i2c.h"
 305              		.file 18 "../../drivers/third_party/ST/STM32L4xx_HAL_Driver/Inc/stm32l4xx_hal_qspi.h"
 306              		.file 19 "../../drivers/third_party/ST/STM32L4xx_HAL_Driver/Inc/stm32l4xx_ll_sdmmc.h"
 307              		.file 20 "../../drivers/third_party/ST/STM32L4xx_HAL_Driver/Inc/stm32l4xx_hal_sd.h"
 308              		.file 21 "../../drivers/third_party/ST/STM32L4xx_HAL_Driver/Inc/stm32l4xx_hal_spi.h"
 309              		.file 22 "../../drivers/third_party/ST/STM32L4xx_HAL_Driver/Inc/stm32l4xx_hal_tim.h"
 310              		.file 23 "../../drivers/third_party/ST/STM32L4xx_HAL_Driver/Inc/stm32l4xx_hal_uart.h"
 311              		.file 24 "../../iot_link/os/liteos/include/los_config.h"
 312              		.file 25 "../../iot_link/os/liteos/include/los_list.h"
 313              		.file 26 "../../iot_link/os/liteos/include/los_err.h"
 314              		.file 27 "../../iot_link/os/liteos/arch/arm/arm-m/include/los_hwi.h"
 315              		.file 28 "../../iot_link/os/liteos/include/los_event.h"
 316              		.file 29 "../../iot_link/os/liteos/include/los_tick.h"
 317              		.file 30 "../../iot_link/os/liteos/include/los_task.h"
 318              		.file 31 "../../iot_link/os/liteos/base/include/los_task.ph"
 319              		.file 32 "../../iot_link/os/liteos/base/include/los_slab.ph"
 320              		.file 33 "../../iot_link/os/liteos/include/los_memory.h"
 321              		.file 34 "../../iot_link/os/liteos/base/include/los_queue.ph"
 322              		.file 35 "c:\\bearpi\\developtools\\gnu tools arm embedded\\7 2018-q2-update\\arm-none-eabi\\inclu
 323              		.file 36 "D:/File/bearpi_liteos/bearpi-iot_std_liteos-master/targets/STM32L431_BearPi/Inc/usart.h"
 324              		.file 37 "D:/File/bearpi_liteos/bearpi-iot_std_liteos-master/targets/STM32L431_BearPi/Inc/adc.h"
 325              		.file 38 "D:/File/bearpi_liteos/bearpi-iot_std_liteos-master/targets/STM32L431_BearPi/Inc/dac.h"
 326              		.file 39 "D:/File/bearpi_liteos/bearpi-iot_std_liteos-master/targets/STM32L431_BearPi/Inc/i2c.h"
 327              		.file 40 "D:/File/bearpi_liteos/bearpi-iot_std_liteos-master/targets/STM32L431_BearPi/Inc/quadspi.
 328              		.file 41 "D:/File/bearpi_liteos/bearpi-iot_std_liteos-master/targets/STM32L431_BearPi/Inc/sdmmc.h"
 329              		.file 42 "D:/File/bearpi_liteos/bearpi-iot_std_liteos-master/targets/STM32L431_BearPi/Inc/spi.h"
 330              		.file 43 "D:/File/bearpi_liteos/bearpi-iot_std_liteos-master/targets/STM32L431_BearPi/Inc/tim.h"
 331              		.file 44 "D:/File/bearpi_liteos/bearpi-iot_std_liteos-master/targets/STM32L431_BearPi/Hardware/LCD
 332              		.file 45 "../../iot_link/os/liteos/include/list.h"
 333              		.file 46 "../../iot_link/os/liteos/base/include/chunk.h"
 334              		.file 47 "../../iot_link/os/liteos/base/include/cm-tlsf.h"
 335              		.file 48 "../../iot_link/os/liteos/base/include/heap.h"
 336              		.file 49 "../../iot_link/os/liteos/base/include/mem.h"
 337              		.file 50 "../../iot_link/os/liteos/include/los_base.h"
 338              		.file 51 "../../drivers/third_party/ST/STM32L4xx_HAL_Driver/Inc/stm32l4xx_hal.h"
 339              		.file 52 "D:/File/bearpi_liteos/bearpi-iot_std_liteos-master/targets/STM32L431_BearPi/Inc/sys_init
 340              		.file 53 "D:/File/bearpi_liteos/bearpi-iot_std_liteos-master/targets/STM32L431_BearPi/Inc/gpio.h"
 341              		.file 54 "D:/File/bearpi_liteos/bearpi-iot_std_liteos-master/targets/STM32L431_BearPi/Inc/dma.h"
ARM GAS  C:\Users\LuckyE\AppData\Local\Temp\ccZgTwHB.s 			page 10


 342              		.file 55 "D:/File/bearpi_liteos/bearpi-iot_std_liteos-master/targets/STM32L431_BearPi/Inc/dwt.h"
 343              		.file 56 "<built-in>"
ARM GAS  C:\Users\LuckyE\AppData\Local\Temp\ccZgTwHB.s 			page 11


DEFINED SYMBOLS
                            *ABS*:00000000 main.c
C:\Users\LuckyE\AppData\Local\Temp\ccZgTwHB.s:18     .text.HardWare_Init:00000000 $t
C:\Users\LuckyE\AppData\Local\Temp\ccZgTwHB.s:25     .text.HardWare_Init:00000000 HardWare_Init
C:\Users\LuckyE\AppData\Local\Temp\ccZgTwHB.s:161    .text.HardWare_Init:000000bc $d
C:\Users\LuckyE\AppData\Local\Temp\ccZgTwHB.s:172    .text.startup.main:00000000 $t
C:\Users\LuckyE\AppData\Local\Temp\ccZgTwHB.s:179    .text.startup.main:00000000 main
C:\Users\LuckyE\AppData\Local\Temp\ccZgTwHB.s:262    .text.startup.main:00000050 $d
C:\Users\LuckyE\AppData\Local\Temp\ccZgTwHB.s:282    .rodata.system_phys_mem:00000000 system_phys_mem
C:\Users\LuckyE\AppData\Local\Temp\ccZgTwHB.s:279    .rodata.system_phys_mem:00000000 $d

UNDEFINED SYMBOLS
HAL_Init
SystemClock_Config
PeriphCommonClock_Config
MX_GPIO_Init
MX_DMA_Init
MX_USART2_UART_Init
MX_USART3_UART_Init
MX_QUADSPI_Init
MX_I2C1_Init
MX_I2C3_Init
MX_USART1_UART_Init
MX_SPI1_Init
MX_SPI2_Init
MX_SPI3_Init
MX_ADC1_Init
MX_DAC1_Init
MX_TIM16_Init
LOS_HwiCreate
dwt_delay_init
LCD_Init
LCD_Clear
LCD_ShowString
DMA1_Channel1_IRQHandler
USART3_IRQHandler
SystemCoreClock
POINT_COLOR
LOS_KernelInit
shell_uart_init
memset
LOS_TaskCreate
LOS_Start
link_main
__los_heap_addr_start__
__los_heap_addr_end__
