ARM GAS  C:\Users\LuckyE\AppData\Local\Temp\ccY8Q4sH.s 			page 1


   1              		.cpu cortex-m4
   2              		.eabi_attribute 27, 1
   3              		.eabi_attribute 28, 1
   4              		.eabi_attribute 20, 1
   5              		.eabi_attribute 21, 1
   6              		.eabi_attribute 23, 3
   7              		.eabi_attribute 24, 1
   8              		.eabi_attribute 25, 1
   9              		.eabi_attribute 26, 1
  10              		.eabi_attribute 30, 4
  11              		.eabi_attribute 34, 1
  12              		.eabi_attribute 18, 4
  13              		.file	"sdmmc.c"
  14              		.text
  15              	.Ltext0:
  16              		.cfi_sections	.debug_frame
  17              		.section	.text.MX_SDMMC1_SD_Init,"ax",%progbits
  18              		.align	1
  19              		.global	MX_SDMMC1_SD_Init
  20              		.syntax unified
  21              		.thumb
  22              		.thumb_func
  23              		.fpu fpv4-sp-d16
  25              	MX_SDMMC1_SD_Init:
  26              	.LFB287:
  27              		.file 1 "Src/sdmmc.c"
   1:Src/sdmmc.c   **** /**
   2:Src/sdmmc.c   ****   ******************************************************************************
   3:Src/sdmmc.c   ****   * @file    sdmmc.c
   4:Src/sdmmc.c   ****   * @brief   This file provides code for the configuration
   5:Src/sdmmc.c   ****   *          of the SDMMC instances.
   6:Src/sdmmc.c   ****   ******************************************************************************
   7:Src/sdmmc.c   ****   * @attention
   8:Src/sdmmc.c   ****   *
   9:Src/sdmmc.c   ****   * <h2><center>&copy; Copyright (c) 2022 STMicroelectronics.
  10:Src/sdmmc.c   ****   * All rights reserved.</center></h2>
  11:Src/sdmmc.c   ****   *
  12:Src/sdmmc.c   ****   * This software component is licensed by ST under BSD 3-Clause license,
  13:Src/sdmmc.c   ****   * the "License"; You may not use this file except in compliance with the
  14:Src/sdmmc.c   ****   * License. You may obtain a copy of the License at:
  15:Src/sdmmc.c   ****   *                        opensource.org/licenses/BSD-3-Clause
  16:Src/sdmmc.c   ****   *
  17:Src/sdmmc.c   ****   ******************************************************************************
  18:Src/sdmmc.c   ****   */
  19:Src/sdmmc.c   **** 
  20:Src/sdmmc.c   **** /* Includes ------------------------------------------------------------------*/
  21:Src/sdmmc.c   **** #include "sdmmc.h"
  22:Src/sdmmc.c   **** 
  23:Src/sdmmc.c   **** /* USER CODE BEGIN 0 */
  24:Src/sdmmc.c   **** 
  25:Src/sdmmc.c   **** /* USER CODE END 0 */
  26:Src/sdmmc.c   **** 
  27:Src/sdmmc.c   **** SD_HandleTypeDef hsd1;
  28:Src/sdmmc.c   **** 
  29:Src/sdmmc.c   **** /* SDMMC1 init function */
  30:Src/sdmmc.c   **** 
  31:Src/sdmmc.c   **** void MX_SDMMC1_SD_Init(void)
ARM GAS  C:\Users\LuckyE\AppData\Local\Temp\ccY8Q4sH.s 			page 2


  32:Src/sdmmc.c   **** {
  28              		.loc 1 32 0
  29              		.cfi_startproc
  30              		@ args = 0, pretend = 0, frame = 0
  31              		@ frame_needed = 0, uses_anonymous_args = 0
  32              		@ link register save eliminated.
  33:Src/sdmmc.c   **** 
  34:Src/sdmmc.c   ****   /* USER CODE BEGIN SDMMC1_Init 0 */
  35:Src/sdmmc.c   **** 
  36:Src/sdmmc.c   ****   /* USER CODE END SDMMC1_Init 0 */
  37:Src/sdmmc.c   **** 
  38:Src/sdmmc.c   ****   /* USER CODE BEGIN SDMMC1_Init 1 */
  39:Src/sdmmc.c   **** 
  40:Src/sdmmc.c   ****   /* USER CODE END SDMMC1_Init 1 */
  41:Src/sdmmc.c   ****   hsd1.Instance = SDMMC1;
  33              		.loc 1 41 0
  34 0000 0648     		ldr	r0, .L2
  42:Src/sdmmc.c   ****   hsd1.Init.ClockEdge = SDMMC_CLOCK_EDGE_RISING;
  35              		.loc 1 42 0
  36 0002 074A     		ldr	r2, .L2+4
  37 0004 0023     		movs	r3, #0
  38 0006 C0E90023 		strd	r2, r3, [r0]
  43:Src/sdmmc.c   ****   hsd1.Init.ClockBypass = SDMMC_CLOCK_BYPASS_DISABLE;
  44:Src/sdmmc.c   ****   hsd1.Init.ClockPowerSave = SDMMC_CLOCK_POWER_SAVE_DISABLE;
  39              		.loc 1 44 0
  40 000a C0E90233 		strd	r3, r3, [r0, #8]
  45:Src/sdmmc.c   ****   hsd1.Init.BusWide = SDMMC_BUS_WIDE_1B;
  46:Src/sdmmc.c   ****   hsd1.Init.HardwareFlowControl = SDMMC_HARDWARE_FLOW_CONTROL_DISABLE;
  41              		.loc 1 46 0
  42 000e C0E90433 		strd	r3, r3, [r0, #16]
  47:Src/sdmmc.c   ****   hsd1.Init.ClockDiv = 4;
  43              		.loc 1 47 0
  44 0012 0423     		movs	r3, #4
  45 0014 8361     		str	r3, [r0, #24]
  48:Src/sdmmc.c   ****    if (HAL_SD_Init(&hsd1) != HAL_OK)
  46              		.loc 1 48 0
  47 0016 FFF7FEBF 		b	HAL_SD_Init
  48              	.LVL0:
  49              	.L3:
  50 001a 00BF     		.align	2
  51              	.L2:
  52 001c 00000000 		.word	hsd1
  53 0020 00280140 		.word	1073817600
  54              		.cfi_endproc
  55              	.LFE287:
  57              		.section	.text.HAL_SD_MspInit,"ax",%progbits
  58              		.align	1
  59              		.global	HAL_SD_MspInit
  60              		.syntax unified
  61              		.thumb
  62              		.thumb_func
  63              		.fpu fpv4-sp-d16
  65              	HAL_SD_MspInit:
  66              	.LFB288:
  49:Src/sdmmc.c   ****    {
  50:Src/sdmmc.c   ****     //  Error_Handler();
  51:Src/sdmmc.c   ****    }
ARM GAS  C:\Users\LuckyE\AppData\Local\Temp\ccY8Q4sH.s 			page 3


  52:Src/sdmmc.c   ****   /* USER CODE BEGIN SDMMC1_Init 2 */
  53:Src/sdmmc.c   **** 
  54:Src/sdmmc.c   ****   /* USER CODE END SDMMC1_Init 2 */
  55:Src/sdmmc.c   **** 
  56:Src/sdmmc.c   **** }
  57:Src/sdmmc.c   **** 
  58:Src/sdmmc.c   **** void HAL_SD_MspInit(SD_HandleTypeDef* sdHandle)
  59:Src/sdmmc.c   **** {
  67              		.loc 1 59 0
  68              		.cfi_startproc
  69              		@ args = 0, pretend = 0, frame = 32
  70              		@ frame_needed = 0, uses_anonymous_args = 0
  71              	.LVL1:
  72 0000 70B5     		push	{r4, r5, r6, lr}
  73              	.LCFI0:
  74              		.cfi_def_cfa_offset 16
  75              		.cfi_offset 4, -16
  76              		.cfi_offset 5, -12
  77              		.cfi_offset 6, -8
  78              		.cfi_offset 14, -4
  79 0002 0446     		mov	r4, r0
  80 0004 88B0     		sub	sp, sp, #32
  81              	.LCFI1:
  82              		.cfi_def_cfa_offset 48
  60:Src/sdmmc.c   **** 
  61:Src/sdmmc.c   ****   GPIO_InitTypeDef GPIO_InitStruct = {0};
  83              		.loc 1 61 0
  84 0006 1422     		movs	r2, #20
  85 0008 0021     		movs	r1, #0
  86 000a 03A8     		add	r0, sp, #12
  87              	.LVL2:
  88 000c FFF7FEFF 		bl	memset
  89              	.LVL3:
  62:Src/sdmmc.c   ****   if(sdHandle->Instance==SDMMC1)
  90              		.loc 1 62 0
  91 0010 2268     		ldr	r2, [r4]
  92 0012 224B     		ldr	r3, .L6
  93 0014 9A42     		cmp	r2, r3
  94 0016 3ED1     		bne	.L4
  95              	.LBB2:
  63:Src/sdmmc.c   ****   {
  64:Src/sdmmc.c   ****   /* USER CODE BEGIN SDMMC1_MspInit 0 */
  65:Src/sdmmc.c   **** 
  66:Src/sdmmc.c   ****   /* USER CODE END SDMMC1_MspInit 0 */
  67:Src/sdmmc.c   ****     /* SDMMC1 clock enable */
  68:Src/sdmmc.c   ****     __HAL_RCC_SDMMC1_CLK_ENABLE();
  96              		.loc 1 68 0
  97 0018 03F56843 		add	r3, r3, #59392
  98              	.LBE2:
  69:Src/sdmmc.c   **** 
  70:Src/sdmmc.c   ****     __HAL_RCC_GPIOC_CLK_ENABLE();
  71:Src/sdmmc.c   ****     __HAL_RCC_GPIOD_CLK_ENABLE();
  72:Src/sdmmc.c   ****     /**SDMMC1 GPIO Configuration
  73:Src/sdmmc.c   ****     PC8     ------> SDMMC1_D0
  74:Src/sdmmc.c   ****     PC12     ------> SDMMC1_CK
  75:Src/sdmmc.c   ****     PD2     ------> SDMMC1_CMD
  76:Src/sdmmc.c   ****     */
ARM GAS  C:\Users\LuckyE\AppData\Local\Temp\ccY8Q4sH.s 			page 4


  77:Src/sdmmc.c   ****     GPIO_InitStruct.Pin = GPIO_PIN_8|GPIO_PIN_12;
  78:Src/sdmmc.c   ****     GPIO_InitStruct.Mode = GPIO_MODE_AF_PP;
  79:Src/sdmmc.c   ****     GPIO_InitStruct.Pull = GPIO_NOPULL;
  80:Src/sdmmc.c   ****     GPIO_InitStruct.Speed = GPIO_SPEED_FREQ_VERY_HIGH;
  81:Src/sdmmc.c   ****     GPIO_InitStruct.Alternate = GPIO_AF12_SDMMC1;
  99              		.loc 1 81 0
 100 001c 0C25     		movs	r5, #12
 101              	.LBB3:
  68:Src/sdmmc.c   **** 
 102              		.loc 1 68 0
 103 001e 1A6E     		ldr	r2, [r3, #96]
 104              	.LBE3:
  82:Src/sdmmc.c   ****     HAL_GPIO_Init(GPIOC, &GPIO_InitStruct);
 105              		.loc 1 82 0
 106 0020 1F48     		ldr	r0, .L6+4
 107              	.LBB4:
  68:Src/sdmmc.c   **** 
 108              		.loc 1 68 0
 109 0022 42F48062 		orr	r2, r2, #1024
 110 0026 1A66     		str	r2, [r3, #96]
 111 0028 1A6E     		ldr	r2, [r3, #96]
 112 002a 02F48062 		and	r2, r2, #1024
 113 002e 0092     		str	r2, [sp]
 114 0030 009A     		ldr	r2, [sp]
 115              	.LBE4:
 116              	.LBB5:
  70:Src/sdmmc.c   ****     __HAL_RCC_GPIOD_CLK_ENABLE();
 117              		.loc 1 70 0
 118 0032 DA6C     		ldr	r2, [r3, #76]
 119 0034 42F00402 		orr	r2, r2, #4
 120 0038 DA64     		str	r2, [r3, #76]
 121 003a DA6C     		ldr	r2, [r3, #76]
 122 003c 02F00402 		and	r2, r2, #4
 123 0040 0192     		str	r2, [sp, #4]
 124 0042 019A     		ldr	r2, [sp, #4]
 125              	.LBE5:
 126              	.LBB6:
  71:Src/sdmmc.c   ****     /**SDMMC1 GPIO Configuration
 127              		.loc 1 71 0
 128 0044 DA6C     		ldr	r2, [r3, #76]
 129 0046 42F00802 		orr	r2, r2, #8
 130 004a DA64     		str	r2, [r3, #76]
 131 004c DB6C     		ldr	r3, [r3, #76]
 132 004e 03F00803 		and	r3, r3, #8
 133 0052 0293     		str	r3, [sp, #8]
 134              	.LBE6:
  78:Src/sdmmc.c   ****     GPIO_InitStruct.Pull = GPIO_NOPULL;
 135              		.loc 1 78 0
 136 0054 0224     		movs	r4, #2
 137              	.LVL4:
 138              	.LBB7:
  71:Src/sdmmc.c   ****     /**SDMMC1 GPIO Configuration
 139              		.loc 1 71 0
 140 0056 029B     		ldr	r3, [sp, #8]
 141              	.LBE7:
  81:Src/sdmmc.c   ****     HAL_GPIO_Init(GPIOC, &GPIO_InitStruct);
 142              		.loc 1 81 0
ARM GAS  C:\Users\LuckyE\AppData\Local\Temp\ccY8Q4sH.s 			page 5


 143 0058 0326     		movs	r6, #3
  78:Src/sdmmc.c   ****     GPIO_InitStruct.Pull = GPIO_NOPULL;
 144              		.loc 1 78 0
 145 005a 4FF48853 		mov	r3, #4352
 146              		.loc 1 82 0
 147 005e 0DEB0501 		add	r1, sp, r5
  78:Src/sdmmc.c   ****     GPIO_InitStruct.Pull = GPIO_NOPULL;
 148              		.loc 1 78 0
 149 0062 CDE90334 		strd	r3, r4, [sp, #12]
  81:Src/sdmmc.c   ****     HAL_GPIO_Init(GPIOC, &GPIO_InitStruct);
 150              		.loc 1 81 0
 151 0066 CDE90665 		strd	r6, r5, [sp, #24]
 152              		.loc 1 82 0
 153 006a FFF7FEFF 		bl	HAL_GPIO_Init
 154              	.LVL5:
  83:Src/sdmmc.c   **** 
  84:Src/sdmmc.c   ****     GPIO_InitStruct.Pin = GPIO_PIN_2;
 155              		.loc 1 84 0
 156 006e 0423     		movs	r3, #4
  85:Src/sdmmc.c   ****     GPIO_InitStruct.Mode = GPIO_MODE_AF_PP;
 157              		.loc 1 85 0
 158 0070 CDE90334 		strd	r3, r4, [sp, #12]
  86:Src/sdmmc.c   ****     GPIO_InitStruct.Pull = GPIO_NOPULL;
  87:Src/sdmmc.c   ****     GPIO_InitStruct.Speed = GPIO_SPEED_FREQ_VERY_HIGH;
  88:Src/sdmmc.c   ****     GPIO_InitStruct.Alternate = GPIO_AF12_SDMMC1;
  89:Src/sdmmc.c   ****     HAL_GPIO_Init(GPIOD, &GPIO_InitStruct);
 159              		.loc 1 89 0
 160 0074 0DEB0501 		add	r1, sp, r5
  86:Src/sdmmc.c   ****     GPIO_InitStruct.Pull = GPIO_NOPULL;
 161              		.loc 1 86 0
 162 0078 0024     		movs	r4, #0
 163              		.loc 1 89 0
 164 007a 0A48     		ldr	r0, .L6+8
  88:Src/sdmmc.c   ****     HAL_GPIO_Init(GPIOD, &GPIO_InitStruct);
 165              		.loc 1 88 0
 166 007c 0795     		str	r5, [sp, #28]
  87:Src/sdmmc.c   ****     GPIO_InitStruct.Alternate = GPIO_AF12_SDMMC1;
 167              		.loc 1 87 0
 168 007e CDE90546 		strd	r4, r6, [sp, #20]
 169              		.loc 1 89 0
 170 0082 FFF7FEFF 		bl	HAL_GPIO_Init
 171              	.LVL6:
  90:Src/sdmmc.c   **** 
  91:Src/sdmmc.c   ****     /* SDMMC1 interrupt Init */
  92:Src/sdmmc.c   ****     HAL_NVIC_SetPriority(SDMMC1_IRQn, 0, 0);
 172              		.loc 1 92 0
 173 0086 3120     		movs	r0, #49
 174 0088 2246     		mov	r2, r4
 175 008a 2146     		mov	r1, r4
 176 008c FFF7FEFF 		bl	HAL_NVIC_SetPriority
 177              	.LVL7:
  93:Src/sdmmc.c   ****     HAL_NVIC_EnableIRQ(SDMMC1_IRQn);
 178              		.loc 1 93 0
 179 0090 3120     		movs	r0, #49
 180 0092 FFF7FEFF 		bl	HAL_NVIC_EnableIRQ
 181              	.LVL8:
 182              	.L4:
ARM GAS  C:\Users\LuckyE\AppData\Local\Temp\ccY8Q4sH.s 			page 6


  94:Src/sdmmc.c   ****   /* USER CODE BEGIN SDMMC1_MspInit 1 */
  95:Src/sdmmc.c   **** 
  96:Src/sdmmc.c   ****   /* USER CODE END SDMMC1_MspInit 1 */
  97:Src/sdmmc.c   ****   }
  98:Src/sdmmc.c   **** }
 183              		.loc 1 98 0
 184 0096 08B0     		add	sp, sp, #32
 185              	.LCFI2:
 186              		.cfi_def_cfa_offset 16
 187              		@ sp needed
 188 0098 70BD     		pop	{r4, r5, r6, pc}
 189              	.L7:
 190 009a 00BF     		.align	2
 191              	.L6:
 192 009c 00280140 		.word	1073817600
 193 00a0 00080048 		.word	1207961600
 194 00a4 000C0048 		.word	1207962624
 195              		.cfi_endproc
 196              	.LFE288:
 198              		.section	.text.HAL_SD_MspDeInit,"ax",%progbits
 199              		.align	1
 200              		.global	HAL_SD_MspDeInit
 201              		.syntax unified
 202              		.thumb
 203              		.thumb_func
 204              		.fpu fpv4-sp-d16
 206              	HAL_SD_MspDeInit:
 207              	.LFB289:
  99:Src/sdmmc.c   **** 
 100:Src/sdmmc.c   **** void HAL_SD_MspDeInit(SD_HandleTypeDef* sdHandle)
 101:Src/sdmmc.c   **** {
 208              		.loc 1 101 0
 209              		.cfi_startproc
 210              		@ args = 0, pretend = 0, frame = 0
 211              		@ frame_needed = 0, uses_anonymous_args = 0
 212              	.LVL9:
 213 0000 08B5     		push	{r3, lr}
 214              	.LCFI3:
 215              		.cfi_def_cfa_offset 8
 216              		.cfi_offset 3, -8
 217              		.cfi_offset 14, -4
 102:Src/sdmmc.c   **** 
 103:Src/sdmmc.c   ****   if(sdHandle->Instance==SDMMC1)
 218              		.loc 1 103 0
 219 0002 0268     		ldr	r2, [r0]
 220 0004 0B4B     		ldr	r3, .L10
 221 0006 9A42     		cmp	r2, r3
 222 0008 12D1     		bne	.L8
 104:Src/sdmmc.c   ****   {
 105:Src/sdmmc.c   ****   /* USER CODE BEGIN SDMMC1_MspDeInit 0 */
 106:Src/sdmmc.c   **** 
 107:Src/sdmmc.c   ****   /* USER CODE END SDMMC1_MspDeInit 0 */
 108:Src/sdmmc.c   ****     /* Peripheral clock disable */
 109:Src/sdmmc.c   ****     __HAL_RCC_SDMMC1_CLK_DISABLE();
 223              		.loc 1 109 0
 224 000a 0B4A     		ldr	r2, .L10+4
 110:Src/sdmmc.c   **** 
ARM GAS  C:\Users\LuckyE\AppData\Local\Temp\ccY8Q4sH.s 			page 7


 111:Src/sdmmc.c   ****     /**SDMMC1 GPIO Configuration
 112:Src/sdmmc.c   ****     PC8     ------> SDMMC1_D0
 113:Src/sdmmc.c   ****     PC12     ------> SDMMC1_CK
 114:Src/sdmmc.c   ****     PD2     ------> SDMMC1_CMD
 115:Src/sdmmc.c   ****     */
 116:Src/sdmmc.c   ****     HAL_GPIO_DeInit(GPIOC, GPIO_PIN_8|GPIO_PIN_12);
 225              		.loc 1 116 0
 226 000c 0B48     		ldr	r0, .L10+8
 227              	.LVL10:
 109:Src/sdmmc.c   **** 
 228              		.loc 1 109 0
 229 000e 136E     		ldr	r3, [r2, #96]
 230 0010 23F48063 		bic	r3, r3, #1024
 231 0014 1366     		str	r3, [r2, #96]
 232              		.loc 1 116 0
 233 0016 4FF48851 		mov	r1, #4352
 234 001a FFF7FEFF 		bl	HAL_GPIO_DeInit
 235              	.LVL11:
 117:Src/sdmmc.c   **** 
 118:Src/sdmmc.c   ****     HAL_GPIO_DeInit(GPIOD, GPIO_PIN_2);
 236              		.loc 1 118 0
 237 001e 0848     		ldr	r0, .L10+12
 238 0020 0421     		movs	r1, #4
 239 0022 FFF7FEFF 		bl	HAL_GPIO_DeInit
 240              	.LVL12:
 119:Src/sdmmc.c   **** 
 120:Src/sdmmc.c   **** 		/* SDMMC1 interrupt Deinit */
 121:Src/sdmmc.c   ****     HAL_NVIC_DisableIRQ(SDMMC1_IRQn);
 241              		.loc 1 121 0
 242 0026 3120     		movs	r0, #49
 122:Src/sdmmc.c   ****   /* USER CODE BEGIN SDMMC1_MspDeInit 1 */
 123:Src/sdmmc.c   **** 
 124:Src/sdmmc.c   ****   /* USER CODE END SDMMC1_MspDeInit 1 */
 125:Src/sdmmc.c   ****   }
 126:Src/sdmmc.c   **** }
 243              		.loc 1 126 0
 244 0028 BDE80840 		pop	{r3, lr}
 245              	.LCFI4:
 246              		.cfi_remember_state
 247              		.cfi_restore 14
 248              		.cfi_restore 3
 249              		.cfi_def_cfa_offset 0
 121:Src/sdmmc.c   ****   /* USER CODE BEGIN SDMMC1_MspDeInit 1 */
 250              		.loc 1 121 0
 251 002c FFF7FEBF 		b	HAL_NVIC_DisableIRQ
 252              	.LVL13:
 253              	.L8:
 254              	.LCFI5:
 255              		.cfi_restore_state
 256              		.loc 1 126 0
 257 0030 08BD     		pop	{r3, pc}
 258              	.L11:
 259 0032 00BF     		.align	2
 260              	.L10:
 261 0034 00280140 		.word	1073817600
 262 0038 00100240 		.word	1073876992
 263 003c 00080048 		.word	1207961600
ARM GAS  C:\Users\LuckyE\AppData\Local\Temp\ccY8Q4sH.s 			page 8


 264 0040 000C0048 		.word	1207962624
 265              		.cfi_endproc
 266              	.LFE289:
 268              		.comm	hsd1,132,4
 269              		.text
 270              	.Letext0:
 271              		.file 2 "c:\\bearpi\\developtools\\gnu tools arm embedded\\7 2018-q2-update\\arm-none-eabi\\includ
 272              		.file 3 "c:\\bearpi\\developtools\\gnu tools arm embedded\\7 2018-q2-update\\arm-none-eabi\\includ
 273              		.file 4 "c:\\bearpi\\developtools\\gnu tools arm embedded\\7 2018-q2-update\\arm-none-eabi\\includ
 274              		.file 5 "c:\\bearpi\\developtools\\gnu tools arm embedded\\7 2018-q2-update\\lib\\gcc\\arm-none-ea
 275              		.file 6 "c:\\bearpi\\developtools\\gnu tools arm embedded\\7 2018-q2-update\\arm-none-eabi\\includ
 276              		.file 7 "../../iot_link/os/liteos/include/los_typedef.h"
 277              		.file 8 "c:\\bearpi\\developtools\\gnu tools arm embedded\\7 2018-q2-update\\arm-none-eabi\\includ
 278              		.file 9 "../../iot_link/os/liteos/arch/arm/common/cmsis/core_cm4.h"
 279              		.file 10 "D:/File/bearpi_liteos/bearpi-iot_std_liteos-master/targets/STM32L431_BearPi/Inc/system_s
 280              		.file 11 "D:/File/bearpi_liteos/bearpi-iot_std_liteos-master/targets/STM32L431_BearPi/Inc/stm32l43
 281              		.file 12 "../../drivers/third_party/ST/STM32L4xx_HAL_Driver/Inc/stm32l4xx_hal_def.h"
 282              		.file 13 "../../drivers/third_party/ST/STM32L4xx_HAL_Driver/Inc/stm32l4xx_hal_gpio.h"
 283              		.file 14 "../../drivers/third_party/ST/STM32L4xx_HAL_Driver/Inc/stm32l4xx_hal_dma.h"
 284              		.file 15 "../../drivers/third_party/ST/STM32L4xx_HAL_Driver/Inc/stm32l4xx_ll_sdmmc.h"
 285              		.file 16 "../../drivers/third_party/ST/STM32L4xx_HAL_Driver/Inc/stm32l4xx_hal_sd.h"
 286              		.file 17 "../../iot_link/os/liteos/include/los_config.h"
 287              		.file 18 "../../iot_link/os/liteos/include/los_err.h"
 288              		.file 19 "../../iot_link/os/liteos/arch/arm/arm-m/include/los_hwi.h"
 289              		.file 20 "D:/File/bearpi_liteos/bearpi-iot_std_liteos-master/targets/STM32L431_BearPi/Inc/sdmmc.h"
 290              		.file 21 "../../drivers/third_party/ST/STM32L4xx_HAL_Driver/Inc/stm32l4xx_hal_cortex.h"
 291              		.file 22 "<built-in>"
ARM GAS  C:\Users\LuckyE\AppData\Local\Temp\ccY8Q4sH.s 			page 9


DEFINED SYMBOLS
                            *ABS*:00000000 sdmmc.c
C:\Users\LuckyE\AppData\Local\Temp\ccY8Q4sH.s:18     .text.MX_SDMMC1_SD_Init:00000000 $t
C:\Users\LuckyE\AppData\Local\Temp\ccY8Q4sH.s:25     .text.MX_SDMMC1_SD_Init:00000000 MX_SDMMC1_SD_Init
C:\Users\LuckyE\AppData\Local\Temp\ccY8Q4sH.s:52     .text.MX_SDMMC1_SD_Init:0000001c $d
                            *COM*:00000084 hsd1
C:\Users\LuckyE\AppData\Local\Temp\ccY8Q4sH.s:58     .text.HAL_SD_MspInit:00000000 $t
C:\Users\LuckyE\AppData\Local\Temp\ccY8Q4sH.s:65     .text.HAL_SD_MspInit:00000000 HAL_SD_MspInit
C:\Users\LuckyE\AppData\Local\Temp\ccY8Q4sH.s:192    .text.HAL_SD_MspInit:0000009c $d
C:\Users\LuckyE\AppData\Local\Temp\ccY8Q4sH.s:199    .text.HAL_SD_MspDeInit:00000000 $t
C:\Users\LuckyE\AppData\Local\Temp\ccY8Q4sH.s:206    .text.HAL_SD_MspDeInit:00000000 HAL_SD_MspDeInit
C:\Users\LuckyE\AppData\Local\Temp\ccY8Q4sH.s:261    .text.HAL_SD_MspDeInit:00000034 $d

UNDEFINED SYMBOLS
HAL_SD_Init
memset
HAL_GPIO_Init
HAL_NVIC_SetPriority
HAL_NVIC_EnableIRQ
HAL_GPIO_DeInit
HAL_NVIC_DisableIRQ
