ARM GAS  C:\Users\LuckyE\AppData\Local\Temp\ccL8iIKN.s 			page 1


   1              		.cpu cortex-m4
   2              		.eabi_attribute 27, 1
   3              		.eabi_attribute 28, 1
   4              		.eabi_attribute 20, 1
   5              		.eabi_attribute 21, 1
   6              		.eabi_attribute 23, 3
   7              		.eabi_attribute 24, 1
   8              		.eabi_attribute 25, 1
   9              		.eabi_attribute 26, 1
  10              		.eabi_attribute 30, 4
  11              		.eabi_attribute 34, 1
  12              		.eabi_attribute 18, 4
  13              		.file	"tim.c"
  14              		.text
  15              	.Ltext0:
  16              		.cfi_sections	.debug_frame
  17              		.section	.text.MX_TIM2_Init,"ax",%progbits
  18              		.align	1
  19              		.global	MX_TIM2_Init
  20              		.syntax unified
  21              		.thumb
  22              		.thumb_func
  23              		.fpu fpv4-sp-d16
  25              	MX_TIM2_Init:
  26              	.LFB287:
  27              		.file 1 "Src/tim.c"
   1:Src/tim.c     **** /**
   2:Src/tim.c     ****   ******************************************************************************
   3:Src/tim.c     ****   * @file    tim.c
   4:Src/tim.c     ****   * @brief   This file provides code for the configuration
   5:Src/tim.c     ****   *          of the TIM instances.
   6:Src/tim.c     ****   ******************************************************************************
   7:Src/tim.c     ****   * @attention
   8:Src/tim.c     ****   *
   9:Src/tim.c     ****   * <h2><center>&copy; Copyright (c) 2022 STMicroelectronics.
  10:Src/tim.c     ****   * All rights reserved.</center></h2>
  11:Src/tim.c     ****   *
  12:Src/tim.c     ****   * This software component is licensed by ST under BSD 3-Clause license,
  13:Src/tim.c     ****   * the "License"; You may not use this file except in compliance with the
  14:Src/tim.c     ****   * License. You may obtain a copy of the License at:
  15:Src/tim.c     ****   *                        opensource.org/licenses/BSD-3-Clause
  16:Src/tim.c     ****   *
  17:Src/tim.c     ****   ******************************************************************************
  18:Src/tim.c     ****   */
  19:Src/tim.c     **** 
  20:Src/tim.c     **** /* Includes ------------------------------------------------------------------*/
  21:Src/tim.c     **** #include "tim.h"
  22:Src/tim.c     **** 
  23:Src/tim.c     **** /* USER CODE BEGIN 0 */
  24:Src/tim.c     **** 
  25:Src/tim.c     **** /* USER CODE END 0 */
  26:Src/tim.c     **** 
  27:Src/tim.c     **** TIM_HandleTypeDef htim2;
  28:Src/tim.c     **** TIM_HandleTypeDef htim16;
  29:Src/tim.c     **** 
  30:Src/tim.c     **** /* TIM2 init function */
  31:Src/tim.c     **** void MX_TIM2_Init(void)
ARM GAS  C:\Users\LuckyE\AppData\Local\Temp\ccL8iIKN.s 			page 2


  32:Src/tim.c     **** {
  28              		.loc 1 32 0
  29              		.cfi_startproc
  30              		@ args = 0, pretend = 0, frame = 32
  31              		@ frame_needed = 0, uses_anonymous_args = 0
  32 0000 00B5     		push	{lr}
  33              	.LCFI0:
  34              		.cfi_def_cfa_offset 4
  35              		.cfi_offset 14, -4
  33:Src/tim.c     ****   TIM_ClockConfigTypeDef sClockSourceConfig;
  34:Src/tim.c     ****   TIM_MasterConfigTypeDef sMasterConfig;
  35:Src/tim.c     **** 
  36:Src/tim.c     ****   htim2.Instance = TIM2;
  36              		.loc 1 36 0
  37 0002 1948     		ldr	r0, .L14
  37:Src/tim.c     ****   htim2.Init.Prescaler = 2000-1;
  38              		.loc 1 37 0
  39 0004 4FF08042 		mov	r2, #1073741824
  40 0008 40F2CF73 		movw	r3, #1999
  41 000c C0E90023 		strd	r2, r3, [r0]
  32:Src/tim.c     ****   TIM_ClockConfigTypeDef sClockSourceConfig;
  42              		.loc 1 32 0
  43 0010 89B0     		sub	sp, sp, #36
  44              	.LCFI1:
  45              		.cfi_def_cfa_offset 40
  38:Src/tim.c     ****   htim2.Init.CounterMode = TIM_COUNTERMODE_UP;
  39:Src/tim.c     ****   htim2.Init.Period = 10000;
  46              		.loc 1 39 0
  47 0012 0023     		movs	r3, #0
  48 0014 42F21072 		movw	r2, #10000
  49 0018 C0E90232 		strd	r3, r2, [r0, #8]
  40:Src/tim.c     ****   htim2.Init.ClockDivision = TIM_CLOCKDIVISION_DIV1;
  50              		.loc 1 40 0
  51 001c 0361     		str	r3, [r0, #16]
  41:Src/tim.c     ****   htim2.Init.AutoReloadPreload = TIM_AUTORELOAD_PRELOAD_DISABLE;
  52              		.loc 1 41 0
  53 001e 8361     		str	r3, [r0, #24]
  42:Src/tim.c     ****   if (HAL_TIM_Base_Init(&htim2) != HAL_OK)
  54              		.loc 1 42 0
  55 0020 FFF7FEFF 		bl	HAL_TIM_Base_Init
  56              	.LVL0:
  57 0024 18B1     		cbz	r0, .L2
  43:Src/tim.c     ****   {
  44:Src/tim.c     ****     Error_Handler();
  58              		.loc 1 44 0
  59 0026 2C21     		movs	r1, #44
  60 0028 1048     		ldr	r0, .L14+4
  61 002a FFF7FEFF 		bl	_Error_Handler
  62              	.LVL1:
  63              	.L2:
  45:Src/tim.c     ****   }
  46:Src/tim.c     **** 
  47:Src/tim.c     ****   sClockSourceConfig.ClockSource = TIM_CLOCKSOURCE_INTERNAL;
  64              		.loc 1 47 0
  65 002e 08A9     		add	r1, sp, #32
  66 0030 4FF48053 		mov	r3, #4096
  67 0034 41F8103D 		str	r3, [r1, #-16]!
ARM GAS  C:\Users\LuckyE\AppData\Local\Temp\ccL8iIKN.s 			page 3


  48:Src/tim.c     ****   if (HAL_TIM_ConfigClockSource(&htim2, &sClockSourceConfig) != HAL_OK)
  68              		.loc 1 48 0
  69 0038 0B48     		ldr	r0, .L14
  70 003a FFF7FEFF 		bl	HAL_TIM_ConfigClockSource
  71              	.LVL2:
  72 003e 18B1     		cbz	r0, .L3
  49:Src/tim.c     ****   {
  50:Src/tim.c     ****     Error_Handler();
  73              		.loc 1 50 0
  74 0040 3221     		movs	r1, #50
  75 0042 0A48     		ldr	r0, .L14+4
  76 0044 FFF7FEFF 		bl	_Error_Handler
  77              	.LVL3:
  78              	.L3:
  51:Src/tim.c     ****   }
  52:Src/tim.c     **** 
  53:Src/tim.c     ****   sMasterConfig.MasterOutputTrigger = TIM_TRGO_RESET;
  79              		.loc 1 53 0
  80 0048 0023     		movs	r3, #0
  54:Src/tim.c     ****   sMasterConfig.MasterSlaveMode = TIM_MASTERSLAVEMODE_DISABLE;
  55:Src/tim.c     ****   if (HAL_TIMEx_MasterConfigSynchronization(&htim2, &sMasterConfig) != HAL_OK)
  81              		.loc 1 55 0
  82 004a 01A9     		add	r1, sp, #4
  83 004c 0648     		ldr	r0, .L14
  53:Src/tim.c     ****   sMasterConfig.MasterSlaveMode = TIM_MASTERSLAVEMODE_DISABLE;
  84              		.loc 1 53 0
  85 004e 0193     		str	r3, [sp, #4]
  54:Src/tim.c     ****   sMasterConfig.MasterSlaveMode = TIM_MASTERSLAVEMODE_DISABLE;
  86              		.loc 1 54 0
  87 0050 0393     		str	r3, [sp, #12]
  88              		.loc 1 55 0
  89 0052 FFF7FEFF 		bl	HAL_TIMEx_MasterConfigSynchronization
  90              	.LVL4:
  91 0056 18B1     		cbz	r0, .L1
  56:Src/tim.c     ****   {
  57:Src/tim.c     ****     Error_Handler();
  92              		.loc 1 57 0
  93 0058 3921     		movs	r1, #57
  94 005a 0448     		ldr	r0, .L14+4
  95 005c FFF7FEFF 		bl	_Error_Handler
  96              	.LVL5:
  97              	.L1:
  58:Src/tim.c     ****   }
  59:Src/tim.c     **** 
  60:Src/tim.c     **** }
  98              		.loc 1 60 0
  99 0060 09B0     		add	sp, sp, #36
 100              	.LCFI2:
 101              		.cfi_def_cfa_offset 4
 102              		@ sp needed
 103 0062 5DF804FB 		ldr	pc, [sp], #4
 104              	.L15:
 105 0066 00BF     		.align	2
 106              	.L14:
 107 0068 00000000 		.word	htim2
 108 006c 00000000 		.word	.LC0
 109              		.cfi_endproc
ARM GAS  C:\Users\LuckyE\AppData\Local\Temp\ccL8iIKN.s 			page 4


 110              	.LFE287:
 112              		.section	.text.MX_TIM16_Init,"ax",%progbits
 113              		.align	1
 114              		.global	MX_TIM16_Init
 115              		.syntax unified
 116              		.thumb
 117              		.thumb_func
 118              		.fpu fpv4-sp-d16
 120              	MX_TIM16_Init:
 121              	.LFB288:
  61:Src/tim.c     **** 
  62:Src/tim.c     **** /* TIM16 init function */
  63:Src/tim.c     **** void MX_TIM16_Init(void)
  64:Src/tim.c     **** {
 122              		.loc 1 64 0
 123              		.cfi_startproc
 124              		@ args = 0, pretend = 0, frame = 72
 125              		@ frame_needed = 0, uses_anonymous_args = 0
 126 0000 10B5     		push	{r4, lr}
 127              	.LCFI3:
 128              		.cfi_def_cfa_offset 8
 129              		.cfi_offset 4, -8
 130              		.cfi_offset 14, -4
 131 0002 92B0     		sub	sp, sp, #72
 132              	.LCFI4:
 133              		.cfi_def_cfa_offset 80
  65:Src/tim.c     **** 
  66:Src/tim.c     ****   /* USER CODE BEGIN TIM16_Init 0 */
  67:Src/tim.c     **** 
  68:Src/tim.c     ****   /* USER CODE END TIM16_Init 0 */
  69:Src/tim.c     **** 
  70:Src/tim.c     ****   TIM_OC_InitTypeDef sConfigOC = {0};
 134              		.loc 1 70 0
 135 0004 1C22     		movs	r2, #28
 136 0006 0021     		movs	r1, #0
 137 0008 6846     		mov	r0, sp
 138 000a FFF7FEFF 		bl	memset
 139              	.LVL6:
  71:Src/tim.c     ****   TIM_BreakDeadTimeConfigTypeDef sBreakDeadTimeConfig = {0};
 140              		.loc 1 71 0
 141 000e 2C22     		movs	r2, #44
 142 0010 0021     		movs	r1, #0
 143 0012 07A8     		add	r0, sp, #28
 144 0014 FFF7FEFF 		bl	memset
 145              	.LVL7:
  72:Src/tim.c     **** 
  73:Src/tim.c     ****   /* USER CODE BEGIN TIM16_Init 1 */
  74:Src/tim.c     **** 
  75:Src/tim.c     ****   /* USER CODE END TIM16_Init 1 */
  76:Src/tim.c     ****   htim16.Instance = TIM16;
 146              		.loc 1 76 0
 147 0018 2348     		ldr	r0, .L33
  77:Src/tim.c     ****   htim16.Init.Prescaler = 79;
 148              		.loc 1 77 0
 149 001a 2449     		ldr	r1, .L33+4
 150 001c 4F23     		movs	r3, #79
  78:Src/tim.c     ****   htim16.Init.CounterMode = TIM_COUNTERMODE_UP;
ARM GAS  C:\Users\LuckyE\AppData\Local\Temp\ccL8iIKN.s 			page 5


  79:Src/tim.c     ****   htim16.Init.Period = 999;
 151              		.loc 1 79 0
 152 001e 40F2E732 		movw	r2, #999
  77:Src/tim.c     ****   htim16.Init.Prescaler = 79;
 153              		.loc 1 77 0
 154 0022 C0E90013 		strd	r1, r3, [r0]
 155              		.loc 1 79 0
 156 0026 0023     		movs	r3, #0
 157 0028 C0E90232 		strd	r3, r2, [r0, #8]
  80:Src/tim.c     ****   htim16.Init.ClockDivision = TIM_CLOCKDIVISION_DIV2;
 158              		.loc 1 80 0
 159 002c 4FF48072 		mov	r2, #256
  81:Src/tim.c     ****   htim16.Init.RepetitionCounter = 0;
 160              		.loc 1 81 0
 161 0030 C0E90423 		strd	r2, r3, [r0, #16]
  82:Src/tim.c     ****   htim16.Init.AutoReloadPreload = TIM_AUTORELOAD_PRELOAD_DISABLE;
 162              		.loc 1 82 0
 163 0034 8361     		str	r3, [r0, #24]
  83:Src/tim.c     ****   if (HAL_TIM_Base_Init(&htim16) != HAL_OK)
 164              		.loc 1 83 0
 165 0036 FFF7FEFF 		bl	HAL_TIM_Base_Init
 166              	.LVL8:
 167 003a 18B1     		cbz	r0, .L17
  84:Src/tim.c     ****   {
  85:Src/tim.c     ****     Error_Handler();
 168              		.loc 1 85 0
 169 003c 5521     		movs	r1, #85
 170 003e 1C48     		ldr	r0, .L33+8
 171 0040 FFF7FEFF 		bl	_Error_Handler
 172              	.LVL9:
 173              	.L17:
  86:Src/tim.c     ****   }
  87:Src/tim.c     ****   if (HAL_TIM_PWM_Init(&htim16) != HAL_OK)
 174              		.loc 1 87 0
 175 0044 1848     		ldr	r0, .L33
 176 0046 FFF7FEFF 		bl	HAL_TIM_PWM_Init
 177              	.LVL10:
 178 004a 18B1     		cbz	r0, .L18
  88:Src/tim.c     ****   {
  89:Src/tim.c     ****     Error_Handler();
 179              		.loc 1 89 0
 180 004c 5921     		movs	r1, #89
 181 004e 1848     		ldr	r0, .L33+8
 182 0050 FFF7FEFF 		bl	_Error_Handler
 183              	.LVL11:
 184              	.L18:
  90:Src/tim.c     ****   }
  91:Src/tim.c     ****   sConfigOC.OCMode = TIM_OCMODE_PWM1;
  92:Src/tim.c     ****   sConfigOC.Pulse = 499;
  93:Src/tim.c     ****   sConfigOC.OCPolarity = TIM_OCPOLARITY_HIGH;
 185              		.loc 1 93 0
 186 0054 0024     		movs	r4, #0
  92:Src/tim.c     ****   sConfigOC.OCPolarity = TIM_OCPOLARITY_HIGH;
 187              		.loc 1 92 0
 188 0056 6022     		movs	r2, #96
 189 0058 40F2F313 		movw	r3, #499
 190 005c CDE90023 		strd	r2, r3, [sp]
ARM GAS  C:\Users\LuckyE\AppData\Local\Temp\ccL8iIKN.s 			page 6


  94:Src/tim.c     ****   sConfigOC.OCNPolarity = TIM_OCNPOLARITY_HIGH;
  95:Src/tim.c     ****   sConfigOC.OCFastMode = TIM_OCFAST_DISABLE;
  96:Src/tim.c     ****   sConfigOC.OCIdleState = TIM_OCIDLESTATE_RESET;
  97:Src/tim.c     ****   sConfigOC.OCNIdleState = TIM_OCNIDLESTATE_RESET;
  98:Src/tim.c     ****   if (HAL_TIM_PWM_ConfigChannel(&htim16, &sConfigOC, TIM_CHANNEL_1) != HAL_OK)
 191              		.loc 1 98 0
 192 0060 6946     		mov	r1, sp
 193 0062 2246     		mov	r2, r4
 194 0064 1048     		ldr	r0, .L33
  97:Src/tim.c     ****   if (HAL_TIM_PWM_ConfigChannel(&htim16, &sConfigOC, TIM_CHANNEL_1) != HAL_OK)
 195              		.loc 1 97 0
 196 0066 0694     		str	r4, [sp, #24]
  94:Src/tim.c     ****   sConfigOC.OCNPolarity = TIM_OCNPOLARITY_HIGH;
 197              		.loc 1 94 0
 198 0068 CDE90244 		strd	r4, r4, [sp, #8]
  96:Src/tim.c     ****   sConfigOC.OCNIdleState = TIM_OCNIDLESTATE_RESET;
 199              		.loc 1 96 0
 200 006c CDE90444 		strd	r4, r4, [sp, #16]
 201              		.loc 1 98 0
 202 0070 FFF7FEFF 		bl	HAL_TIM_PWM_ConfigChannel
 203              	.LVL12:
 204 0074 18B1     		cbz	r0, .L19
  99:Src/tim.c     ****   {
 100:Src/tim.c     ****     Error_Handler();
 205              		.loc 1 100 0
 206 0076 6421     		movs	r1, #100
 207 0078 0D48     		ldr	r0, .L33+8
 208 007a FFF7FEFF 		bl	_Error_Handler
 209              	.LVL13:
 210              	.L19:
 101:Src/tim.c     ****   }
 102:Src/tim.c     ****   sBreakDeadTimeConfig.OffStateRunMode = TIM_OSSR_DISABLE;
 103:Src/tim.c     ****   sBreakDeadTimeConfig.OffStateIDLEMode = TIM_OSSI_DISABLE;
 104:Src/tim.c     ****   sBreakDeadTimeConfig.LockLevel = TIM_LOCKLEVEL_OFF;
 105:Src/tim.c     ****   sBreakDeadTimeConfig.DeadTime = 0;
 106:Src/tim.c     ****   sBreakDeadTimeConfig.BreakState = TIM_BREAK_DISABLE;
 107:Src/tim.c     ****   sBreakDeadTimeConfig.BreakPolarity = TIM_BREAKPOLARITY_HIGH;
 211              		.loc 1 107 0
 212 007e 4FF40053 		mov	r3, #8192
 108:Src/tim.c     ****   sBreakDeadTimeConfig.AutomaticOutput = TIM_AUTOMATICOUTPUT_DISABLE;
 109:Src/tim.c     ****   if (HAL_TIMEx_ConfigBreakDeadTime(&htim16, &sBreakDeadTimeConfig) != HAL_OK)
 213              		.loc 1 109 0
 214 0082 07A9     		add	r1, sp, #28
 215 0084 0848     		ldr	r0, .L33
 106:Src/tim.c     ****   sBreakDeadTimeConfig.BreakPolarity = TIM_BREAKPOLARITY_HIGH;
 216              		.loc 1 106 0
 217 0086 0B94     		str	r4, [sp, #44]
 103:Src/tim.c     ****   sBreakDeadTimeConfig.LockLevel = TIM_LOCKLEVEL_OFF;
 218              		.loc 1 103 0
 219 0088 CDE90744 		strd	r4, r4, [sp, #28]
 105:Src/tim.c     ****   sBreakDeadTimeConfig.BreakState = TIM_BREAK_DISABLE;
 220              		.loc 1 105 0
 221 008c CDE90944 		strd	r4, r4, [sp, #36]
 107:Src/tim.c     ****   sBreakDeadTimeConfig.AutomaticOutput = TIM_AUTOMATICOUTPUT_DISABLE;
 222              		.loc 1 107 0
 223 0090 0C93     		str	r3, [sp, #48]
 108:Src/tim.c     ****   if (HAL_TIMEx_ConfigBreakDeadTime(&htim16, &sBreakDeadTimeConfig) != HAL_OK)
ARM GAS  C:\Users\LuckyE\AppData\Local\Temp\ccL8iIKN.s 			page 7


 224              		.loc 1 108 0
 225 0092 1194     		str	r4, [sp, #68]
 226              		.loc 1 109 0
 227 0094 FFF7FEFF 		bl	HAL_TIMEx_ConfigBreakDeadTime
 228              	.LVL14:
 229 0098 18B1     		cbz	r0, .L16
 110:Src/tim.c     ****   {
 111:Src/tim.c     ****     Error_Handler();
 230              		.loc 1 111 0
 231 009a 6F21     		movs	r1, #111
 232 009c 0448     		ldr	r0, .L33+8
 233 009e FFF7FEFF 		bl	_Error_Handler
 234              	.LVL15:
 235              	.L16:
 112:Src/tim.c     ****   }
 113:Src/tim.c     ****   /* USER CODE BEGIN TIM16_Init 2 */
 114:Src/tim.c     **** 
 115:Src/tim.c     ****   /* USER CODE END TIM16_Init 2 */
 116:Src/tim.c     **** 
 117:Src/tim.c     **** }
 236              		.loc 1 117 0
 237 00a2 12B0     		add	sp, sp, #72
 238              	.LCFI5:
 239              		.cfi_def_cfa_offset 8
 240              		@ sp needed
 241 00a4 10BD     		pop	{r4, pc}
 242              	.L34:
 243 00a6 00BF     		.align	2
 244              	.L33:
 245 00a8 00000000 		.word	htim16
 246 00ac 00440140 		.word	1073824768
 247 00b0 00000000 		.word	.LC0
 248              		.cfi_endproc
 249              	.LFE288:
 251              		.section	.text.HAL_TIM_Base_MspInit,"ax",%progbits
 252              		.align	1
 253              		.global	HAL_TIM_Base_MspInit
 254              		.syntax unified
 255              		.thumb
 256              		.thumb_func
 257              		.fpu fpv4-sp-d16
 259              	HAL_TIM_Base_MspInit:
 260              	.LFB289:
 118:Src/tim.c     **** 
 119:Src/tim.c     **** void HAL_TIM_Base_MspInit(TIM_HandleTypeDef* tim_baseHandle)
 120:Src/tim.c     **** {
 261              		.loc 1 120 0
 262              		.cfi_startproc
 263              		@ args = 0, pretend = 0, frame = 32
 264              		@ frame_needed = 0, uses_anonymous_args = 0
 265              	.LVL16:
 266 0000 10B5     		push	{r4, lr}
 267              	.LCFI6:
 268              		.cfi_def_cfa_offset 8
 269              		.cfi_offset 4, -8
 270              		.cfi_offset 14, -4
 271 0002 0446     		mov	r4, r0
ARM GAS  C:\Users\LuckyE\AppData\Local\Temp\ccL8iIKN.s 			page 8


 272 0004 88B0     		sub	sp, sp, #32
 273              	.LCFI7:
 274              		.cfi_def_cfa_offset 40
 121:Src/tim.c     **** 
 122:Src/tim.c     ****   GPIO_InitTypeDef GPIO_InitStruct = {0};
 275              		.loc 1 122 0
 276 0006 1422     		movs	r2, #20
 277 0008 0021     		movs	r1, #0
 278 000a 03A8     		add	r0, sp, #12
 279              	.LVL17:
 280 000c FFF7FEFF 		bl	memset
 281              	.LVL18:
 123:Src/tim.c     ****   if(tim_baseHandle->Instance==TIM2)
 282              		.loc 1 123 0
 283 0010 2368     		ldr	r3, [r4]
 284 0012 B3F1804F 		cmp	r3, #1073741824
 285 0016 14D1     		bne	.L36
 286              	.LBB2:
 124:Src/tim.c     ****   {
 125:Src/tim.c     ****   /* USER CODE BEGIN TIM2_MspInit 0 */
 126:Src/tim.c     **** 
 127:Src/tim.c     ****   /* USER CODE END TIM2_MspInit 0 */
 128:Src/tim.c     ****     /* TIM2 clock enable */
 129:Src/tim.c     ****     __HAL_RCC_TIM2_CLK_ENABLE();
 287              		.loc 1 129 0
 288 0018 03F50433 		add	r3, r3, #135168
 289              	.LBE2:
 130:Src/tim.c     **** 
 131:Src/tim.c     ****     /* TIM2 interrupt Init */
 132:Src/tim.c     ****     HAL_NVIC_SetPriority(TIM2_IRQn, 0, 0);
 290              		.loc 1 132 0
 291 001c 1C20     		movs	r0, #28
 292              	.LBB3:
 129:Src/tim.c     **** 
 293              		.loc 1 129 0
 294 001e 9A6D     		ldr	r2, [r3, #88]
 295 0020 42F00102 		orr	r2, r2, #1
 296 0024 9A65     		str	r2, [r3, #88]
 297 0026 9B6D     		ldr	r3, [r3, #88]
 298              	.LBE3:
 299              		.loc 1 132 0
 300 0028 0022     		movs	r2, #0
 301              	.LBB4:
 129:Src/tim.c     **** 
 302              		.loc 1 129 0
 303 002a 03F00103 		and	r3, r3, #1
 304 002e 0093     		str	r3, [sp]
 305              	.LBE4:
 306              		.loc 1 132 0
 307 0030 1146     		mov	r1, r2
 308              	.LBB5:
 129:Src/tim.c     **** 
 309              		.loc 1 129 0
 310 0032 009B     		ldr	r3, [sp]
 311              	.LBE5:
 312              		.loc 1 132 0
 313 0034 FFF7FEFF 		bl	HAL_NVIC_SetPriority
ARM GAS  C:\Users\LuckyE\AppData\Local\Temp\ccL8iIKN.s 			page 9


 314              	.LVL19:
 133:Src/tim.c     ****     HAL_NVIC_EnableIRQ(TIM2_IRQn);
 315              		.loc 1 133 0
 316 0038 1C20     		movs	r0, #28
 317 003a FFF7FEFF 		bl	HAL_NVIC_EnableIRQ
 318              	.LVL20:
 319              	.L35:
 134:Src/tim.c     ****   /* USER CODE BEGIN TIM2_MspInit 1 */
 135:Src/tim.c     **** 
 136:Src/tim.c     ****   /* USER CODE END TIM2_MspInit 1 */
 137:Src/tim.c     ****   }
 138:Src/tim.c     ****   else if(tim_baseHandle->Instance==TIM16)
 139:Src/tim.c     ****   {
 140:Src/tim.c     ****   /* USER CODE BEGIN TIM16_MspInit 0 */
 141:Src/tim.c     **** 
 142:Src/tim.c     ****   /* USER CODE END TIM16_MspInit 0 */
 143:Src/tim.c     ****     /* TIM16 clock enable */
 144:Src/tim.c     ****     __HAL_RCC_TIM16_CLK_ENABLE();
 145:Src/tim.c     **** 
 146:Src/tim.c     ****     __HAL_RCC_GPIOB_CLK_ENABLE();
 147:Src/tim.c     ****     /**TIM16 GPIO Configuration
 148:Src/tim.c     ****     PB8     ------> TIM16_CH1
 149:Src/tim.c     ****     */
 150:Src/tim.c     ****     GPIO_InitStruct.Pin = GPIO_PIN_8;
 151:Src/tim.c     ****     GPIO_InitStruct.Mode = GPIO_MODE_AF_PP;
 152:Src/tim.c     ****     GPIO_InitStruct.Pull = GPIO_NOPULL;
 153:Src/tim.c     ****     GPIO_InitStruct.Speed = GPIO_SPEED_FREQ_LOW;
 154:Src/tim.c     ****     GPIO_InitStruct.Alternate = GPIO_AF14_TIM16;
 155:Src/tim.c     ****     HAL_GPIO_Init(GPIOB, &GPIO_InitStruct);
 156:Src/tim.c     **** 
 157:Src/tim.c     ****   /* USER CODE BEGIN TIM16_MspInit 1 */
 158:Src/tim.c     **** 
 159:Src/tim.c     ****   /* USER CODE END TIM16_MspInit 1 */
 160:Src/tim.c     ****   }
 161:Src/tim.c     **** }
 320              		.loc 1 161 0
 321 003e 08B0     		add	sp, sp, #32
 322              	.LCFI8:
 323              		.cfi_remember_state
 324              		.cfi_def_cfa_offset 8
 325              		@ sp needed
 326 0040 10BD     		pop	{r4, pc}
 327              	.LVL21:
 328              	.L36:
 329              	.LCFI9:
 330              		.cfi_restore_state
 138:Src/tim.c     ****   {
 331              		.loc 1 138 0
 332 0042 114A     		ldr	r2, .L38
 333 0044 9342     		cmp	r3, r2
 334 0046 FAD1     		bne	.L35
 335              	.LBB6:
 144:Src/tim.c     **** 
 336              		.loc 1 144 0
 337 0048 104B     		ldr	r3, .L38+4
 338              	.LBE6:
 155:Src/tim.c     **** 
ARM GAS  C:\Users\LuckyE\AppData\Local\Temp\ccL8iIKN.s 			page 10


 339              		.loc 1 155 0
 340 004a 1148     		ldr	r0, .L38+8
 341              	.LBB7:
 144:Src/tim.c     **** 
 342              		.loc 1 144 0
 343 004c 1A6E     		ldr	r2, [r3, #96]
 344 004e 42F40032 		orr	r2, r2, #131072
 345 0052 1A66     		str	r2, [r3, #96]
 346 0054 1A6E     		ldr	r2, [r3, #96]
 347 0056 02F40032 		and	r2, r2, #131072
 348 005a 0192     		str	r2, [sp, #4]
 349 005c 019A     		ldr	r2, [sp, #4]
 350              	.LBE7:
 351              	.LBB8:
 146:Src/tim.c     ****     /**TIM16 GPIO Configuration
 352              		.loc 1 146 0
 353 005e DA6C     		ldr	r2, [r3, #76]
 354 0060 42F00202 		orr	r2, r2, #2
 355 0064 DA64     		str	r2, [r3, #76]
 356 0066 DB6C     		ldr	r3, [r3, #76]
 357 0068 03F00203 		and	r3, r3, #2
 358 006c 0293     		str	r3, [sp, #8]
 359 006e 029B     		ldr	r3, [sp, #8]
 360              	.LBE8:
 151:Src/tim.c     ****     GPIO_InitStruct.Pull = GPIO_NOPULL;
 361              		.loc 1 151 0
 362 0070 4FF48072 		mov	r2, #256
 363 0074 0223     		movs	r3, #2
 364 0076 CDE90323 		strd	r2, r3, [sp, #12]
 155:Src/tim.c     **** 
 365              		.loc 1 155 0
 366 007a 03A9     		add	r1, sp, #12
 154:Src/tim.c     ****     HAL_GPIO_Init(GPIOB, &GPIO_InitStruct);
 367              		.loc 1 154 0
 368 007c 0E23     		movs	r3, #14
 369 007e 0793     		str	r3, [sp, #28]
 155:Src/tim.c     **** 
 370              		.loc 1 155 0
 371 0080 FFF7FEFF 		bl	HAL_GPIO_Init
 372              	.LVL22:
 373              		.loc 1 161 0
 374 0084 DBE7     		b	.L35
 375              	.L39:
 376 0086 00BF     		.align	2
 377              	.L38:
 378 0088 00440140 		.word	1073824768
 379 008c 00100240 		.word	1073876992
 380 0090 00040048 		.word	1207960576
 381              		.cfi_endproc
 382              	.LFE289:
 384              		.section	.text.HAL_TIM_Base_MspDeInit,"ax",%progbits
 385              		.align	1
 386              		.global	HAL_TIM_Base_MspDeInit
 387              		.syntax unified
 388              		.thumb
 389              		.thumb_func
 390              		.fpu fpv4-sp-d16
ARM GAS  C:\Users\LuckyE\AppData\Local\Temp\ccL8iIKN.s 			page 11


 392              	HAL_TIM_Base_MspDeInit:
 393              	.LFB290:
 162:Src/tim.c     **** 
 163:Src/tim.c     **** void HAL_TIM_Base_MspDeInit(TIM_HandleTypeDef* tim_baseHandle)
 164:Src/tim.c     **** {
 394              		.loc 1 164 0
 395              		.cfi_startproc
 396              		@ args = 0, pretend = 0, frame = 0
 397              		@ frame_needed = 0, uses_anonymous_args = 0
 398              		@ link register save eliminated.
 399              	.LVL23:
 165:Src/tim.c     ****   if(tim_baseHandle->Instance==TIM2)
 400              		.loc 1 165 0
 401 0000 0368     		ldr	r3, [r0]
 402 0002 B3F1804F 		cmp	r3, #1073741824
 403 0006 07D1     		bne	.L41
 166:Src/tim.c     ****   {
 167:Src/tim.c     ****   /* USER CODE BEGIN TIM2_MspDeInit 0 */
 168:Src/tim.c     **** 
 169:Src/tim.c     ****   /* USER CODE END TIM2_MspDeInit 0 */
 170:Src/tim.c     ****     /* Peripheral clock disable */
 171:Src/tim.c     ****     __HAL_RCC_TIM2_CLK_DISABLE();
 404              		.loc 1 171 0
 405 0008 0B4A     		ldr	r2, .L43
 406 000a 936D     		ldr	r3, [r2, #88]
 407 000c 23F00103 		bic	r3, r3, #1
 408 0010 9365     		str	r3, [r2, #88]
 172:Src/tim.c     **** 
 173:Src/tim.c     ****     /* TIM2 interrupt Deinit */
 174:Src/tim.c     ****     HAL_NVIC_DisableIRQ(TIM2_IRQn);
 409              		.loc 1 174 0
 410 0012 1C20     		movs	r0, #28
 411              	.LVL24:
 412 0014 FFF7FEBF 		b	HAL_NVIC_DisableIRQ
 413              	.LVL25:
 414              	.L41:
 175:Src/tim.c     ****   /* USER CODE BEGIN TIM2_MspDeInit 1 */
 176:Src/tim.c     **** 
 177:Src/tim.c     ****   /* USER CODE END TIM2_MspDeInit 1 */
 178:Src/tim.c     ****   }
 179:Src/tim.c     ****   else if(tim_baseHandle->Instance==TIM16)
 415              		.loc 1 179 0
 416 0018 084A     		ldr	r2, .L43+4
 417 001a 9342     		cmp	r3, r2
 418 001c 0AD1     		bne	.L40
 180:Src/tim.c     ****   {
 181:Src/tim.c     ****   /* USER CODE BEGIN TIM16_MspDeInit 0 */
 182:Src/tim.c     **** 
 183:Src/tim.c     ****   /* USER CODE END TIM16_MspDeInit 0 */
 184:Src/tim.c     ****     /* Peripheral clock disable */
 185:Src/tim.c     ****     __HAL_RCC_TIM16_CLK_DISABLE();
 419              		.loc 1 185 0
 420 001e 02F54C42 		add	r2, r2, #52224
 186:Src/tim.c     **** 
 187:Src/tim.c     ****     /**TIM16 GPIO Configuration
 188:Src/tim.c     ****     PB8     ------> TIM16_CH1
 189:Src/tim.c     ****     */
ARM GAS  C:\Users\LuckyE\AppData\Local\Temp\ccL8iIKN.s 			page 12


 190:Src/tim.c     ****     HAL_GPIO_DeInit(GPIOB, GPIO_PIN_8);
 421              		.loc 1 190 0
 422 0022 4FF48071 		mov	r1, #256
 185:Src/tim.c     **** 
 423              		.loc 1 185 0
 424 0026 136E     		ldr	r3, [r2, #96]
 425              		.loc 1 190 0
 426 0028 0548     		ldr	r0, .L43+8
 427              	.LVL26:
 185:Src/tim.c     **** 
 428              		.loc 1 185 0
 429 002a 23F40033 		bic	r3, r3, #131072
 430 002e 1366     		str	r3, [r2, #96]
 431              		.loc 1 190 0
 432 0030 FFF7FEBF 		b	HAL_GPIO_DeInit
 433              	.LVL27:
 434              	.L40:
 191:Src/tim.c     **** 
 192:Src/tim.c     ****   /* USER CODE BEGIN TIM16_MspDeInit 1 */
 193:Src/tim.c     **** 
 194:Src/tim.c     ****   /* USER CODE END TIM16_MspDeInit 1 */
 195:Src/tim.c     ****   }
 196:Src/tim.c     **** }
 435              		.loc 1 196 0
 436 0034 7047     		bx	lr
 437              	.L44:
 438 0036 00BF     		.align	2
 439              	.L43:
 440 0038 00100240 		.word	1073876992
 441 003c 00440140 		.word	1073824768
 442 0040 00040048 		.word	1207960576
 443              		.cfi_endproc
 444              	.LFE290:
 446              		.comm	htim16,64,4
 447              		.comm	htim2,64,4
 448              		.section	.rodata.MX_TIM2_Init.str1.1,"aMS",%progbits,1
 449              	.LC0:
 450 0000 5372632F 		.ascii	"Src/tim.c\000"
 450      74696D2E 
 450      6300
 451              		.text
 452              	.Letext0:
 453              		.file 2 "c:\\bearpi\\developtools\\gnu tools arm embedded\\7 2018-q2-update\\arm-none-eabi\\includ
 454              		.file 3 "c:\\bearpi\\developtools\\gnu tools arm embedded\\7 2018-q2-update\\arm-none-eabi\\includ
 455              		.file 4 "c:\\bearpi\\developtools\\gnu tools arm embedded\\7 2018-q2-update\\arm-none-eabi\\includ
 456              		.file 5 "c:\\bearpi\\developtools\\gnu tools arm embedded\\7 2018-q2-update\\lib\\gcc\\arm-none-ea
 457              		.file 6 "c:\\bearpi\\developtools\\gnu tools arm embedded\\7 2018-q2-update\\arm-none-eabi\\includ
 458              		.file 7 "../../iot_link/os/liteos/include/los_typedef.h"
 459              		.file 8 "c:\\bearpi\\developtools\\gnu tools arm embedded\\7 2018-q2-update\\arm-none-eabi\\includ
 460              		.file 9 "../../iot_link/os/liteos/arch/arm/common/cmsis/core_cm4.h"
 461              		.file 10 "D:/File/bearpi_liteos/bearpi-iot_std_liteos-master/targets/STM32L431_BearPi/Inc/system_s
 462              		.file 11 "D:/File/bearpi_liteos/bearpi-iot_std_liteos-master/targets/STM32L431_BearPi/Inc/stm32l43
 463              		.file 12 "../../drivers/third_party/ST/STM32L4xx_HAL_Driver/Inc/stm32l4xx_hal_def.h"
 464              		.file 13 "../../drivers/third_party/ST/STM32L4xx_HAL_Driver/Inc/stm32l4xx_hal_gpio.h"
 465              		.file 14 "../../drivers/third_party/ST/STM32L4xx_HAL_Driver/Inc/stm32l4xx_hal_dma.h"
 466              		.file 15 "../../drivers/third_party/ST/STM32L4xx_HAL_Driver/Inc/stm32l4xx_hal_tim.h"
 467              		.file 16 "../../iot_link/os/liteos/include/los_config.h"
ARM GAS  C:\Users\LuckyE\AppData\Local\Temp\ccL8iIKN.s 			page 13


 468              		.file 17 "../../iot_link/os/liteos/include/los_err.h"
 469              		.file 18 "../../iot_link/os/liteos/arch/arm/arm-m/include/los_hwi.h"
 470              		.file 19 "D:/File/bearpi_liteos/bearpi-iot_std_liteos-master/targets/STM32L431_BearPi/Inc/tim.h"
 471              		.file 20 "../../drivers/third_party/ST/STM32L4xx_HAL_Driver/Inc/stm32l4xx_hal_cortex.h"
 472              		.file 21 "D:/File/bearpi_liteos/bearpi-iot_std_liteos-master/targets/STM32L431_BearPi/Inc/main.h"
 473              		.file 22 "../../drivers/third_party/ST/STM32L4xx_HAL_Driver/Inc/stm32l4xx_hal_tim_ex.h"
 474              		.file 23 "<built-in>"
ARM GAS  C:\Users\LuckyE\AppData\Local\Temp\ccL8iIKN.s 			page 14


DEFINED SYMBOLS
                            *ABS*:00000000 tim.c
C:\Users\LuckyE\AppData\Local\Temp\ccL8iIKN.s:18     .text.MX_TIM2_Init:00000000 $t
C:\Users\LuckyE\AppData\Local\Temp\ccL8iIKN.s:25     .text.MX_TIM2_Init:00000000 MX_TIM2_Init
C:\Users\LuckyE\AppData\Local\Temp\ccL8iIKN.s:107    .text.MX_TIM2_Init:00000068 $d
                            *COM*:00000040 htim2
C:\Users\LuckyE\AppData\Local\Temp\ccL8iIKN.s:113    .text.MX_TIM16_Init:00000000 $t
C:\Users\LuckyE\AppData\Local\Temp\ccL8iIKN.s:120    .text.MX_TIM16_Init:00000000 MX_TIM16_Init
C:\Users\LuckyE\AppData\Local\Temp\ccL8iIKN.s:245    .text.MX_TIM16_Init:000000a8 $d
                            *COM*:00000040 htim16
C:\Users\LuckyE\AppData\Local\Temp\ccL8iIKN.s:252    .text.HAL_TIM_Base_MspInit:00000000 $t
C:\Users\LuckyE\AppData\Local\Temp\ccL8iIKN.s:259    .text.HAL_TIM_Base_MspInit:00000000 HAL_TIM_Base_MspInit
C:\Users\LuckyE\AppData\Local\Temp\ccL8iIKN.s:378    .text.HAL_TIM_Base_MspInit:00000088 $d
C:\Users\LuckyE\AppData\Local\Temp\ccL8iIKN.s:385    .text.HAL_TIM_Base_MspDeInit:00000000 $t
C:\Users\LuckyE\AppData\Local\Temp\ccL8iIKN.s:392    .text.HAL_TIM_Base_MspDeInit:00000000 HAL_TIM_Base_MspDeInit
C:\Users\LuckyE\AppData\Local\Temp\ccL8iIKN.s:440    .text.HAL_TIM_Base_MspDeInit:00000038 $d

UNDEFINED SYMBOLS
HAL_TIM_Base_Init
_Error_Handler
HAL_TIM_ConfigClockSource
HAL_TIMEx_MasterConfigSynchronization
memset
HAL_TIM_PWM_Init
HAL_TIM_PWM_ConfigChannel
HAL_TIMEx_ConfigBreakDeadTime
HAL_NVIC_SetPriority
HAL_NVIC_EnableIRQ
HAL_GPIO_Init
HAL_NVIC_DisableIRQ
HAL_GPIO_DeInit
