ARM GAS  C:\Users\LuckyE\AppData\Local\Temp\ccyuCiPO.s 			page 1


   1              		.cpu cortex-m4
   2              		.eabi_attribute 27, 1
   3              		.eabi_attribute 28, 1
   4              		.eabi_attribute 20, 1
   5              		.eabi_attribute 21, 1
   6              		.eabi_attribute 23, 3
   7              		.eabi_attribute 24, 1
   8              		.eabi_attribute 25, 1
   9              		.eabi_attribute 26, 1
  10              		.eabi_attribute 30, 4
  11              		.eabi_attribute 34, 1
  12              		.eabi_attribute 18, 4
  13              		.file	"uart_debug.c"
  14              		.text
  15              	.Ltext0:
  16              		.cfi_sections	.debug_frame
  17              		.section	.text.uart_debug_irq,"ax",%progbits
  18              		.align	1
  19              		.syntax unified
  20              		.thumb
  21              		.thumb_func
  22              		.fpu fpv4-sp-d16
  24              	uart_debug_irq:
  25              	.LFB287:
  26              		.file 1 "Src/uart_debug.c"
   1:Src/uart_debug.c **** /*----------------------------------------------------------------------------
   2:Src/uart_debug.c ****  * Copyright (c) <2016-2018>, <Huawei Technologies Co., Ltd>
   3:Src/uart_debug.c ****  * All rights reserved.
   4:Src/uart_debug.c ****  * Redistribution and use in source and binary forms, with or without modification,
   5:Src/uart_debug.c ****  * are permitted provided that the following conditions are met:
   6:Src/uart_debug.c ****  * 1. Redistributions of source code must retain the above copyright notice, this list of
   7:Src/uart_debug.c ****  * conditions and the following disclaimer.
   8:Src/uart_debug.c ****  * 2. Redistributions in binary form must reproduce the above copyright notice, this list
   9:Src/uart_debug.c ****  * of conditions and the following disclaimer in the documentation and/or other materials
  10:Src/uart_debug.c ****  * provided with the distribution.
  11:Src/uart_debug.c ****  * 3. Neither the name of the copyright holder nor the names of its contributors may be used
  12:Src/uart_debug.c ****  * to endorse or promote products derived from this software without specific prior written
  13:Src/uart_debug.c ****  * permission.
  14:Src/uart_debug.c ****  * THIS SOFTWARE IS PROVIDED BY THE COPYRIGHT HOLDERS AND CONTRIBUTORS
  15:Src/uart_debug.c ****  * "AS IS" AND ANY EXPRESS OR IMPLIED WARRANTIES, INCLUDING, BUT NOT LIMITED TO,
  16:Src/uart_debug.c ****  * THE IMPLIED WARRANTIES OF MERCHANTABILITY AND FITNESS FOR A PARTICULAR
  17:Src/uart_debug.c ****  * PURPOSE ARE DISCLAIMED. IN NO EVENT SHALL THE COPYRIGHT HOLDER OR
  18:Src/uart_debug.c ****  * CONTRIBUTORS BE LIABLE FOR ANY DIRECT, INDIRECT, INCIDENTAL, SPECIAL,
  19:Src/uart_debug.c ****  * EXEMPLARY, OR CONSEQUENTIAL DAMAGES (INCLUDING, BUT NOT LIMITED TO,
  20:Src/uart_debug.c ****  * PROCUREMENT OF SUBSTITUTE GOODS OR SERVICES; LOSS OF USE, DATA, OR PROFITS;
  21:Src/uart_debug.c ****  * OR BUSINESS INTERRUPTION) HOWEVER CAUSED AND ON ANY THEORY OF LIABILITY,
  22:Src/uart_debug.c ****  * WHETHER IN CONTRACT, STRICT LIABILITY, OR TORT (INCLUDING NEGLIGENCE OR
  23:Src/uart_debug.c ****  * OTHERWISE) ARISING IN ANY WAY OUT OF THE USE OF THIS SOFTWARE, EVEN IF
  24:Src/uart_debug.c ****  * ADVISED OF THE POSSIBILITY OF SUCH DAMAGE.
  25:Src/uart_debug.c ****  *---------------------------------------------------------------------------*/
  26:Src/uart_debug.c **** /*----------------------------------------------------------------------------
  27:Src/uart_debug.c ****  * Notice of Export Control Law
  28:Src/uart_debug.c ****  * ===============================================
  29:Src/uart_debug.c ****  * Huawei LiteOS may be subject to applicable export control laws and regulations, which might
  30:Src/uart_debug.c ****  * include those applicable to Huawei LiteOS of U.S. and the country in which you are located.
  31:Src/uart_debug.c ****  * Import, export and usage of Huawei LiteOS in any manner by you shall be in compliance with such
  32:Src/uart_debug.c ****  * applicable export control laws and regulations.
ARM GAS  C:\Users\LuckyE\AppData\Local\Temp\ccyuCiPO.s 			page 2


  33:Src/uart_debug.c ****  *---------------------------------------------------------------------------*/
  34:Src/uart_debug.c **** 
  35:Src/uart_debug.c **** #include "usart.h"
  36:Src/uart_debug.c **** 
  37:Src/uart_debug.c **** #include "stm32l4xx.h"
  38:Src/uart_debug.c **** #include <stdint.h>
  39:Src/uart_debug.c **** #include <stddef.h>
  40:Src/uart_debug.c **** 
  41:Src/uart_debug.c **** #include <osal.h>
  42:Src/uart_debug.c **** #include <link_misc.h>
  43:Src/uart_debug.c **** 
  44:Src/uart_debug.c **** #include <los_hwi.h>
  45:Src/uart_debug.c **** #include <los_sem.h>
  46:Src/uart_debug.c **** #include <los_base.h>
  47:Src/uart_debug.c **** 
  48:Src/uart_debug.c **** #define CN_RCV_RING_BUFLEN  128
  49:Src/uart_debug.c **** 
  50:Src/uart_debug.c **** static USART_TypeDef*     s_pUSART = USART1;
  51:Src/uart_debug.c **** static uint32_t           s_uwIRQn = USART1_IRQn;
  52:Src/uart_debug.c **** 
  53:Src/uart_debug.c **** static bool_t s_uart_init = false;
  54:Src/uart_debug.c **** 
  55:Src/uart_debug.c **** /* USART1 init function */
  56:Src/uart_debug.c **** UART_HandleTypeDef uart_debug;
  57:Src/uart_debug.c **** static tag_ring_buffer_t  s_uartdebug_rcv_ring;
  58:Src/uart_debug.c **** static unsigned char      s_uartdebug_rcv_ringmem[CN_RCV_RING_BUFLEN];
  59:Src/uart_debug.c **** static UINT32        s_uartdebug_rcv_sync;
  60:Src/uart_debug.c **** static void uart_debug_irq(void)
  61:Src/uart_debug.c **** {
  27              		.loc 1 61 0
  28              		.cfi_startproc
  29              		@ args = 0, pretend = 0, frame = 8
  30              		@ frame_needed = 0, uses_anonymous_args = 0
  62:Src/uart_debug.c ****     unsigned char value;
  63:Src/uart_debug.c ****     if(__HAL_UART_GET_FLAG(&uart_debug, UART_FLAG_RXNE) != RESET)
  31              		.loc 1 63 0
  32 0000 0D4B     		ldr	r3, .L7
  33 0002 1B68     		ldr	r3, [r3]
  61:Src/uart_debug.c ****     unsigned char value;
  34              		.loc 1 61 0
  35 0004 07B5     		push	{r0, r1, r2, lr}
  36              	.LCFI0:
  37              		.cfi_def_cfa_offset 16
  38              		.cfi_offset 14, -4
  39              		.loc 1 63 0
  40 0006 DA69     		ldr	r2, [r3, #28]
  41 0008 9106     		lsls	r1, r2, #26
  42 000a 0ED5     		bpl	.L2
  64:Src/uart_debug.c ****     {
  65:Src/uart_debug.c ****         value = (uint8_t)(uart_debug.Instance->RDR & 0x00FF);
  43              		.loc 1 65 0
  44 000c 02A9     		add	r1, sp, #8
  45 000e 9B8C     		ldrh	r3, [r3, #36]
  46 0010 01F8013D 		strb	r3, [r1, #-1]!
  66:Src/uart_debug.c ****         ring_buffer_write(&s_uartdebug_rcv_ring,&value,1);
  47              		.loc 1 66 0
  48 0014 0122     		movs	r2, #1
ARM GAS  C:\Users\LuckyE\AppData\Local\Temp\ccyuCiPO.s 			page 3


  49 0016 0948     		ldr	r0, .L7+4
  50 0018 FFF7FEFF 		bl	ring_buffer_write
  51              	.LVL0:
  67:Src/uart_debug.c ****         LOS_SemPost(s_uartdebug_rcv_sync);
  52              		.loc 1 67 0
  53 001c 084B     		ldr	r3, .L7+8
  54 001e 1868     		ldr	r0, [r3]
  55 0020 FFF7FEFF 		bl	LOS_SemPost
  56              	.LVL1:
  57              	.L1:
  68:Src/uart_debug.c ****     }
  69:Src/uart_debug.c ****     else if (__HAL_UART_GET_FLAG(&uart_debug,UART_FLAG_IDLE) != RESET)
  70:Src/uart_debug.c ****     {
  71:Src/uart_debug.c ****         __HAL_UART_CLEAR_IDLEFLAG(&uart_debug);
  72:Src/uart_debug.c ****     }
  73:Src/uart_debug.c **** }
  58              		.loc 1 73 0
  59 0024 03B0     		add	sp, sp, #12
  60              	.LCFI1:
  61              		.cfi_remember_state
  62              		.cfi_def_cfa_offset 4
  63              		@ sp needed
  64 0026 5DF804FB 		ldr	pc, [sp], #4
  65              	.L2:
  66              	.LCFI2:
  67              		.cfi_restore_state
  69:Src/uart_debug.c ****     {
  68              		.loc 1 69 0
  69 002a DA69     		ldr	r2, [r3, #28]
  70 002c D206     		lsls	r2, r2, #27
  71:Src/uart_debug.c ****     }
  71              		.loc 1 71 0
  72 002e 44BF     		itt	mi
  73 0030 1022     		movmi	r2, #16
  74 0032 1A62     		strmi	r2, [r3, #32]
  75              		.loc 1 73 0
  76 0034 F6E7     		b	.L1
  77              	.L8:
  78 0036 00BF     		.align	2
  79              	.L7:
  80 0038 00000000 		.word	uart_debug
  81 003c 00000000 		.word	.LANCHOR0
  82 0040 00000000 		.word	.LANCHOR1
  83              		.cfi_endproc
  84              	.LFE287:
  86              		.section	.text.shell_uart_init,"ax",%progbits
  87              		.align	1
  88              		.global	shell_uart_init
  89              		.syntax unified
  90              		.thumb
  91              		.thumb_func
  92              		.fpu fpv4-sp-d16
  94              	shell_uart_init:
  95              	.LFB288:
  74:Src/uart_debug.c **** void shell_uart_init(int baud)
  75:Src/uart_debug.c **** {
  96              		.loc 1 75 0
ARM GAS  C:\Users\LuckyE\AppData\Local\Temp\ccyuCiPO.s 			page 4


  97              		.cfi_startproc
  98              		@ args = 0, pretend = 0, frame = 0
  99              		@ frame_needed = 0, uses_anonymous_args = 0
 100              	.LVL2:
 101 0000 37B5     		push	{r0, r1, r2, r4, r5, lr}
 102              	.LCFI3:
 103              		.cfi_def_cfa_offset 24
 104              		.cfi_offset 4, -12
 105              		.cfi_offset 5, -8
 106              		.cfi_offset 14, -4
  76:Src/uart_debug.c ****     uart_debug.Instance = s_pUSART;
 107              		.loc 1 76 0
 108 0002 174B     		ldr	r3, .L11
 109 0004 174C     		ldr	r4, .L11+4
  77:Src/uart_debug.c ****     uart_debug.Init.BaudRate = baud;
  78:Src/uart_debug.c ****     uart_debug.Init.WordLength = UART_WORDLENGTH_8B;
  79:Src/uart_debug.c ****     uart_debug.Init.StopBits = UART_STOPBITS_1;
  80:Src/uart_debug.c ****     uart_debug.Init.Parity = UART_PARITY_NONE;
  81:Src/uart_debug.c ****     uart_debug.Init.Mode = UART_MODE_TX_RX;
 110              		.loc 1 81 0
 111 0006 0C22     		movs	r2, #12
  77:Src/uart_debug.c ****     uart_debug.Init.BaudRate = baud;
 112              		.loc 1 77 0
 113 0008 C4E90030 		strd	r3, r0, [r4]
  78:Src/uart_debug.c ****     uart_debug.Init.StopBits = UART_STOPBITS_1;
 114              		.loc 1 78 0
 115 000c 0023     		movs	r3, #0
  82:Src/uart_debug.c ****     uart_debug.Init.HwFlowCtl = UART_HWCONTROL_NONE;
  83:Src/uart_debug.c ****     uart_debug.Init.OverSampling = UART_OVERSAMPLING_16;
  84:Src/uart_debug.c ****     if (HAL_UART_Init(&uart_debug) != HAL_OK)
 116              		.loc 1 84 0
 117 000e 2046     		mov	r0, r4
 118              	.LVL3:
  79:Src/uart_debug.c ****     uart_debug.Init.Parity = UART_PARITY_NONE;
 119              		.loc 1 79 0
 120 0010 C4E90233 		strd	r3, r3, [r4, #8]
  80:Src/uart_debug.c ****     uart_debug.Init.Mode = UART_MODE_TX_RX;
 121              		.loc 1 80 0
 122 0014 2361     		str	r3, [r4, #16]
  82:Src/uart_debug.c ****     uart_debug.Init.HwFlowCtl = UART_HWCONTROL_NONE;
 123              		.loc 1 82 0
 124 0016 C4E90523 		strd	r2, r3, [r4, #20]
  83:Src/uart_debug.c ****     if (HAL_UART_Init(&uart_debug) != HAL_OK)
 125              		.loc 1 83 0
 126 001a E361     		str	r3, [r4, #28]
 127              		.loc 1 84 0
 128 001c FFF7FEFF 		bl	HAL_UART_Init
 129              	.LVL4:
 130 0020 0546     		mov	r5, r0
 131 0022 D0B9     		cbnz	r0, .L9
  85:Src/uart_debug.c ****     {
  86:Src/uart_debug.c ****         return;
  87:Src/uart_debug.c ****     }
  88:Src/uart_debug.c ****     LOS_HwiCreate(s_uwIRQn, 3, 0, uart_debug_irq, 0);
 132              		.loc 1 88 0
 133 0024 0246     		mov	r2, r0
 134 0026 0090     		str	r0, [sp]
ARM GAS  C:\Users\LuckyE\AppData\Local\Temp\ccyuCiPO.s 			page 5


 135 0028 0F4B     		ldr	r3, .L11+8
 136 002a 0321     		movs	r1, #3
 137 002c 2520     		movs	r0, #37
 138 002e FFF7FEFF 		bl	LOS_HwiCreate
 139              	.LVL5:
  89:Src/uart_debug.c ****     //__HAL_UART_ENABLE_IT(&uart_debug, UART_IT_IDLE);
  90:Src/uart_debug.c ****     __HAL_UART_ENABLE_IT(&uart_debug, UART_IT_RXNE);
 140              		.loc 1 90 0
 141 0032 2268     		ldr	r2, [r4]
 142 0034 1368     		ldr	r3, [r2]
 143 0036 43F02003 		orr	r3, r3, #32
 144 003a 1360     		str	r3, [r2]
  91:Src/uart_debug.c ****     
  92:Src/uart_debug.c ****     //create the receive buffer and receive sync
  93:Src/uart_debug.c ****     extern UINT32 osSemCreate (UINT16 usCount, UINT16 usMaxCount, UINT32 *puwSemHandle);
  94:Src/uart_debug.c ****     osSemCreate(0,CN_RCV_RING_BUFLEN,(UINT32 *)&s_uartdebug_rcv_sync);
 145              		.loc 1 94 0
 146 003c 8021     		movs	r1, #128
 147 003e 0B4A     		ldr	r2, .L11+12
 148 0040 2846     		mov	r0, r5
 149 0042 FFF7FEFF 		bl	osSemCreate
 150              	.LVL6:
  95:Src/uart_debug.c ****     ring_buffer_init(&s_uartdebug_rcv_ring,s_uartdebug_rcv_ringmem,CN_RCV_RING_BUFLEN,0,0);
 151              		.loc 1 95 0
 152 0046 2B46     		mov	r3, r5
 153 0048 8022     		movs	r2, #128
 154 004a 0095     		str	r5, [sp]
 155 004c 0849     		ldr	r1, .L11+16
 156 004e 0948     		ldr	r0, .L11+20
 157 0050 FFF7FEFF 		bl	ring_buffer_init
 158              	.LVL7:
  96:Src/uart_debug.c ****     s_uart_init = true;
 159              		.loc 1 96 0
 160 0054 084B     		ldr	r3, .L11+24
 161 0056 0122     		movs	r2, #1
 162 0058 1A60     		str	r2, [r3]
 163              	.L9:
  97:Src/uart_debug.c **** 
  98:Src/uart_debug.c **** }
 164              		.loc 1 98 0
 165 005a 03B0     		add	sp, sp, #12
 166              	.LCFI4:
 167              		.cfi_def_cfa_offset 12
 168              		@ sp needed
 169 005c 30BD     		pop	{r4, r5, pc}
 170              	.L12:
 171 005e 00BF     		.align	2
 172              	.L11:
 173 0060 00380140 		.word	1073821696
 174 0064 00000000 		.word	uart_debug
 175 0068 00000000 		.word	uart_debug_irq
 176 006c 00000000 		.word	.LANCHOR1
 177 0070 00000000 		.word	.LANCHOR2
 178 0074 00000000 		.word	.LANCHOR0
 179 0078 00000000 		.word	.LANCHOR3
 180              		.cfi_endproc
 181              	.LFE288:
ARM GAS  C:\Users\LuckyE\AppData\Local\Temp\ccyuCiPO.s 			page 6


 183              		.section	.text._write,"ax",%progbits
 184              		.align	1
 185              		.global	_write
 186              		.syntax unified
 187              		.thumb
 188              		.thumb_func
 189              		.fpu fpv4-sp-d16
 191              	_write:
 192              	.LFB289:
  99:Src/uart_debug.c **** 
 100:Src/uart_debug.c **** 
 101:Src/uart_debug.c **** /* define fputc */
 102:Src/uart_debug.c **** #if defined ( __CC_ARM ) || defined ( __ICCARM__ )  /* KEIL and IAR: printf will call fputc to prin
 103:Src/uart_debug.c **** int fputc(int ch, FILE *f)
 104:Src/uart_debug.c **** {
 105:Src/uart_debug.c ****     HAL_UART_Transmit(&uart_debug, (uint8_t *)&ch, 1, 0xFFFF);
 106:Src/uart_debug.c ****     return ch;
 107:Src/uart_debug.c **** }
 108:Src/uart_debug.c **** int fgetc(FILE *f){
 109:Src/uart_debug.c ****     int ret = 0;
 110:Src/uart_debug.c ****     unsigned char  value;
 111:Src/uart_debug.c ****     do
 112:Src/uart_debug.c ****     {
 113:Src/uart_debug.c ****         if(LOS_OK == LOS_SemPend(s_uartdebug_rcv_sync,LOS_WAIT_FOREVER))
 114:Src/uart_debug.c ****         {
 115:Src/uart_debug.c ****             ret = ring_buffer_read(&s_uartdebug_rcv_ring,&value,1);
 116:Src/uart_debug.c ****         }
 117:Src/uart_debug.c ****     }while(ret <=0);
 118:Src/uart_debug.c ****     ret = value;
 119:Src/uart_debug.c ****     return ret;
 120:Src/uart_debug.c **** }
 121:Src/uart_debug.c **** #elif defined ( __GNUC__ )  /* GCC: printf will call _write to print */
 122:Src/uart_debug.c **** 
 123:Src/uart_debug.c **** 
 124:Src/uart_debug.c **** __attribute__((used)) int _write(int fd, char *ptr, int len)
 125:Src/uart_debug.c **** {
 193              		.loc 1 125 0
 194              		.cfi_startproc
 195              		@ args = 0, pretend = 0, frame = 0
 196              		@ frame_needed = 0, uses_anonymous_args = 0
 197              	.LVL8:
 126:Src/uart_debug.c ****     if(s_uart_init)
 198              		.loc 1 126 0
 199 0000 064B     		ldr	r3, .L18
 200 0002 1B68     		ldr	r3, [r3]
 125:Src/uart_debug.c ****     if(s_uart_init)
 201              		.loc 1 125 0
 202 0004 10B5     		push	{r4, lr}
 203              	.LCFI5:
 204              		.cfi_def_cfa_offset 8
 205              		.cfi_offset 4, -8
 206              		.cfi_offset 14, -4
 125:Src/uart_debug.c ****     if(s_uart_init)
 207              		.loc 1 125 0
 208 0006 1446     		mov	r4, r2
 209              		.loc 1 126 0
 210 0008 2BB1     		cbz	r3, .L14
ARM GAS  C:\Users\LuckyE\AppData\Local\Temp\ccyuCiPO.s 			page 7


 127:Src/uart_debug.c ****     {
 128:Src/uart_debug.c ****         HAL_UART_Transmit(&uart_debug, (uint8_t *)ptr, len, 0xFFFF);
 211              		.loc 1 128 0
 212 000a 4FF6FF73 		movw	r3, #65535
 213 000e 92B2     		uxth	r2, r2
 214              	.LVL9:
 215 0010 0348     		ldr	r0, .L18+4
 216              	.LVL10:
 217 0012 FFF7FEFF 		bl	HAL_UART_Transmit
 218              	.LVL11:
 219              	.L14:
 129:Src/uart_debug.c ****     }
 130:Src/uart_debug.c ****     return len;
 131:Src/uart_debug.c **** }
 220              		.loc 1 131 0
 221 0016 2046     		mov	r0, r4
 222 0018 10BD     		pop	{r4, pc}
 223              	.LVL12:
 224              	.L19:
 225 001a 00BF     		.align	2
 226              	.L18:
 227 001c 00000000 		.word	.LANCHOR3
 228 0020 00000000 		.word	uart_debug
 229              		.cfi_endproc
 230              	.LFE289:
 232              		.section	.text._read,"ax",%progbits
 233              		.align	1
 234              		.global	_read
 235              		.syntax unified
 236              		.thumb
 237              		.thumb_func
 238              		.fpu fpv4-sp-d16
 240              	_read:
 241              	.LFB290:
 132:Src/uart_debug.c **** __attribute__((used)) int _read(int fd, char *ptr, int len)
 133:Src/uart_debug.c **** {
 242              		.loc 1 133 0
 243              		.cfi_startproc
 244              		@ args = 0, pretend = 0, frame = 8
 245              		@ frame_needed = 0, uses_anonymous_args = 0
 246              	.LVL13:
 247 0000 73B5     		push	{r0, r1, r4, r5, r6, lr}
 248              	.LCFI6:
 249              		.cfi_def_cfa_offset 24
 250              		.cfi_offset 4, -16
 251              		.cfi_offset 5, -12
 252              		.cfi_offset 6, -8
 253              		.cfi_offset 14, -4
 134:Src/uart_debug.c ****     int ret = 0;
 135:Src/uart_debug.c ****     unsigned char  value;
 136:Src/uart_debug.c ****     do
 137:Src/uart_debug.c ****     {
 138:Src/uart_debug.c ****         if(LOS_OK == LOS_SemPend(s_uartdebug_rcv_sync,LOS_WAIT_FOREVER))
 254              		.loc 1 138 0
 255 0002 0C4E     		ldr	r6, .L25
 139:Src/uart_debug.c ****         {
 140:Src/uart_debug.c ****             ret = ring_buffer_read(&s_uartdebug_rcv_ring,&value,1);
ARM GAS  C:\Users\LuckyE\AppData\Local\Temp\ccyuCiPO.s 			page 8


 256              		.loc 1 140 0
 257 0004 0C4D     		ldr	r5, .L25+4
 133:Src/uart_debug.c ****     int ret = 0;
 258              		.loc 1 133 0
 259 0006 0C46     		mov	r4, r1
 260              	.LVL14:
 261              	.L21:
 138:Src/uart_debug.c ****         {
 262              		.loc 1 138 0
 263 0008 4FF0FF31 		mov	r1, #-1
 264 000c 3068     		ldr	r0, [r6]
 265 000e FFF7FEFF 		bl	LOS_SemPend
 266              	.LVL15:
 267 0012 0028     		cmp	r0, #0
 268 0014 F8D1     		bne	.L21
 269              		.loc 1 140 0
 270 0016 0122     		movs	r2, #1
 271 0018 0DF10701 		add	r1, sp, #7
 272 001c 2846     		mov	r0, r5
 273 001e FFF7FEFF 		bl	ring_buffer_read
 274              	.LVL16:
 141:Src/uart_debug.c ****         }
 142:Src/uart_debug.c ****     }while(ret <=0);
 275              		.loc 1 142 0
 276 0022 0028     		cmp	r0, #0
 277 0024 F0DD     		ble	.L21
 143:Src/uart_debug.c ****     *(unsigned char *)ptr = value;
 278              		.loc 1 143 0
 279 0026 9DF80730 		ldrb	r3, [sp, #7]	@ zero_extendqisi2
 280 002a 2370     		strb	r3, [r4]
 144:Src/uart_debug.c ****     return 1;
 145:Src/uart_debug.c **** }
 281              		.loc 1 145 0
 282 002c 0120     		movs	r0, #1
 283              	.LVL17:
 284 002e 02B0     		add	sp, sp, #8
 285              	.LCFI7:
 286              		.cfi_def_cfa_offset 16
 287              		@ sp needed
 288 0030 70BD     		pop	{r4, r5, r6, pc}
 289              	.LVL18:
 290              	.L26:
 291 0032 00BF     		.align	2
 292              	.L25:
 293 0034 00000000 		.word	.LANCHOR1
 294 0038 00000000 		.word	.LANCHOR0
 295              		.cfi_endproc
 296              	.LFE290:
 298              		.comm	uart_debug,120,4
 299              		.section	.bss.s_uart_init,"aw",%nobits
 300              		.align	2
 301              		.set	.LANCHOR3,. + 0
 304              	s_uart_init:
 305 0000 00000000 		.space	4
 306              		.section	.bss.s_uartdebug_rcv_ring,"aw",%nobits
 307              		.align	2
 308              		.set	.LANCHOR0,. + 0
ARM GAS  C:\Users\LuckyE\AppData\Local\Temp\ccyuCiPO.s 			page 9


 311              	s_uartdebug_rcv_ring:
 312 0000 00000000 		.space	16
 312      00000000 
 312      00000000 
 312      00000000 
 313              		.section	.bss.s_uartdebug_rcv_ringmem,"aw",%nobits
 314              		.set	.LANCHOR2,. + 0
 317              	s_uartdebug_rcv_ringmem:
 318 0000 00000000 		.space	128
 318      00000000 
 318      00000000 
 318      00000000 
 318      00000000 
 319              		.section	.bss.s_uartdebug_rcv_sync,"aw",%nobits
 320              		.align	2
 321              		.set	.LANCHOR1,. + 0
 324              	s_uartdebug_rcv_sync:
 325 0000 00000000 		.space	4
 326              		.text
 327              	.Letext0:
 328              		.file 2 "c:\\bearpi\\developtools\\gnu tools arm embedded\\7 2018-q2-update\\arm-none-eabi\\includ
 329              		.file 3 "c:\\bearpi\\developtools\\gnu tools arm embedded\\7 2018-q2-update\\arm-none-eabi\\includ
 330              		.file 4 "c:\\bearpi\\developtools\\gnu tools arm embedded\\7 2018-q2-update\\arm-none-eabi\\includ
 331              		.file 5 "c:\\bearpi\\developtools\\gnu tools arm embedded\\7 2018-q2-update\\lib\\gcc\\arm-none-ea
 332              		.file 6 "c:\\bearpi\\developtools\\gnu tools arm embedded\\7 2018-q2-update\\arm-none-eabi\\includ
 333              		.file 7 "../../iot_link/os/liteos/include/los_typedef.h"
 334              		.file 8 "c:\\bearpi\\developtools\\gnu tools arm embedded\\7 2018-q2-update\\arm-none-eabi\\includ
 335              		.file 9 "../../iot_link/os/liteos/arch/arm/common/cmsis/core_cm4.h"
 336              		.file 10 "D:/File/bearpi_liteos/bearpi-iot_std_liteos-master/targets/STM32L431_BearPi/Inc/system_s
 337              		.file 11 "D:/File/bearpi_liteos/bearpi-iot_std_liteos-master/targets/STM32L431_BearPi/Inc/stm32l43
 338              		.file 12 "D:/File/bearpi_liteos/bearpi-iot_std_liteos-master/targets/STM32L431_BearPi/Inc/stm32l4x
 339              		.file 13 "../../drivers/third_party/ST/STM32L4xx_HAL_Driver/Inc/stm32l4xx_hal_def.h"
 340              		.file 14 "../../drivers/third_party/ST/STM32L4xx_HAL_Driver/Inc/stm32l4xx_hal_dma.h"
 341              		.file 15 "../../drivers/third_party/ST/STM32L4xx_HAL_Driver/Inc/stm32l4xx_hal_uart.h"
 342              		.file 16 "../../iot_link/os/liteos/include/los_config.h"
 343              		.file 17 "../../iot_link/os/liteos/include/los_err.h"
 344              		.file 18 "../../iot_link/os/liteos/arch/arm/arm-m/include/los_hwi.h"
 345              		.file 19 "D:/File/bearpi_liteos/bearpi-iot_std_liteos-master/targets/STM32L431_BearPi/Inc/usart.h"
 346              		.file 20 "../../iot_link/link_misc/link_misc.h"
 347              		.file 21 "../../iot_link/os/liteos/include/los_tick.h"
 348              		.file 22 "../../iot_link/os/liteos/include/los_task.h"
 349              		.file 23 "../../iot_link/os/liteos/include/los_sem.h"
ARM GAS  C:\Users\LuckyE\AppData\Local\Temp\ccyuCiPO.s 			page 10


DEFINED SYMBOLS
                            *ABS*:00000000 uart_debug.c
C:\Users\LuckyE\AppData\Local\Temp\ccyuCiPO.s:18     .text.uart_debug_irq:00000000 $t
C:\Users\LuckyE\AppData\Local\Temp\ccyuCiPO.s:24     .text.uart_debug_irq:00000000 uart_debug_irq
C:\Users\LuckyE\AppData\Local\Temp\ccyuCiPO.s:80     .text.uart_debug_irq:00000038 $d
                            *COM*:00000078 uart_debug
C:\Users\LuckyE\AppData\Local\Temp\ccyuCiPO.s:87     .text.shell_uart_init:00000000 $t
C:\Users\LuckyE\AppData\Local\Temp\ccyuCiPO.s:94     .text.shell_uart_init:00000000 shell_uart_init
C:\Users\LuckyE\AppData\Local\Temp\ccyuCiPO.s:173    .text.shell_uart_init:00000060 $d
C:\Users\LuckyE\AppData\Local\Temp\ccyuCiPO.s:184    .text._write:00000000 $t
C:\Users\LuckyE\AppData\Local\Temp\ccyuCiPO.s:191    .text._write:00000000 _write
C:\Users\LuckyE\AppData\Local\Temp\ccyuCiPO.s:227    .text._write:0000001c $d
C:\Users\LuckyE\AppData\Local\Temp\ccyuCiPO.s:233    .text._read:00000000 $t
C:\Users\LuckyE\AppData\Local\Temp\ccyuCiPO.s:240    .text._read:00000000 _read
C:\Users\LuckyE\AppData\Local\Temp\ccyuCiPO.s:293    .text._read:00000034 $d
C:\Users\LuckyE\AppData\Local\Temp\ccyuCiPO.s:300    .bss.s_uart_init:00000000 $d
C:\Users\LuckyE\AppData\Local\Temp\ccyuCiPO.s:304    .bss.s_uart_init:00000000 s_uart_init
C:\Users\LuckyE\AppData\Local\Temp\ccyuCiPO.s:307    .bss.s_uartdebug_rcv_ring:00000000 $d
C:\Users\LuckyE\AppData\Local\Temp\ccyuCiPO.s:311    .bss.s_uartdebug_rcv_ring:00000000 s_uartdebug_rcv_ring
C:\Users\LuckyE\AppData\Local\Temp\ccyuCiPO.s:317    .bss.s_uartdebug_rcv_ringmem:00000000 s_uartdebug_rcv_ringmem
C:\Users\LuckyE\AppData\Local\Temp\ccyuCiPO.s:318    .bss.s_uartdebug_rcv_ringmem:00000000 $d
C:\Users\LuckyE\AppData\Local\Temp\ccyuCiPO.s:320    .bss.s_uartdebug_rcv_sync:00000000 $d
C:\Users\LuckyE\AppData\Local\Temp\ccyuCiPO.s:324    .bss.s_uartdebug_rcv_sync:00000000 s_uartdebug_rcv_sync

UNDEFINED SYMBOLS
ring_buffer_write
LOS_SemPost
HAL_UART_Init
LOS_HwiCreate
osSemCreate
ring_buffer_init
HAL_UART_Transmit
LOS_SemPend
ring_buffer_read
