ARM GAS  C:\Users\LuckyE\AppData\Local\Temp\ccHKrmat.s 			page 1


   1              		.cpu cortex-m4
   2              		.eabi_attribute 27, 1
   3              		.eabi_attribute 28, 1
   4              		.eabi_attribute 20, 1
   5              		.eabi_attribute 21, 1
   6              		.eabi_attribute 23, 3
   7              		.eabi_attribute 24, 1
   8              		.eabi_attribute 25, 1
   9              		.eabi_attribute 26, 1
  10              		.eabi_attribute 30, 4
  11              		.eabi_attribute 34, 1
  12              		.eabi_attribute 18, 4
  13              		.file	"app_demo_main.c"
  14              		.text
  15              	.Ltext0:
  16              		.cfi_sections	.debug_frame
  17              		.section	.text.standard_app_demo_main,"ax",%progbits
  18              		.align	1
  19              		.weak	standard_app_demo_main
  20              		.syntax unified
  21              		.thumb
  22              		.thumb_func
  23              		.fpu fpv4-sp-d16
  25              	standard_app_demo_main:
  26              	.LFB3:
  27              		.file 1 "../../iot_link/demos/app_demo_main.c"
   1:../../iot_link/demos/app_demo_main.c **** /*----------------------------------------------------------------------------
   2:../../iot_link/demos/app_demo_main.c ****  * Copyright (c) <2018>, <Huawei Technologies Co., Ltd>
   3:../../iot_link/demos/app_demo_main.c ****  * All rights reserved.
   4:../../iot_link/demos/app_demo_main.c ****  * Redistribution and use in source and binary forms, with or without modification,
   5:../../iot_link/demos/app_demo_main.c ****  * are permitted provided that the following conditions are met:
   6:../../iot_link/demos/app_demo_main.c ****  * 1. Redistributions of source code must retain the above copyright notice, this list of
   7:../../iot_link/demos/app_demo_main.c ****  * conditions and the following disclaimer.
   8:../../iot_link/demos/app_demo_main.c ****  * 2. Redistributions in binary form must reproduce the above copyright notice, this list
   9:../../iot_link/demos/app_demo_main.c ****  * of conditions and the following disclaimer in the documentation and/or other materials
  10:../../iot_link/demos/app_demo_main.c ****  * provided with the distribution.
  11:../../iot_link/demos/app_demo_main.c ****  * 3. Neither the name of the copyright holder nor the names of its contributors may be used
  12:../../iot_link/demos/app_demo_main.c ****  * to endorse or promote products derived from this software without specific prior written
  13:../../iot_link/demos/app_demo_main.c ****  * permission.
  14:../../iot_link/demos/app_demo_main.c ****  * THIS SOFTWARE IS PROVIDED BY THE COPYRIGHT HOLDERS AND CONTRIBUTORS
  15:../../iot_link/demos/app_demo_main.c ****  * "AS IS" AND ANY EXPRESS OR IMPLIED WARRANTIES, INCLUDING, BUT NOT LIMITED TO,
  16:../../iot_link/demos/app_demo_main.c ****  * THE IMPLIED WARRANTIES OF MERCHANTABILITY AND FITNESS FOR A PARTICULAR
  17:../../iot_link/demos/app_demo_main.c ****  * PURPOSE ARE DISCLAIMED. IN NO EVENT SHALL THE COPYRIGHT HOLDER OR
  18:../../iot_link/demos/app_demo_main.c ****  * CONTRIBUTORS BE LIABLE FOR ANY DIRECT, INDIRECT, INCIDENTAL, SPECIAL,
  19:../../iot_link/demos/app_demo_main.c ****  * EXEMPLARY, OR CONSEQUENTIAL DAMAGES (INCLUDING, BUT NOT LIMITED TO,
  20:../../iot_link/demos/app_demo_main.c ****  * PROCUREMENT OF SUBSTITUTE GOODS OR SERVICES; LOSS OF USE, DATA, OR PROFITS;
  21:../../iot_link/demos/app_demo_main.c ****  * OR BUSINESS INTERRUPTION) HOWEVER CAUSED AND ON ANY THEORY OF LIABILITY,
  22:../../iot_link/demos/app_demo_main.c ****  * WHETHER IN CONTRACT, STRICT LIABILITY, OR TORT (INCLUDING NEGLIGENCE OR
  23:../../iot_link/demos/app_demo_main.c ****  * OTHERWISE) ARISING IN ANY WAY OUT OF THE USE OF THIS SOFTWARE, EVEN IF
  24:../../iot_link/demos/app_demo_main.c ****  * ADVISED OF THE POSSIBILITY OF SUCH DAMAGE.
  25:../../iot_link/demos/app_demo_main.c ****  *---------------------------------------------------------------------------*/
  26:../../iot_link/demos/app_demo_main.c **** /*----------------------------------------------------------------------------
  27:../../iot_link/demos/app_demo_main.c ****  * Notice of Export Control Law
  28:../../iot_link/demos/app_demo_main.c ****  * ===============================================
  29:../../iot_link/demos/app_demo_main.c ****  * Huawei LiteOS may be subject to applicable export control laws and regulations, which might
  30:../../iot_link/demos/app_demo_main.c ****  * include those applicable to Huawei LiteOS of U.S. and the country in which you are located.
  31:../../iot_link/demos/app_demo_main.c ****  * Import, export and usage of Huawei LiteOS in any manner by you shall be in compliance with such
ARM GAS  C:\Users\LuckyE\AppData\Local\Temp\ccHKrmat.s 			page 2


  32:../../iot_link/demos/app_demo_main.c ****  * applicable export control laws and regulations.
  33:../../iot_link/demos/app_demo_main.c ****  *---------------------------------------------------------------------------*/
  34:../../iot_link/demos/app_demo_main.c **** /**
  35:../../iot_link/demos/app_demo_main.c ****  *  DATE                AUTHOR      INSTRUCTION
  36:../../iot_link/demos/app_demo_main.c ****  *  2020-04-05 20:54  zhangqianfu  The first version
  37:../../iot_link/demos/app_demo_main.c ****  *
  38:../../iot_link/demos/app_demo_main.c ****  */
  39:../../iot_link/demos/app_demo_main.c **** #include <link_log.h>
  40:../../iot_link/demos/app_demo_main.c **** 
  41:../../iot_link/demos/app_demo_main.c **** __attribute__ ((weak)) int standard_app_demo_main(void)
  42:../../iot_link/demos/app_demo_main.c **** {
  28              		.loc 1 42 0
  29              		.cfi_startproc
  30              		@ args = 0, pretend = 0, frame = 0
  31              		@ frame_needed = 0, uses_anonymous_args = 0
  32 0000 13B5     		push	{r0, r1, r4, lr}
  33              	.LCFI0:
  34              		.cfi_def_cfa_offset 16
  35              		.cfi_offset 4, -8
  36              		.cfi_offset 14, -4
  43:../../iot_link/demos/app_demo_main.c ****     LINK_LOG_DEBUG("%s:###please implement app demo by yourself####\n\r",__FUNCTION__);
  37              		.loc 1 43 0
  38 0002 FFF7FEFF 		bl	link_log_level_get
  39              	.LVL0:
  40 0006 0128     		cmp	r0, #1
  41 0008 11D8     		bhi	.L2
  42              		.loc 1 43 0 is_stmt 0 discriminator 1
  43 000a 0120     		movs	r0, #1
  44 000c FFF7FEFF 		bl	link_log_level_name
  45              	.LVL1:
  46 0010 0446     		mov	r4, r0
  47 0012 FFF7FEFF 		bl	osal_sys_time
  48              	.LVL2:
  49 0016 084B     		ldr	r3, .L3
  50 0018 0093     		str	r3, [sp]
  51 001a 0246     		mov	r2, r0
  52 001c 2146     		mov	r1, r4
  53 001e 0748     		ldr	r0, .L3+4
  54 0020 FFF7FEFF 		bl	printf
  55              	.LVL3:
  56 0024 064B     		ldr	r3, .L3+8
  57 0026 1B68     		ldr	r3, [r3]
  58 0028 9868     		ldr	r0, [r3, #8]
  59 002a FFF7FEFF 		bl	fflush
  60              	.LVL4:
  61              	.L2:
  44:../../iot_link/demos/app_demo_main.c ****     return -1;
  45:../../iot_link/demos/app_demo_main.c **** }
  62              		.loc 1 45 0 is_stmt 1
  63 002e 4FF0FF30 		mov	r0, #-1
  64 0032 02B0     		add	sp, sp, #8
  65              	.LCFI1:
  66              		.cfi_def_cfa_offset 8
  67              		@ sp needed
  68 0034 10BD     		pop	{r4, pc}
  69              	.L4:
  70 0036 00BF     		.align	2
ARM GAS  C:\Users\LuckyE\AppData\Local\Temp\ccHKrmat.s 			page 3


  71              	.L3:
  72 0038 00000000 		.word	.LANCHOR0
  73 003c 00000000 		.word	.LC0
  74 0040 00000000 		.word	_impure_ptr
  75              		.cfi_endproc
  76              	.LFE3:
  78              		.section	.rodata.__FUNCTION__.6462,"a",%progbits
  79              		.set	.LANCHOR0,. + 0
  82              	__FUNCTION__.6462:
  83 0000 7374616E 		.ascii	"standard_app_demo_main\000"
  83      64617264 
  83      5F617070 
  83      5F64656D 
  83      6F5F6D61 
  84              		.section	.rodata.standard_app_demo_main.str1.1,"aMS",%progbits,1
  85              	.LC0:
  86 0000 5B25735D 		.ascii	"[%s][%u][%s] %s:###please implement app demo by you"
  86      5B25755D 
  86      5B25735D 
  86      2025733A 
  86      23232370 
  87 0033 7273656C 		.ascii	"rself####\012\015\015\012\000"
  87      66232323 
  87      230A0D0D 
  87      0A00
  88              		.text
  89              	.Letext0:
  90              		.file 2 "c:\\bearpi\\developtools\\gnu tools arm embedded\\7 2018-q2-update\\arm-none-eabi\\includ
  91              		.file 3 "c:\\bearpi\\developtools\\gnu tools arm embedded\\7 2018-q2-update\\arm-none-eabi\\includ
  92              		.file 4 "c:\\bearpi\\developtools\\gnu tools arm embedded\\7 2018-q2-update\\lib\\gcc\\arm-none-ea
  93              		.file 5 "c:\\bearpi\\developtools\\gnu tools arm embedded\\7 2018-q2-update\\arm-none-eabi\\includ
  94              		.file 6 "../../iot_link/inc/link_log.h"
  95              		.file 7 "c:\\bearpi\\developtools\\gnu tools arm embedded\\7 2018-q2-update\\arm-none-eabi\\includ
ARM GAS  C:\Users\LuckyE\AppData\Local\Temp\ccHKrmat.s 			page 4


DEFINED SYMBOLS
                            *ABS*:00000000 app_demo_main.c
C:\Users\LuckyE\AppData\Local\Temp\ccHKrmat.s:18     .text.standard_app_demo_main:00000000 $t
C:\Users\LuckyE\AppData\Local\Temp\ccHKrmat.s:25     .text.standard_app_demo_main:00000000 standard_app_demo_main
C:\Users\LuckyE\AppData\Local\Temp\ccHKrmat.s:72     .text.standard_app_demo_main:00000038 $d
C:\Users\LuckyE\AppData\Local\Temp\ccHKrmat.s:82     .rodata.__FUNCTION__.6462:00000000 __FUNCTION__.6462

UNDEFINED SYMBOLS
link_log_level_get
link_log_level_name
osal_sys_time
printf
fflush
_impure_ptr
