ARM GAS  C:\Users\LuckyE\AppData\Local\Temp\cci7Jkvd.s 			page 1


   1              		.cpu cortex-m4
   2              		.eabi_attribute 27, 1
   3              		.eabi_attribute 28, 1
   4              		.eabi_attribute 20, 1
   5              		.eabi_attribute 21, 1
   6              		.eabi_attribute 23, 3
   7              		.eabi_attribute 24, 1
   8              		.eabi_attribute 25, 1
   9              		.eabi_attribute 26, 1
  10              		.eabi_attribute 30, 4
  11              		.eabi_attribute 34, 1
  12              		.eabi_attribute 18, 4
  13              		.file	"los_misc.c"
  14              		.text
  15              	.Ltext0:
  16              		.cfi_sections	.debug_frame
  17              		.section	.text.LOS_Align,"ax",%progbits
  18              		.align	1
  19              		.global	LOS_Align
  20              		.syntax unified
  21              		.thumb
  22              		.thumb_func
  23              		.fpu fpv4-sp-d16
  25              	LOS_Align:
  26              	.LFB289:
  27              		.file 1 "../../iot_link/os/liteos/base/misc/los_misc.c"
   1:../../iot_link/os/liteos/base/misc/los_misc.c **** /*----------------------------------------------------------------------------
   2:../../iot_link/os/liteos/base/misc/los_misc.c ****  * Copyright (c) <2013-2015>, <Huawei Technologies Co., Ltd>
   3:../../iot_link/os/liteos/base/misc/los_misc.c ****  * All rights reserved.
   4:../../iot_link/os/liteos/base/misc/los_misc.c ****  * Redistribution and use in source and binary forms, with or without modification,
   5:../../iot_link/os/liteos/base/misc/los_misc.c ****  * are permitted provided that the following conditions are met:
   6:../../iot_link/os/liteos/base/misc/los_misc.c ****  * 1. Redistributions of source code must retain the above copyright notice, this list of
   7:../../iot_link/os/liteos/base/misc/los_misc.c ****  * conditions and the following disclaimer.
   8:../../iot_link/os/liteos/base/misc/los_misc.c ****  * 2. Redistributions in binary form must reproduce the above copyright notice, this list
   9:../../iot_link/os/liteos/base/misc/los_misc.c ****  * of conditions and the following disclaimer in the documentation and/or other materials
  10:../../iot_link/os/liteos/base/misc/los_misc.c ****  * provided with the distribution.
  11:../../iot_link/os/liteos/base/misc/los_misc.c ****  * 3. Neither the name of the copyright holder nor the names of its contributors may be used
  12:../../iot_link/os/liteos/base/misc/los_misc.c ****  * to endorse or promote products derived from this software without specific prior written
  13:../../iot_link/os/liteos/base/misc/los_misc.c ****  * permission.
  14:../../iot_link/os/liteos/base/misc/los_misc.c ****  * THIS SOFTWARE IS PROVIDED BY THE COPYRIGHT HOLDERS AND CONTRIBUTORS
  15:../../iot_link/os/liteos/base/misc/los_misc.c ****  * "AS IS" AND ANY EXPRESS OR IMPLIED WARRANTIES, INCLUDING, BUT NOT LIMITED TO,
  16:../../iot_link/os/liteos/base/misc/los_misc.c ****  * THE IMPLIED WARRANTIES OF MERCHANTABILITY AND FITNESS FOR A PARTICULAR
  17:../../iot_link/os/liteos/base/misc/los_misc.c ****  * PURPOSE ARE DISCLAIMED. IN NO EVENT SHALL THE COPYRIGHT HOLDER OR
  18:../../iot_link/os/liteos/base/misc/los_misc.c ****  * CONTRIBUTORS BE LIABLE FOR ANY DIRECT, INDIRECT, INCIDENTAL, SPECIAL,
  19:../../iot_link/os/liteos/base/misc/los_misc.c ****  * EXEMPLARY, OR CONSEQUENTIAL DAMAGES (INCLUDING, BUT NOT LIMITED TO,
  20:../../iot_link/os/liteos/base/misc/los_misc.c ****  * PROCUREMENT OF SUBSTITUTE GOODS OR SERVICES; LOSS OF USE, DATA, OR PROFITS;
  21:../../iot_link/os/liteos/base/misc/los_misc.c ****  * OR BUSINESS INTERRUPTION) HOWEVER CAUSED AND ON ANY THEORY OF LIABILITY,
  22:../../iot_link/os/liteos/base/misc/los_misc.c ****  * WHETHER IN CONTRACT, STRICT LIABILITY, OR TORT (INCLUDING NEGLIGENCE OR
  23:../../iot_link/os/liteos/base/misc/los_misc.c ****  * OTHERWISE) ARISING IN ANY WAY OUT OF THE USE OF THIS SOFTWARE, EVEN IF
  24:../../iot_link/os/liteos/base/misc/los_misc.c ****  * ADVISED OF THE POSSIBILITY OF SUCH DAMAGE.
  25:../../iot_link/os/liteos/base/misc/los_misc.c ****  *---------------------------------------------------------------------------*/
  26:../../iot_link/os/liteos/base/misc/los_misc.c **** /*----------------------------------------------------------------------------
  27:../../iot_link/os/liteos/base/misc/los_misc.c ****  * Notice of Export Control Law
  28:../../iot_link/os/liteos/base/misc/los_misc.c ****  * ===============================================
  29:../../iot_link/os/liteos/base/misc/los_misc.c ****  * Huawei LiteOS may be subject to applicable export control laws and regulations, which might
  30:../../iot_link/os/liteos/base/misc/los_misc.c ****  * include those applicable to Huawei LiteOS of U.S. and the country in which you are located.
  31:../../iot_link/os/liteos/base/misc/los_misc.c ****  * Import, export and usage of Huawei LiteOS in any manner by you shall be in compliance with such
ARM GAS  C:\Users\LuckyE\AppData\Local\Temp\cci7Jkvd.s 			page 2


  32:../../iot_link/os/liteos/base/misc/los_misc.c ****  * applicable export control laws and regulations.
  33:../../iot_link/os/liteos/base/misc/los_misc.c ****  *---------------------------------------------------------------------------*/
  34:../../iot_link/os/liteos/base/misc/los_misc.c **** 
  35:../../iot_link/os/liteos/base/misc/los_misc.c **** #include "los_base.ph"
  36:../../iot_link/os/liteos/base/misc/los_misc.c **** #include "los_sys.ph"
  37:../../iot_link/os/liteos/base/misc/los_misc.c **** #include "los_task.ph"
  38:../../iot_link/os/liteos/base/misc/los_misc.c **** #include "los_hwi.h"
  39:../../iot_link/os/liteos/base/misc/los_misc.c **** 
  40:../../iot_link/os/liteos/base/misc/los_misc.c **** LITE_OS_SEC_TEXT UINT32 LOS_Align(UINT32 uwAddr, UINT32 uwBoundary)
  41:../../iot_link/os/liteos/base/misc/los_misc.c **** {
  28              		.loc 1 41 0
  29              		.cfi_startproc
  30              		@ args = 0, pretend = 0, frame = 0
  31              		@ frame_needed = 0, uses_anonymous_args = 0
  32              		@ link register save eliminated.
  33              	.LVL0:
  42:../../iot_link/os/liteos/base/misc/los_misc.c ****     if (uwAddr + uwBoundary - 1 > uwAddr) {
  34              		.loc 1 42 0
  35 0000 4B1E     		subs	r3, r1, #1
  36 0002 0344     		add	r3, r3, r0
  37 0004 4942     		negs	r1, r1
  38              	.LVL1:
  39 0006 8342     		cmp	r3, r0
  43:../../iot_link/os/liteos/base/misc/los_misc.c ****         return (uwAddr + uwBoundary - 1) & ~(uwBoundary - 1);
  40              		.loc 1 43 0
  41 0008 8CBF     		ite	hi
  42 000a 01EA0300 		andhi	r0, r1, r3
  43              	.LVL2:
  44:../../iot_link/os/liteos/base/misc/los_misc.c ****     } else {
  45:../../iot_link/os/liteos/base/misc/los_misc.c ****         return uwAddr & ~(uwBoundary - 1);
  44              		.loc 1 45 0
  45 000e 0840     		andls	r0, r0, r1
  46:../../iot_link/os/liteos/base/misc/los_misc.c ****     }
  47:../../iot_link/os/liteos/base/misc/los_misc.c **** }
  46              		.loc 1 47 0
  47 0010 7047     		bx	lr
  48              		.cfi_endproc
  49              	.LFE289:
  51              		.section	.text.LOS_Msleep,"ax",%progbits
  52              		.align	1
  53              		.global	LOS_Msleep
  54              		.syntax unified
  55              		.thumb
  56              		.thumb_func
  57              		.fpu fpv4-sp-d16
  59              	LOS_Msleep:
  60              	.LFB290:
  48:../../iot_link/os/liteos/base/misc/los_misc.c **** 
  49:../../iot_link/os/liteos/base/misc/los_misc.c **** LITE_OS_SEC_TEXT_MINOR VOID LOS_Msleep(UINT32 uwMsecs)
  50:../../iot_link/os/liteos/base/misc/los_misc.c **** {
  61              		.loc 1 50 0
  62              		.cfi_startproc
  63              		@ args = 0, pretend = 0, frame = 0
  64              		@ frame_needed = 0, uses_anonymous_args = 0
  65              	.LVL3:
  51:../../iot_link/os/liteos/base/misc/los_misc.c ****     UINT32 uwInterval = 0;
  52:../../iot_link/os/liteos/base/misc/los_misc.c **** 
ARM GAS  C:\Users\LuckyE\AppData\Local\Temp\cci7Jkvd.s 			page 3


  53:../../iot_link/os/liteos/base/misc/los_misc.c ****     if (OS_INT_ACTIVE)
  66              		.loc 1 53 0
  67 0000 084A     		ldr	r2, .L10
  68 0002 1268     		ldr	r2, [r2]
  50:../../iot_link/os/liteos/base/misc/los_misc.c ****     UINT32 uwInterval = 0;
  69              		.loc 1 50 0
  70 0004 08B5     		push	{r3, lr}
  71              	.LCFI0:
  72              		.cfi_def_cfa_offset 8
  73              		.cfi_offset 3, -8
  74              		.cfi_offset 14, -4
  50:../../iot_link/os/liteos/base/misc/los_misc.c ****     UINT32 uwInterval = 0;
  75              		.loc 1 50 0
  76 0006 0346     		mov	r3, r0
  77              		.loc 1 53 0
  78 0008 5AB9     		cbnz	r2, .L4
  54:../../iot_link/os/liteos/base/misc/los_misc.c ****     {
  55:../../iot_link/os/liteos/base/misc/los_misc.c ****         return;
  56:../../iot_link/os/liteos/base/misc/los_misc.c ****     }
  57:../../iot_link/os/liteos/base/misc/los_misc.c **** 
  58:../../iot_link/os/liteos/base/misc/los_misc.c ****     if (uwMsecs == 0)
  79              		.loc 1 58 0
  80 000a 28B1     		cbz	r0, .L6
  59:../../iot_link/os/liteos/base/misc/los_misc.c ****     {
  60:../../iot_link/os/liteos/base/misc/los_misc.c ****         uwInterval = 0;
  61:../../iot_link/os/liteos/base/misc/los_misc.c ****     }
  62:../../iot_link/os/liteos/base/misc/los_misc.c ****     else
  63:../../iot_link/os/liteos/base/misc/los_misc.c ****     {
  64:../../iot_link/os/liteos/base/misc/los_misc.c ****         uwInterval = LOS_MS2Tick(uwMsecs);
  81              		.loc 1 64 0
  82 000c FFF7FEFF 		bl	LOS_MS2Tick
  83              	.LVL4:
  65:../../iot_link/os/liteos/base/misc/los_misc.c ****         if (uwInterval == 0)
  66:../../iot_link/os/liteos/base/misc/los_misc.c ****         {
  67:../../iot_link/os/liteos/base/misc/los_misc.c ****              uwInterval = 1;
  84              		.loc 1 67 0
  85 0010 0028     		cmp	r0, #0
  86 0012 14BF     		ite	ne
  87 0014 0346     		movne	r3, r0
  88 0016 0123     		moveq	r3, #1
  89              	.LVL5:
  90              	.L6:
  68:../../iot_link/os/liteos/base/misc/los_misc.c ****         }
  69:../../iot_link/os/liteos/base/misc/los_misc.c ****     }
  70:../../iot_link/os/liteos/base/misc/los_misc.c **** 
  71:../../iot_link/os/liteos/base/misc/los_misc.c ****     (VOID)LOS_TaskDelay(uwInterval);
  91              		.loc 1 71 0
  92 0018 1846     		mov	r0, r3
  72:../../iot_link/os/liteos/base/misc/los_misc.c **** }
  93              		.loc 1 72 0
  94 001a BDE80840 		pop	{r3, lr}
  95              	.LCFI1:
  96              		.cfi_remember_state
  97              		.cfi_restore 14
  98              		.cfi_restore 3
  99              		.cfi_def_cfa_offset 0
 100              	.LVL6:
ARM GAS  C:\Users\LuckyE\AppData\Local\Temp\cci7Jkvd.s 			page 4


  71:../../iot_link/os/liteos/base/misc/los_misc.c **** }
 101              		.loc 1 71 0
 102 001e FFF7FEBF 		b	LOS_TaskDelay
 103              	.LVL7:
 104              	.L4:
 105              	.LCFI2:
 106              		.cfi_restore_state
 107              		.loc 1 72 0
 108 0022 08BD     		pop	{r3, pc}
 109              	.L11:
 110              		.align	2
 111              	.L10:
 112 0024 00000000 		.word	g_vuwIntCount
 113              		.cfi_endproc
 114              	.LFE290:
 116              		.text
 117              	.Letext0:
 118              		.file 2 "c:\\bearpi\\developtools\\gnu tools arm embedded\\7 2018-q2-update\\arm-none-eabi\\includ
 119              		.file 3 "c:\\bearpi\\developtools\\gnu tools arm embedded\\7 2018-q2-update\\arm-none-eabi\\includ
 120              		.file 4 "c:\\bearpi\\developtools\\gnu tools arm embedded\\7 2018-q2-update\\arm-none-eabi\\includ
 121              		.file 5 "c:\\bearpi\\developtools\\gnu tools arm embedded\\7 2018-q2-update\\lib\\gcc\\arm-none-ea
 122              		.file 6 "c:\\bearpi\\developtools\\gnu tools arm embedded\\7 2018-q2-update\\arm-none-eabi\\includ
 123              		.file 7 "../../iot_link/os/liteos/include/los_typedef.h"
 124              		.file 8 "c:\\bearpi\\developtools\\gnu tools arm embedded\\7 2018-q2-update\\arm-none-eabi\\includ
 125              		.file 9 "../../iot_link/os/liteos/arch/arm/common/cmsis/core_cm4.h"
 126              		.file 10 "D:/File/bearpi_liteos/bearpi-iot_std_liteos-master/targets/STM32L431_BearPi/Inc/system_s
 127              		.file 11 "../../iot_link/os/liteos/include/los_config.h"
 128              		.file 12 "../../iot_link/os/liteos/include/los_list.h"
 129              		.file 13 "../../iot_link/os/liteos/include/los_err.h"
 130              		.file 14 "../../iot_link/os/liteos/arch/arm/arm-m/include/los_hwi.h"
 131              		.file 15 "../../iot_link/os/liteos/include/los_tick.h"
 132              		.file 16 "../../iot_link/os/liteos/include/los_event.h"
 133              		.file 17 "../../iot_link/os/liteos/include/los_task.h"
 134              		.file 18 "../../iot_link/os/liteos/base/include/los_task.ph"
 135              		.file 19 "../../iot_link/os/liteos/include/los_sys.h"
ARM GAS  C:\Users\LuckyE\AppData\Local\Temp\cci7Jkvd.s 			page 5


DEFINED SYMBOLS
                            *ABS*:00000000 los_misc.c
C:\Users\LuckyE\AppData\Local\Temp\cci7Jkvd.s:18     .text.LOS_Align:00000000 $t
C:\Users\LuckyE\AppData\Local\Temp\cci7Jkvd.s:25     .text.LOS_Align:00000000 LOS_Align
C:\Users\LuckyE\AppData\Local\Temp\cci7Jkvd.s:52     .text.LOS_Msleep:00000000 $t
C:\Users\LuckyE\AppData\Local\Temp\cci7Jkvd.s:59     .text.LOS_Msleep:00000000 LOS_Msleep
C:\Users\LuckyE\AppData\Local\Temp\cci7Jkvd.s:112    .text.LOS_Msleep:00000024 $d

UNDEFINED SYMBOLS
LOS_MS2Tick
LOS_TaskDelay
g_vuwIntCount
