ARM GAS  C:\Users\LuckyE\AppData\Local\Temp\ccmEQ24o.s 			page 1


   1              		.cpu cortex-m4
   2              		.eabi_attribute 27, 1
   3              		.eabi_attribute 28, 1
   4              		.eabi_attribute 20, 1
   5              		.eabi_attribute 21, 1
   6              		.eabi_attribute 23, 3
   7              		.eabi_attribute 24, 1
   8              		.eabi_attribute 25, 1
   9              		.eabi_attribute 26, 1
  10              		.eabi_attribute 30, 4
  11              		.eabi_attribute 34, 1
  12              		.eabi_attribute 18, 4
  13              		.file	"los_tick.c"
  14              		.text
  15              	.Ltext0:
  16              		.cfi_sections	.debug_frame
  17              		.section	.text.osTickHandler,"ax",%progbits
  18              		.align	1
  19              		.global	osTickHandler
  20              		.syntax unified
  21              		.thumb
  22              		.thumb_func
  23              		.fpu fpv4-sp-d16
  25              	osTickHandler:
  26              	.LFB287:
  27              		.file 1 "../../iot_link/os/liteos/base/core/los_tick.c"
   1:../../iot_link/os/liteos/base/core/los_tick.c **** /*----------------------------------------------------------------------------
   2:../../iot_link/os/liteos/base/core/los_tick.c ****  * Copyright (c) <2013-2015>, <Huawei Technologies Co., Ltd>
   3:../../iot_link/os/liteos/base/core/los_tick.c ****  * All rights reserved.
   4:../../iot_link/os/liteos/base/core/los_tick.c ****  * Redistribution and use in source and binary forms, with or without modification,
   5:../../iot_link/os/liteos/base/core/los_tick.c ****  * are permitted provided that the following conditions are met:
   6:../../iot_link/os/liteos/base/core/los_tick.c ****  * 1. Redistributions of source code must retain the above copyright notice, this list of
   7:../../iot_link/os/liteos/base/core/los_tick.c ****  * conditions and the following disclaimer.
   8:../../iot_link/os/liteos/base/core/los_tick.c ****  * 2. Redistributions in binary form must reproduce the above copyright notice, this list
   9:../../iot_link/os/liteos/base/core/los_tick.c ****  * of conditions and the following disclaimer in the documentation and/or other materials
  10:../../iot_link/os/liteos/base/core/los_tick.c ****  * provided with the distribution.
  11:../../iot_link/os/liteos/base/core/los_tick.c ****  * 3. Neither the name of the copyright holder nor the names of its contributors may be used
  12:../../iot_link/os/liteos/base/core/los_tick.c ****  * to endorse or promote products derived from this software without specific prior written
  13:../../iot_link/os/liteos/base/core/los_tick.c ****  * permission.
  14:../../iot_link/os/liteos/base/core/los_tick.c ****  * THIS SOFTWARE IS PROVIDED BY THE COPYRIGHT HOLDERS AND CONTRIBUTORS
  15:../../iot_link/os/liteos/base/core/los_tick.c ****  * "AS IS" AND ANY EXPRESS OR IMPLIED WARRANTIES, INCLUDING, BUT NOT LIMITED TO,
  16:../../iot_link/os/liteos/base/core/los_tick.c ****  * THE IMPLIED WARRANTIES OF MERCHANTABILITY AND FITNESS FOR A PARTICULAR
  17:../../iot_link/os/liteos/base/core/los_tick.c ****  * PURPOSE ARE DISCLAIMED. IN NO EVENT SHALL THE COPYRIGHT HOLDER OR
  18:../../iot_link/os/liteos/base/core/los_tick.c ****  * CONTRIBUTORS BE LIABLE FOR ANY DIRECT, INDIRECT, INCIDENTAL, SPECIAL,
  19:../../iot_link/os/liteos/base/core/los_tick.c ****  * EXEMPLARY, OR CONSEQUENTIAL DAMAGES (INCLUDING, BUT NOT LIMITED TO,
  20:../../iot_link/os/liteos/base/core/los_tick.c ****  * PROCUREMENT OF SUBSTITUTE GOODS OR SERVICES; LOSS OF USE, DATA, OR PROFITS;
  21:../../iot_link/os/liteos/base/core/los_tick.c ****  * OR BUSINESS INTERRUPTION) HOWEVER CAUSED AND ON ANY THEORY OF LIABILITY,
  22:../../iot_link/os/liteos/base/core/los_tick.c ****  * WHETHER IN CONTRACT, STRICT LIABILITY, OR TORT (INCLUDING NEGLIGENCE OR
  23:../../iot_link/os/liteos/base/core/los_tick.c ****  * OTHERWISE) ARISING IN ANY WAY OUT OF THE USE OF THIS SOFTWARE, EVEN IF
  24:../../iot_link/os/liteos/base/core/los_tick.c ****  * ADVISED OF THE POSSIBILITY OF SUCH DAMAGE.
  25:../../iot_link/os/liteos/base/core/los_tick.c ****  *---------------------------------------------------------------------------*/
  26:../../iot_link/os/liteos/base/core/los_tick.c **** /*----------------------------------------------------------------------------
  27:../../iot_link/os/liteos/base/core/los_tick.c ****  * Notice of Export Control Law
  28:../../iot_link/os/liteos/base/core/los_tick.c ****  * ===============================================
  29:../../iot_link/os/liteos/base/core/los_tick.c ****  * Huawei LiteOS may be subject to applicable export control laws and regulations, which might
  30:../../iot_link/os/liteos/base/core/los_tick.c ****  * include those applicable to Huawei LiteOS of U.S. and the country in which you are located.
  31:../../iot_link/os/liteos/base/core/los_tick.c ****  * Import, export and usage of Huawei LiteOS in any manner by you shall be in compliance with such
ARM GAS  C:\Users\LuckyE\AppData\Local\Temp\ccmEQ24o.s 			page 2


  32:../../iot_link/os/liteos/base/core/los_tick.c ****  * applicable export control laws and regulations.
  33:../../iot_link/os/liteos/base/core/los_tick.c ****  *---------------------------------------------------------------------------*/
  34:../../iot_link/os/liteos/base/core/los_tick.c **** 
  35:../../iot_link/os/liteos/base/core/los_tick.c **** #include "los_tick.inc"
  36:../../iot_link/os/liteos/base/core/los_tick.c **** #include "los_base.ph"
  37:../../iot_link/os/liteos/base/core/los_tick.c **** #include "los_swtmr.ph"
  38:../../iot_link/os/liteos/base/core/los_tick.c **** #include "los_task.ph"
  39:../../iot_link/os/liteos/base/core/los_tick.c **** #include "los_timeslice.ph"
  40:../../iot_link/os/liteos/base/core/los_tick.c **** #if (LOSCFG_KERNEL_TICKLESS == YES)
  41:../../iot_link/os/liteos/base/core/los_tick.c **** #include "los_tickless.ph"
  42:../../iot_link/os/liteos/base/core/los_tick.c **** #endif
  43:../../iot_link/os/liteos/base/core/los_tick.c **** 
  44:../../iot_link/os/liteos/base/core/los_tick.c **** #ifdef __cplusplus
  45:../../iot_link/os/liteos/base/core/los_tick.c **** #if __cplusplus
  46:../../iot_link/os/liteos/base/core/los_tick.c **** extern "C" {
  47:../../iot_link/os/liteos/base/core/los_tick.c **** #endif /* __cplusplus */
  48:../../iot_link/os/liteos/base/core/los_tick.c **** #endif /* __cplusplus */
  49:../../iot_link/os/liteos/base/core/los_tick.c **** 
  50:../../iot_link/os/liteos/base/core/los_tick.c **** 
  51:../../iot_link/os/liteos/base/core/los_tick.c **** LITE_OS_SEC_BSS UINT64      g_ullTickCount;
  52:../../iot_link/os/liteos/base/core/los_tick.c **** LITE_OS_SEC_BSS UINT32      g_uwTicksPerSec;
  53:../../iot_link/os/liteos/base/core/los_tick.c **** LITE_OS_SEC_BSS UINT32      g_uwCyclePerSec;
  54:../../iot_link/os/liteos/base/core/los_tick.c **** LITE_OS_SEC_BSS UINT32      g_uwCyclesPerTick;
  55:../../iot_link/os/liteos/base/core/los_tick.c **** LITE_OS_SEC_BSS UINT32      g_uwSysClock;
  56:../../iot_link/os/liteos/base/core/los_tick.c **** LITE_OS_SEC_DATA_INIT BOOL  g_bSysTickStart = FALSE;
  57:../../iot_link/os/liteos/base/core/los_tick.c **** 
  58:../../iot_link/os/liteos/base/core/los_tick.c **** #if (LOSCFG_KERNEL_TICKLESS == YES)
  59:../../iot_link/os/liteos/base/core/los_tick.c **** /*****************************************************************************
  60:../../iot_link/os/liteos/base/core/los_tick.c ****  Description : Tick interruption handler
  61:../../iot_link/os/liteos/base/core/los_tick.c ****  Input       : None
  62:../../iot_link/os/liteos/base/core/los_tick.c ****  Output      : None
  63:../../iot_link/os/liteos/base/core/los_tick.c ****  Return      : None
  64:../../iot_link/os/liteos/base/core/los_tick.c ****  *****************************************************************************/
  65:../../iot_link/os/liteos/base/core/los_tick.c **** LITE_OS_SEC_TEXT VOID osTickHandlerLoop(UINT32 uwElapseTicks)
  66:../../iot_link/os/liteos/base/core/los_tick.c **** {
  67:../../iot_link/os/liteos/base/core/los_tick.c ****     UINT32 uwIndex;
  68:../../iot_link/os/liteos/base/core/los_tick.c **** 
  69:../../iot_link/os/liteos/base/core/los_tick.c ****     for (uwIndex = 0; uwIndex < uwElapseTicks; uwIndex++)
  70:../../iot_link/os/liteos/base/core/los_tick.c ****     {
  71:../../iot_link/os/liteos/base/core/los_tick.c **** #if (LOSCFG_BASE_CORE_TICK_HW_TIME == YES)
  72:../../iot_link/os/liteos/base/core/los_tick.c ****         platform_tick_handler();
  73:../../iot_link/os/liteos/base/core/los_tick.c **** #endif
  74:../../iot_link/os/liteos/base/core/los_tick.c **** 
  75:../../iot_link/os/liteos/base/core/los_tick.c ****         g_ullTickCount ++;
  76:../../iot_link/os/liteos/base/core/los_tick.c **** 
  77:../../iot_link/os/liteos/base/core/los_tick.c **** #if(LOSCFG_BASE_CORE_TIMESLICE == YES)
  78:../../iot_link/os/liteos/base/core/los_tick.c ****         osTimesliceCheck();
  79:../../iot_link/os/liteos/base/core/los_tick.c **** #endif
  80:../../iot_link/os/liteos/base/core/los_tick.c ****         osTaskScan();   //task timeout scan
  81:../../iot_link/os/liteos/base/core/los_tick.c **** #if (LOSCFG_BASE_CORE_SWTMR == YES)
  82:../../iot_link/os/liteos/base/core/los_tick.c ****         (VOID)osSwtmrScan();
  83:../../iot_link/os/liteos/base/core/los_tick.c **** #endif
  84:../../iot_link/os/liteos/base/core/los_tick.c ****     }
  85:../../iot_link/os/liteos/base/core/los_tick.c **** }
  86:../../iot_link/os/liteos/base/core/los_tick.c **** 
  87:../../iot_link/os/liteos/base/core/los_tick.c **** #endif
  88:../../iot_link/os/liteos/base/core/los_tick.c **** 
ARM GAS  C:\Users\LuckyE\AppData\Local\Temp\ccmEQ24o.s 			page 3


  89:../../iot_link/os/liteos/base/core/los_tick.c **** /*****************************************************************************
  90:../../iot_link/os/liteos/base/core/los_tick.c ****  Description : Tick interruption handler
  91:../../iot_link/os/liteos/base/core/los_tick.c ****  Input       : None
  92:../../iot_link/os/liteos/base/core/los_tick.c ****  Output      : None
  93:../../iot_link/os/liteos/base/core/los_tick.c ****  Return      : None
  94:../../iot_link/os/liteos/base/core/los_tick.c ****  *****************************************************************************/
  95:../../iot_link/os/liteos/base/core/los_tick.c **** LITE_OS_SEC_TEXT VOID osTickHandler(VOID)
  96:../../iot_link/os/liteos/base/core/los_tick.c **** {
  28              		.loc 1 96 0
  29              		.cfi_startproc
  30              		@ args = 0, pretend = 0, frame = 0
  31              		@ frame_needed = 0, uses_anonymous_args = 0
  32 0000 0A49     		ldr	r1, .L5
  97:../../iot_link/os/liteos/base/core/los_tick.c ****     if (!g_bSysTickStart)
  33              		.loc 1 97 0
  34 0002 0B48     		ldr	r0, .L5+4
  35 0004 D1E90023 		ldrd	r2, [r1]
  96:../../iot_link/os/liteos/base/core/los_tick.c ****     if (!g_bSysTickStart)
  36              		.loc 1 96 0
  37 0008 2DE90048 		push	{fp, lr}
  38              	.LCFI0:
  39              		.cfi_def_cfa_offset 8
  40              		.cfi_offset 11, -8
  41              		.cfi_offset 14, -4
  42              		.loc 1 97 0
  43 000c 0068     		ldr	r0, [r0]
  44 000e 12F1010B 		adds	fp, r2, #1
  45 0012 43F1000C 		adc	ip, r3, #0
  98:../../iot_link/os/liteos/base/core/los_tick.c ****     {
  99:../../iot_link/os/liteos/base/core/los_tick.c ****         g_ullTickCount++;
  46              		.loc 1 99 0
  47 0016 C1E900BC 		strd	fp, [r1]
  97:../../iot_link/os/liteos/base/core/los_tick.c ****     {
  48              		.loc 1 97 0
  49 001a 08B9     		cbnz	r0, .L2
 100:../../iot_link/os/liteos/base/core/los_tick.c ****         return;
 101:../../iot_link/os/liteos/base/core/los_tick.c ****     }
 102:../../iot_link/os/liteos/base/core/los_tick.c **** 
 103:../../iot_link/os/liteos/base/core/los_tick.c **** #if (LOSCFG_KERNEL_TICKLESS == YES)
 104:../../iot_link/os/liteos/base/core/los_tick.c ****     if (g_bReloadSysTickFlag)
 105:../../iot_link/os/liteos/base/core/los_tick.c ****     {
 106:../../iot_link/os/liteos/base/core/los_tick.c ****         LOS_SysTickReload(OS_SYS_CLOCK / LOSCFG_BASE_CORE_TICK_PER_SECOND);
 107:../../iot_link/os/liteos/base/core/los_tick.c ****         g_bReloadSysTickFlag = 0;
 108:../../iot_link/os/liteos/base/core/los_tick.c ****     }
 109:../../iot_link/os/liteos/base/core/los_tick.c ****     g_bTickIrqFlag = g_bTicklessFlag;
 110:../../iot_link/os/liteos/base/core/los_tick.c **** 
 111:../../iot_link/os/liteos/base/core/los_tick.c ****     #if (LOSCFG_PLATFORM_HWI == NO)
 112:../../iot_link/os/liteos/base/core/los_tick.c ****     if (g_uwSysTickIntFlag == TICKLESS_OS_TICK_INT_WAIT)
 113:../../iot_link/os/liteos/base/core/los_tick.c ****     {
 114:../../iot_link/os/liteos/base/core/los_tick.c ****         g_uwSysTickIntFlag = TICKLESS_OS_TICK_INT_SET;
 115:../../iot_link/os/liteos/base/core/los_tick.c ****     }
 116:../../iot_link/os/liteos/base/core/los_tick.c ****     #endif
 117:../../iot_link/os/liteos/base/core/los_tick.c **** #endif
 118:../../iot_link/os/liteos/base/core/los_tick.c **** 
 119:../../iot_link/os/liteos/base/core/los_tick.c **** #if (LOSCFG_BASE_CORE_TICK_HW_TIME == YES)
 120:../../iot_link/os/liteos/base/core/los_tick.c ****     platform_tick_handler();
 121:../../iot_link/os/liteos/base/core/los_tick.c **** #endif
ARM GAS  C:\Users\LuckyE\AppData\Local\Temp\ccmEQ24o.s 			page 4


 122:../../iot_link/os/liteos/base/core/los_tick.c **** 
 123:../../iot_link/os/liteos/base/core/los_tick.c ****     g_ullTickCount ++;
 124:../../iot_link/os/liteos/base/core/los_tick.c **** 
 125:../../iot_link/os/liteos/base/core/los_tick.c **** #if(LOSCFG_BASE_CORE_TIMESLICE == YES)
 126:../../iot_link/os/liteos/base/core/los_tick.c ****     osTimesliceCheck();
 127:../../iot_link/os/liteos/base/core/los_tick.c **** #endif
 128:../../iot_link/os/liteos/base/core/los_tick.c **** 
 129:../../iot_link/os/liteos/base/core/los_tick.c ****     osTaskScan();   //task timeout scan
 130:../../iot_link/os/liteos/base/core/los_tick.c **** 
 131:../../iot_link/os/liteos/base/core/los_tick.c **** #if (LOSCFG_BASE_CORE_SWTMR == YES)
 132:../../iot_link/os/liteos/base/core/los_tick.c ****     (VOID)osSwtmrScan();
 133:../../iot_link/os/liteos/base/core/los_tick.c **** #endif
 134:../../iot_link/os/liteos/base/core/los_tick.c **** }
  50              		.loc 1 134 0
  51 001c BDE80088 		pop	{fp, pc}
  52              	.L2:
 126:../../iot_link/os/liteos/base/core/los_tick.c **** #endif
  53              		.loc 1 126 0
  54 0020 FFF7FEFF 		bl	osTimesliceCheck
  55              	.LVL0:
  56              		.loc 1 134 0
  57 0024 BDE80048 		pop	{fp, lr}
  58              	.LCFI1:
  59              		.cfi_restore 14
  60              		.cfi_restore 11
  61              		.cfi_def_cfa_offset 0
 129:../../iot_link/os/liteos/base/core/los_tick.c **** 
  62              		.loc 1 129 0
  63 0028 FFF7FEBF 		b	osTaskScan
  64              	.LVL1:
  65              	.L6:
  66              		.align	2
  67              	.L5:
  68 002c 00000000 		.word	g_ullTickCount
  69 0030 00000000 		.word	.LANCHOR0
  70              		.cfi_endproc
  71              	.LFE287:
  73              		.section	.text.LOS_SysClockGet,"ax",%progbits
  74              		.align	1
  75              		.global	LOS_SysClockGet
  76              		.syntax unified
  77              		.thumb
  78              		.thumb_func
  79              		.fpu fpv4-sp-d16
  81              	LOS_SysClockGet:
  82              	.LFB288:
 135:../../iot_link/os/liteos/base/core/los_tick.c **** 
 136:../../iot_link/os/liteos/base/core/los_tick.c **** LITE_OS_SEC_TEXT UINT32 LOS_SysClockGet(void)
 137:../../iot_link/os/liteos/base/core/los_tick.c **** {
  83              		.loc 1 137 0
  84              		.cfi_startproc
  85              		@ args = 0, pretend = 0, frame = 0
  86              		@ frame_needed = 0, uses_anonymous_args = 0
  87              		@ link register save eliminated.
 138:../../iot_link/os/liteos/base/core/los_tick.c ****     return g_uwSysClock;
 139:../../iot_link/os/liteos/base/core/los_tick.c **** }
  88              		.loc 1 139 0
ARM GAS  C:\Users\LuckyE\AppData\Local\Temp\ccmEQ24o.s 			page 5


  89 0000 014B     		ldr	r3, .L8
  90 0002 1868     		ldr	r0, [r3]
  91 0004 7047     		bx	lr
  92              	.L9:
  93 0006 00BF     		.align	2
  94              	.L8:
  95 0008 00000000 		.word	g_uwSysClock
  96              		.cfi_endproc
  97              	.LFE288:
  99              		.global	g_bSysTickStart
 100              		.comm	g_uwSysClock,4,4
 101              		.comm	g_uwCyclesPerTick,4,4
 102              		.comm	g_uwCyclePerSec,4,4
 103              		.comm	g_uwTicksPerSec,4,4
 104              		.comm	g_ullTickCount,8,8
 105              		.section	.bss.g_bSysTickStart,"aw",%nobits
 106              		.align	2
 107              		.set	.LANCHOR0,. + 0
 110              	g_bSysTickStart:
 111 0000 00000000 		.space	4
 112              		.text
 113              	.Letext0:
 114              		.file 2 "c:\\bearpi\\developtools\\gnu tools arm embedded\\7 2018-q2-update\\arm-none-eabi\\includ
 115              		.file 3 "c:\\bearpi\\developtools\\gnu tools arm embedded\\7 2018-q2-update\\arm-none-eabi\\includ
 116              		.file 4 "c:\\bearpi\\developtools\\gnu tools arm embedded\\7 2018-q2-update\\arm-none-eabi\\includ
 117              		.file 5 "c:\\bearpi\\developtools\\gnu tools arm embedded\\7 2018-q2-update\\lib\\gcc\\arm-none-ea
 118              		.file 6 "c:\\bearpi\\developtools\\gnu tools arm embedded\\7 2018-q2-update\\arm-none-eabi\\includ
 119              		.file 7 "../../iot_link/os/liteos/include/los_typedef.h"
 120              		.file 8 "c:\\bearpi\\developtools\\gnu tools arm embedded\\7 2018-q2-update\\arm-none-eabi\\includ
 121              		.file 9 "../../iot_link/os/liteos/arch/arm/common/cmsis/core_cm4.h"
 122              		.file 10 "D:/File/bearpi_liteos/bearpi-iot_std_liteos-master/targets/STM32L431_BearPi/Inc/system_s
 123              		.file 11 "../../iot_link/os/liteos/include/los_config.h"
 124              		.file 12 "../../iot_link/os/liteos/include/los_list.h"
 125              		.file 13 "../../iot_link/os/liteos/include/los_err.h"
 126              		.file 14 "../../iot_link/os/liteos/include/los_tick.h"
 127              		.file 15 "../../iot_link/os/liteos/base/include/los_tick.ph"
 128              		.file 16 "../../iot_link/os/liteos/arch/arm/arm-m/include/los_hwi.h"
 129              		.file 17 "../../iot_link/os/liteos/include/los_event.h"
 130              		.file 18 "../../iot_link/os/liteos/include/los_task.h"
 131              		.file 19 "../../iot_link/os/liteos/include/los_swtmr.h"
 132              		.file 20 "../../iot_link/os/liteos/base/include/los_swtmr.ph"
 133              		.file 21 "../../iot_link/os/liteos/base/include/los_task.ph"
 134              		.file 22 "../../iot_link/os/liteos/base/include/los_timeslice.ph"
ARM GAS  C:\Users\LuckyE\AppData\Local\Temp\ccmEQ24o.s 			page 6


DEFINED SYMBOLS
                            *ABS*:00000000 los_tick.c
C:\Users\LuckyE\AppData\Local\Temp\ccmEQ24o.s:18     .text.osTickHandler:00000000 $t
C:\Users\LuckyE\AppData\Local\Temp\ccmEQ24o.s:25     .text.osTickHandler:00000000 osTickHandler
C:\Users\LuckyE\AppData\Local\Temp\ccmEQ24o.s:68     .text.osTickHandler:0000002c $d
                            *COM*:00000008 g_ullTickCount
C:\Users\LuckyE\AppData\Local\Temp\ccmEQ24o.s:74     .text.LOS_SysClockGet:00000000 $t
C:\Users\LuckyE\AppData\Local\Temp\ccmEQ24o.s:81     .text.LOS_SysClockGet:00000000 LOS_SysClockGet
C:\Users\LuckyE\AppData\Local\Temp\ccmEQ24o.s:95     .text.LOS_SysClockGet:00000008 $d
                            *COM*:00000004 g_uwSysClock
C:\Users\LuckyE\AppData\Local\Temp\ccmEQ24o.s:110    .bss.g_bSysTickStart:00000000 g_bSysTickStart
                            *COM*:00000004 g_uwCyclesPerTick
                            *COM*:00000004 g_uwCyclePerSec
                            *COM*:00000004 g_uwTicksPerSec
C:\Users\LuckyE\AppData\Local\Temp\ccmEQ24o.s:106    .bss.g_bSysTickStart:00000000 $d

UNDEFINED SYMBOLS
osTimesliceCheck
osTaskScan
