ARM GAS  C:\Users\LuckyE\AppData\Local\Temp\ccVTiqgK.s 			page 1


   1              		.cpu cortex-m4
   2              		.eabi_attribute 27, 1
   3              		.eabi_attribute 28, 1
   4              		.eabi_attribute 20, 1
   5              		.eabi_attribute 21, 1
   6              		.eabi_attribute 23, 3
   7              		.eabi_attribute 24, 1
   8              		.eabi_attribute 25, 1
   9              		.eabi_attribute 26, 1
  10              		.eabi_attribute 30, 4
  11              		.eabi_attribute 34, 1
  12              		.eabi_attribute 18, 4
  13              		.file	"link_main.c"
  14              		.text
  15              	.Ltext0:
  16              		.cfi_sections	.debug_frame
  17              		.section	.text.linkmain_version,"ax",%progbits
  18              		.align	1
  19              		.global	linkmain_version
  20              		.syntax unified
  21              		.thumb
  22              		.thumb_func
  23              		.fpu fpv4-sp-d16
  25              	linkmain_version:
  26              	.LFB3:
  27              		.file 1 "../../iot_link/link_main.c"
   1:../../iot_link/link_main.c **** /*----------------------------------------------------------------------------
   2:../../iot_link/link_main.c ****  * Copyright (c) <2018>, <Huawei Technologies Co., Ltd>
   3:../../iot_link/link_main.c ****  * All rights reserved.
   4:../../iot_link/link_main.c ****  * Redistribution and use in source and binary forms, with or without modification,
   5:../../iot_link/link_main.c ****  * are permitted provided that the following conditions are met:
   6:../../iot_link/link_main.c ****  * 1. Redistributions of source code must retain the above copyright notice, this list of
   7:../../iot_link/link_main.c ****  * conditions and the following disclaimer.
   8:../../iot_link/link_main.c ****  * 2. Redistributions in binary form must reproduce the above copyright notice, this list
   9:../../iot_link/link_main.c ****  * of conditions and the following disclaimer in the documentation and/or other materials
  10:../../iot_link/link_main.c ****  * provided with the distribution.
  11:../../iot_link/link_main.c ****  * 3. Neither the name of the copyright holder nor the names of its contributors may be used
  12:../../iot_link/link_main.c ****  * to endorse or promote products derived from this software without specific prior written
  13:../../iot_link/link_main.c ****  * permission.
  14:../../iot_link/link_main.c ****  * THIS SOFTWARE IS PROVIDED BY THE COPYRIGHT HOLDERS AND CONTRIBUTORS
  15:../../iot_link/link_main.c ****  * "AS IS" AND ANY EXPRESS OR IMPLIED WARRANTIES, INCLUDING, BUT NOT LIMITED TO,
  16:../../iot_link/link_main.c ****  * THE IMPLIED WARRANTIES OF MERCHANTABILITY AND FITNESS FOR A PARTICULAR
  17:../../iot_link/link_main.c ****  * PURPOSE ARE DISCLAIMED. IN NO EVENT SHALL THE COPYRIGHT HOLDER OR
  18:../../iot_link/link_main.c ****  * CONTRIBUTORS BE LIABLE FOR ANY DIRECT, INDIRECT, INCIDENTAL, SPECIAL,
  19:../../iot_link/link_main.c ****  * EXEMPLARY, OR CONSEQUENTIAL DAMAGES (INCLUDING, BUT NOT LIMITED TO,
  20:../../iot_link/link_main.c ****  * PROCUREMENT OF SUBSTITUTE GOODS OR SERVICES; LOSS OF USE, DATA, OR PROFITS;
  21:../../iot_link/link_main.c ****  * OR BUSINESS INTERRUPTION) HOWEVER CAUSED AND ON ANY THEORY OF LIABILITY,
  22:../../iot_link/link_main.c ****  * WHETHER IN CONTRACT, STRICT LIABILITY, OR TORT (INCLUDING NEGLIGENCE OR
  23:../../iot_link/link_main.c ****  * OTHERWISE) ARISING IN ANY WAY OUT OF THE USE OF THIS SOFTWARE, EVEN IF
  24:../../iot_link/link_main.c ****  * ADVISED OF THE POSSIBILITY OF SUCH DAMAGE.
  25:../../iot_link/link_main.c ****  *---------------------------------------------------------------------------*/
  26:../../iot_link/link_main.c **** /*----------------------------------------------------------------------------
  27:../../iot_link/link_main.c ****  * Notice of Export Control Law
  28:../../iot_link/link_main.c ****  * ===============================================
  29:../../iot_link/link_main.c ****  * Huawei LiteOS may be subject to applicable export control laws and regulations, which might
  30:../../iot_link/link_main.c ****  * include those applicable to Huawei LiteOS of U.S. and the country in which you are located.
  31:../../iot_link/link_main.c ****  * Import, export and usage of Huawei LiteOS in any manner by you shall be in compliance with such
ARM GAS  C:\Users\LuckyE\AppData\Local\Temp\ccVTiqgK.s 			page 2


  32:../../iot_link/link_main.c ****  * applicable export control laws and regulations.
  33:../../iot_link/link_main.c ****  *---------------------------------------------------------------------------*/
  34:../../iot_link/link_main.c **** /**
  35:../../iot_link/link_main.c ****  *  DATE                AUTHOR      INSTRUCTION
  36:../../iot_link/link_main.c ****  *  2019-04-28 15:00  zhangqianfu  The first version
  37:../../iot_link/link_main.c ****  *
  38:../../iot_link/link_main.c ****  */
  39:../../iot_link/link_main.c **** 
  40:../../iot_link/link_main.c **** #include <stdio.h>
  41:../../iot_link/link_main.c **** #include <iot_link_config.h>
  42:../../iot_link/link_main.c **** #include <link_version.h>
  43:../../iot_link/link_main.c **** //RTOS KERNEL
  44:../../iot_link/link_main.c **** #include <osal.h>
  45:../../iot_link/link_main.c **** 
  46:../../iot_link/link_main.c **** #ifdef CONFIG_MACOS_ENABLE
  47:../../iot_link/link_main.c ****     #include <sys/select.h>
  48:../../iot_link/link_main.c **** #endif
  49:../../iot_link/link_main.c **** 
  50:../../iot_link/link_main.c **** 
  51:../../iot_link/link_main.c **** #define  CN_LINK_VERSION_MAJOR      2
  52:../../iot_link/link_main.c **** #define  CN_LINK_VERSION_MINOR      2
  53:../../iot_link/link_main.c **** #define  CN_LINK_VERSION_FEATURE    2
  54:../../iot_link/link_main.c **** 
  55:../../iot_link/link_main.c **** 
  56:../../iot_link/link_main.c **** static char s_link_mainversion[64];
  57:../../iot_link/link_main.c **** const char *linkmain_version()
  58:../../iot_link/link_main.c **** {
  28              		.loc 1 58 0
  29              		.cfi_startproc
  30              		@ args = 0, pretend = 0, frame = 0
  31              		@ frame_needed = 0, uses_anonymous_args = 0
  32 0000 1FB5     		push	{r0, r1, r2, r3, r4, lr}
  33              	.LCFI0:
  34              		.cfi_def_cfa_offset 24
  35              		.cfi_offset 4, -8
  36              		.cfi_offset 14, -4
  59:../../iot_link/link_main.c ****     (void) snprintf(s_link_mainversion,64,"V%d.%d.%d AT %s ON %s",CN_LINK_VERSION_MAJOR,\
  37              		.loc 1 59 0
  38 0002 084B     		ldr	r3, .L2
  39 0004 084C     		ldr	r4, .L2+4
  40 0006 0393     		str	r3, [sp, #12]
  41 0008 084B     		ldr	r3, .L2+8
  42 000a 0293     		str	r3, [sp, #8]
  43 000c 0223     		movs	r3, #2
  44 000e CDE90033 		strd	r3, r3, [sp]
  45 0012 074A     		ldr	r2, .L2+12
  46 0014 4021     		movs	r1, #64
  47 0016 2046     		mov	r0, r4
  48 0018 FFF7FEFF 		bl	snprintf
  49              	.LVL0:
  60:../../iot_link/link_main.c ****             CN_LINK_VERSION_MINOR,CN_LINK_VERSION_FEATURE,__TIME__,__DATE__);
  61:../../iot_link/link_main.c ****     return s_link_mainversion;
  62:../../iot_link/link_main.c **** }
  50              		.loc 1 62 0
  51 001c 2046     		mov	r0, r4
  52 001e 04B0     		add	sp, sp, #16
  53              	.LCFI1:
ARM GAS  C:\Users\LuckyE\AppData\Local\Temp\ccVTiqgK.s 			page 3


  54              		.cfi_def_cfa_offset 8
  55              		@ sp needed
  56 0020 10BD     		pop	{r4, pc}
  57              	.L3:
  58 0022 00BF     		.align	2
  59              	.L2:
  60 0024 16000000 		.word	.LC1
  61 0028 00000000 		.word	.LANCHOR0
  62 002c 22000000 		.word	.LC2
  63 0030 00000000 		.word	.LC0
  64              		.cfi_endproc
  65              	.LFE3:
  67              		.section	.text.link_main,"ax",%progbits
  68              		.align	1
  69              		.global	link_main
  70              		.syntax unified
  71              		.thumb
  72              		.thumb_func
  73              		.fpu fpv4-sp-d16
  75              	link_main:
  76              	.LFB4:
  63:../../iot_link/link_main.c **** 
  64:../../iot_link/link_main.c **** 
  65:../../iot_link/link_main.c **** static int s_link_start = 0;
  66:../../iot_link/link_main.c **** int link_main(void *args)
  67:../../iot_link/link_main.c **** {
  77              		.loc 1 67 0
  78              		.cfi_startproc
  79              		@ args = 0, pretend = 0, frame = 8
  80              		@ frame_needed = 0, uses_anonymous_args = 0
  81              	.LVL1:
  82 0000 7FB5     		push	{r0, r1, r2, r3, r4, r5, r6, lr}
  83              	.LCFI2:
  84              		.cfi_def_cfa_offset 32
  85              		.cfi_offset 4, -16
  86              		.cfi_offset 5, -12
  87              		.cfi_offset 6, -8
  88              		.cfi_offset 14, -4
  68:../../iot_link/link_main.c ****     ///< install the RTOS kernel for the link
  69:../../iot_link/link_main.c ****     if(s_link_start)
  89              		.loc 1 69 0
  90 0002 1D4B     		ldr	r3, .L8
  91 0004 1C68     		ldr	r4, [r3]
  92 0006 9CBB     		cbnz	r4, .L7
  70:../../iot_link/link_main.c ****     {
  71:../../iot_link/link_main.c ****        return -1;
  72:../../iot_link/link_main.c ****     }
  73:../../iot_link/link_main.c ****     s_link_start =1;
  93              		.loc 1 73 0
  94 0008 0125     		movs	r5, #1
  95 000a 1D60     		str	r5, [r3]
  74:../../iot_link/link_main.c **** 
  75:../../iot_link/link_main.c ****     (void)osal_init();
  96              		.loc 1 75 0
  97 000c FFF7FEFF 		bl	osal_init
  98              	.LVL2:
  76:../../iot_link/link_main.c ****     LINK_LOG_DEBUG("linkmain:%s",linkmain_version());
ARM GAS  C:\Users\LuckyE\AppData\Local\Temp\ccVTiqgK.s 			page 4


  99              		.loc 1 76 0
 100 0010 FFF7FEFF 		bl	link_log_level_get
 101              	.LVL3:
 102 0014 A842     		cmp	r0, r5
 103 0016 14D8     		bhi	.L6
 104              		.loc 1 76 0 is_stmt 0 discriminator 1
 105 0018 2846     		mov	r0, r5
 106 001a FFF7FEFF 		bl	link_log_level_name
 107              	.LVL4:
 108 001e 0546     		mov	r5, r0
 109 0020 FFF7FEFF 		bl	osal_sys_time
 110              	.LVL5:
 111 0024 0646     		mov	r6, r0
 112 0026 FFF7FEFF 		bl	linkmain_version
 113              	.LVL6:
 114 002a 144B     		ldr	r3, .L8+4
 115 002c 0090     		str	r0, [sp]
 116 002e 3246     		mov	r2, r6
 117 0030 2946     		mov	r1, r5
 118 0032 1348     		ldr	r0, .L8+8
 119 0034 FFF7FEFF 		bl	printf
 120              	.LVL7:
 121 0038 124B     		ldr	r3, .L8+12
 122 003a 1B68     		ldr	r3, [r3]
 123 003c 9868     		ldr	r0, [r3, #8]
 124 003e FFF7FEFF 		bl	fflush
 125              	.LVL8:
 126              	.L6:
  77:../../iot_link/link_main.c **** 
  78:../../iot_link/link_main.c **** #ifdef CONFIG_STIMER_ENABLE
  79:../../iot_link/link_main.c ****     #include <stimer.h>
  80:../../iot_link/link_main.c ****     stimer_init();
 127              		.loc 1 80 0 is_stmt 1
 128 0042 FFF7FEFF 		bl	stimer_init
 129              	.LVL9:
  81:../../iot_link/link_main.c **** #endif
  82:../../iot_link/link_main.c **** 
  83:../../iot_link/link_main.c **** #ifdef CONFIG_SHELL_ENABLE
  84:../../iot_link/link_main.c ****     #include <shell.h>
  85:../../iot_link/link_main.c ****     shell_init();
 130              		.loc 1 85 0
 131 0046 FFF7FEFF 		bl	shell_init
 132              	.LVL10:
  86:../../iot_link/link_main.c **** #endif
  87:../../iot_link/link_main.c **** 
  88:../../iot_link/link_main.c ****     /* add loader code here */
  89:../../iot_link/link_main.c **** #ifdef CONFIG_OTA_ENABLE
  90:../../iot_link/link_main.c ****     #include <ota_init.h>
  91:../../iot_link/link_main.c ****     ota_init();
  92:../../iot_link/link_main.c **** #endif
  93:../../iot_link/link_main.c **** 
  94:../../iot_link/link_main.c **** ///< install the driver framework
  95:../../iot_link/link_main.c **** #ifdef CONFIG_DRIVER_ENABLE
  96:../../iot_link/link_main.c ****     #include <driver.h>
  97:../../iot_link/link_main.c ****     ///< install the driver framework for the link
  98:../../iot_link/link_main.c ****     (void)los_driv_init();
 133              		.loc 1 98 0
ARM GAS  C:\Users\LuckyE\AppData\Local\Temp\ccVTiqgK.s 			page 5


 134 004a FFF7FEFF 		bl	los_driv_init
 135              	.LVL11:
  99:../../iot_link/link_main.c **** #endif
 100:../../iot_link/link_main.c **** 
 101:../../iot_link/link_main.c **** 
 102:../../iot_link/link_main.c **** ///< install the at framework
 103:../../iot_link/link_main.c **** #ifdef CONFIG_AT_ENABLE
 104:../../iot_link/link_main.c ****     #include <at.h>
 105:../../iot_link/link_main.c ****     (void)at_init();
 136              		.loc 1 105 0
 137 004e FFF7FEFF 		bl	at_init
 138              	.LVL12:
 106:../../iot_link/link_main.c **** #endif
 107:../../iot_link/link_main.c **** 
 108:../../iot_link/link_main.c **** ///< install the cJSON, for the oc mqtt agent need the cJSON
 109:../../iot_link/link_main.c **** #ifdef CONFIG_CJSON_ENABLE
 110:../../iot_link/link_main.c ****     #include <cJSON.h>
 111:../../iot_link/link_main.c **** 
 112:../../iot_link/link_main.c ****     cJSON_Hooks  hook;
 113:../../iot_link/link_main.c ****     hook.free_fn = osal_free;
 139              		.loc 1 113 0
 140 0052 0D4B     		ldr	r3, .L8+16
 141 0054 0393     		str	r3, [sp, #12]
 114:../../iot_link/link_main.c ****     hook.malloc_fn = osal_malloc;
 142              		.loc 1 114 0
 143 0056 04A8     		add	r0, sp, #16
 144 0058 0C4B     		ldr	r3, .L8+20
 145 005a 40F8083D 		str	r3, [r0, #-8]!
 115:../../iot_link/link_main.c ****     cJSON_InitHooks(&hook);
 146              		.loc 1 115 0
 147 005e FFF7FEFF 		bl	cJSON_InitHooks
 148              	.LVL13:
 116:../../iot_link/link_main.c **** #endif
 117:../../iot_link/link_main.c **** 
 118:../../iot_link/link_main.c **** 
 119:../../iot_link/link_main.c **** //////////////////////////  TCPIP PROTOCOL /////////////////////////////////////
 120:../../iot_link/link_main.c **** #ifdef CONFIG_TCPIP_AL_ENABLE
 121:../../iot_link/link_main.c ****     #include <sal.h>
 122:../../iot_link/link_main.c ****     (void)link_tcpip_init();
 123:../../iot_link/link_main.c **** #endif
 124:../../iot_link/link_main.c **** 
 125:../../iot_link/link_main.c **** //////////////////////////  DTLS PROTOCOL  /////////////////////////////////////
 126:../../iot_link/link_main.c **** #ifdef CONFIG_DTLS_AL_ENABLE
 127:../../iot_link/link_main.c ****     #include <dtls_al.h>
 128:../../iot_link/link_main.c ****     (void)dtls_al_init();
 129:../../iot_link/link_main.c **** #endif
 130:../../iot_link/link_main.c **** 
 131:../../iot_link/link_main.c **** //////////////////////////  MQTT PROTOCOL  /////////////////////////////////////
 132:../../iot_link/link_main.c **** #ifdef CONFIG_MQTT_AL_ENABLE
 133:../../iot_link/link_main.c ****     #include <mqtt_al.h>
 134:../../iot_link/link_main.c ****     mqtt_al_init();
 135:../../iot_link/link_main.c **** #endif
 136:../../iot_link/link_main.c **** 
 137:../../iot_link/link_main.c **** 
 138:../../iot_link/link_main.c **** //////////////////////////  COAP PROTOCOL  /////////////////////////////////
 139:../../iot_link/link_main.c **** #ifdef CONFIG_COAP_AL_ENABLE
 140:../../iot_link/link_main.c ****     #include <coap_al.h>
ARM GAS  C:\Users\LuckyE\AppData\Local\Temp\ccVTiqgK.s 			page 6


 141:../../iot_link/link_main.c ****     (void)coap_al_init();
 142:../../iot_link/link_main.c **** #endif
 143:../../iot_link/link_main.c **** 
 144:../../iot_link/link_main.c **** //////////////////////////  LWM2M PROTOCOL  /////////////////////////////////
 145:../../iot_link/link_main.c **** #ifdef CONFIG_LWM2M_AL_ENABLE
 146:../../iot_link/link_main.c ****     #include <lwm2m_al.h>
 147:../../iot_link/link_main.c ****     (void)lwm2m_al_init();
 148:../../iot_link/link_main.c **** #endif
 149:../../iot_link/link_main.c **** 
 150:../../iot_link/link_main.c **** //////////////////////////  OC MQTT  //////////////////////////////////
 151:../../iot_link/link_main.c **** #ifdef CONFIG_OCMQTT_ENABLE
 152:../../iot_link/link_main.c ****     #include <oc_mqtt_al.h>
 153:../../iot_link/link_main.c ****     (void)oc_mqtt_init();
 154:../../iot_link/link_main.c **** 
 155:../../iot_link/link_main.c **** #endif
 156:../../iot_link/link_main.c **** 
 157:../../iot_link/link_main.c **** ////////////////////////////  OC LWM2M /////////////////////////////////////////
 158:../../iot_link/link_main.c **** #ifdef CONFIG_OCLWM2M_ENABLE
 159:../../iot_link/link_main.c ****     #include <oc_lwm2m_al.h>
 160:../../iot_link/link_main.c ****     oc_lwm2m_init();
 149              		.loc 1 160 0
 150 0062 FFF7FEFF 		bl	oc_lwm2m_init
 151              	.LVL14:
 161:../../iot_link/link_main.c **** #endif
 162:../../iot_link/link_main.c **** 
 163:../../iot_link/link_main.c **** ////////////////////////////  OC COAP //////////////////////////////////////////
 164:../../iot_link/link_main.c **** #ifdef CONFIG_OCCOAP_ENABLE
 165:../../iot_link/link_main.c **** 	#include <oc_coap_al.h>
 166:../../iot_link/link_main.c ****     oc_coap_init();
 167:../../iot_link/link_main.c **** #endif
 168:../../iot_link/link_main.c **** 
 169:../../iot_link/link_main.c **** 
 170:../../iot_link/link_main.c **** #ifdef CONFIG_AUTO_TEST
 171:../../iot_link/link_main.c ****     #include <test_case.h>
 172:../../iot_link/link_main.c ****     autotest_start();
 173:../../iot_link/link_main.c **** #endif
 174:../../iot_link/link_main.c **** 
 175:../../iot_link/link_main.c **** 
 176:../../iot_link/link_main.c **** #ifdef CONFIG_LINKDEMO_ENABLE
 177:../../iot_link/link_main.c ****     extern int standard_app_demo_main(void);
 178:../../iot_link/link_main.c ****     (void) standard_app_demo_main();
 152              		.loc 1 178 0
 153 0066 FFF7FEFF 		bl	standard_app_demo_main
 154              	.LVL15:
 155              	.L4:
 179:../../iot_link/link_main.c **** #endif
 180:../../iot_link/link_main.c **** 
 181:../../iot_link/link_main.c ****     return 0;
 182:../../iot_link/link_main.c **** }
 156              		.loc 1 182 0
 157 006a 2046     		mov	r0, r4
 158 006c 04B0     		add	sp, sp, #16
 159              	.LCFI3:
 160              		.cfi_remember_state
 161              		.cfi_def_cfa_offset 16
 162              		@ sp needed
 163 006e 70BD     		pop	{r4, r5, r6, pc}
ARM GAS  C:\Users\LuckyE\AppData\Local\Temp\ccVTiqgK.s 			page 7


 164              	.LVL16:
 165              	.L7:
 166              	.LCFI4:
 167              		.cfi_restore_state
  71:../../iot_link/link_main.c ****     }
 168              		.loc 1 71 0
 169 0070 4FF0FF34 		mov	r4, #-1
 170 0074 F9E7     		b	.L4
 171              	.L9:
 172 0076 00BF     		.align	2
 173              	.L8:
 174 0078 00000000 		.word	.LANCHOR1
 175 007c 00000000 		.word	.LANCHOR2
 176 0080 00000000 		.word	.LC3
 177 0084 00000000 		.word	_impure_ptr
 178 0088 00000000 		.word	osal_free
 179 008c 00000000 		.word	osal_malloc
 180              		.cfi_endproc
 181              	.LFE4:
 183              		.section	.bss.s_link_mainversion,"aw",%nobits
 184              		.set	.LANCHOR0,. + 0
 187              	s_link_mainversion:
 188 0000 00000000 		.space	64
 188      00000000 
 188      00000000 
 188      00000000 
 188      00000000 
 189              		.section	.bss.s_link_start,"aw",%nobits
 190              		.align	2
 191              		.set	.LANCHOR1,. + 0
 194              	s_link_start:
 195 0000 00000000 		.space	4
 196              		.section	.rodata.__FUNCTION__.6614,"a",%progbits
 197              		.set	.LANCHOR2,. + 0
 200              	__FUNCTION__.6614:
 201 0000 6C696E6B 		.ascii	"link_main\000"
 201      5F6D6169 
 201      6E00
 202              		.section	.rodata.link_main.str1.1,"aMS",%progbits,1
 203              	.LC3:
 204 0000 5B25735D 		.ascii	"[%s][%u][%s] linkmain:%s\015\012\000"
 204      5B25755D 
 204      5B25735D 
 204      206C696E 
 204      6B6D6169 
 205              		.section	.rodata.linkmain_version.str1.1,"aMS",%progbits,1
 206              	.LC0:
 207 0000 5625642E 		.ascii	"V%d.%d.%d AT %s ON %s\000"
 207      25642E25 
 207      64204154 
 207      20257320 
 207      4F4E2025 
 208              	.LC1:
 209 0016 4E6F7620 		.ascii	"Nov 16 2023\000"
 209      31362032 
 209      30323300 
 210              	.LC2:
ARM GAS  C:\Users\LuckyE\AppData\Local\Temp\ccVTiqgK.s 			page 8


 211 0022 32313A34 		.ascii	"21:43:33\000"
 211      333A3333 
 211      00
 212              		.text
 213              	.Letext0:
 214              		.file 2 "c:\\bearpi\\developtools\\gnu tools arm embedded\\7 2018-q2-update\\arm-none-eabi\\includ
 215              		.file 3 "c:\\bearpi\\developtools\\gnu tools arm embedded\\7 2018-q2-update\\lib\\gcc\\arm-none-ea
 216              		.file 4 "c:\\bearpi\\developtools\\gnu tools arm embedded\\7 2018-q2-update\\arm-none-eabi\\includ
 217              		.file 5 "c:\\bearpi\\developtools\\gnu tools arm embedded\\7 2018-q2-update\\arm-none-eabi\\includ
 218              		.file 6 "c:\\bearpi\\developtools\\gnu tools arm embedded\\7 2018-q2-update\\arm-none-eabi\\includ
 219              		.file 7 "c:\\bearpi\\developtools\\gnu tools arm embedded\\7 2018-q2-update\\arm-none-eabi\\includ
 220              		.file 8 "c:\\bearpi\\developtools\\gnu tools arm embedded\\7 2018-q2-update\\arm-none-eabi\\includ
 221              		.file 9 "../../iot_link/inc/link_log.h"
 222              		.file 10 "../../iot_link/inc/stimer.h"
 223              		.file 11 "../../iot_link/driver/driver.h"
 224              		.file 12 "../../iot_link/at/at.h"
 225              		.file 13 "../../iot_link/cJSON/cJSON.h"
 226              		.file 14 "../../iot_link/oc/oc_lwm2m/oc_lwm2m_al/oc_lwm2m_al.h"
 227              		.file 15 "../../iot_link/os/osal/osal.h"
 228              		.file 16 "c:\\bearpi\\developtools\\gnu tools arm embedded\\7 2018-q2-update\\arm-none-eabi\\inclu
 229              		.file 17 "../../iot_link/inc/shell.h"
ARM GAS  C:\Users\LuckyE\AppData\Local\Temp\ccVTiqgK.s 			page 9


DEFINED SYMBOLS
                            *ABS*:00000000 link_main.c
C:\Users\LuckyE\AppData\Local\Temp\ccVTiqgK.s:18     .text.linkmain_version:00000000 $t
C:\Users\LuckyE\AppData\Local\Temp\ccVTiqgK.s:25     .text.linkmain_version:00000000 linkmain_version
C:\Users\LuckyE\AppData\Local\Temp\ccVTiqgK.s:60     .text.linkmain_version:00000024 $d
C:\Users\LuckyE\AppData\Local\Temp\ccVTiqgK.s:68     .text.link_main:00000000 $t
C:\Users\LuckyE\AppData\Local\Temp\ccVTiqgK.s:75     .text.link_main:00000000 link_main
C:\Users\LuckyE\AppData\Local\Temp\ccVTiqgK.s:174    .text.link_main:00000078 $d
C:\Users\LuckyE\AppData\Local\Temp\ccVTiqgK.s:187    .bss.s_link_mainversion:00000000 s_link_mainversion
C:\Users\LuckyE\AppData\Local\Temp\ccVTiqgK.s:188    .bss.s_link_mainversion:00000000 $d
C:\Users\LuckyE\AppData\Local\Temp\ccVTiqgK.s:190    .bss.s_link_start:00000000 $d
C:\Users\LuckyE\AppData\Local\Temp\ccVTiqgK.s:194    .bss.s_link_start:00000000 s_link_start
C:\Users\LuckyE\AppData\Local\Temp\ccVTiqgK.s:200    .rodata.__FUNCTION__.6614:00000000 __FUNCTION__.6614

UNDEFINED SYMBOLS
snprintf
osal_init
link_log_level_get
link_log_level_name
osal_sys_time
printf
fflush
stimer_init
shell_init
los_driv_init
at_init
cJSON_InitHooks
oc_lwm2m_init
standard_app_demo_main
_impure_ptr
osal_free
osal_malloc
