ARM GAS  C:\Users\LuckyE\AppData\Local\Temp\cc6eMOYa.s 			page 1


   1              		.cpu cortex-m4
   2              		.eabi_attribute 27, 1
   3              		.eabi_attribute 28, 1
   4              		.eabi_attribute 20, 1
   5              		.eabi_attribute 21, 1
   6              		.eabi_attribute 23, 3
   7              		.eabi_attribute 24, 1
   8              		.eabi_attribute 25, 1
   9              		.eabi_attribute 26, 1
  10              		.eabi_attribute 30, 4
  11              		.eabi_attribute 34, 1
  12              		.eabi_attribute 18, 4
  13              		.file	"los_exc.c"
  14              		.text
  15              	.Ltext0:
  16              		.cfi_sections	.debug_frame
  17              	.Letext0:
  18              		.file 1 "c:\\bearpi\\developtools\\gnu tools arm embedded\\7 2018-q2-update\\arm-none-eabi\\includ
  19              		.file 2 "c:\\bearpi\\developtools\\gnu tools arm embedded\\7 2018-q2-update\\arm-none-eabi\\includ
  20              		.file 3 "c:\\bearpi\\developtools\\gnu tools arm embedded\\7 2018-q2-update\\arm-none-eabi\\includ
  21              		.file 4 "c:\\bearpi\\developtools\\gnu tools arm embedded\\7 2018-q2-update\\lib\\gcc\\arm-none-ea
  22              		.file 5 "c:\\bearpi\\developtools\\gnu tools arm embedded\\7 2018-q2-update\\arm-none-eabi\\includ
  23              		.file 6 "../../iot_link/os/liteos/include/los_typedef.h"
  24              		.file 7 "c:\\bearpi\\developtools\\gnu tools arm embedded\\7 2018-q2-update\\arm-none-eabi\\includ
  25              		.file 8 "../../iot_link/os/liteos/arch/arm/common/cmsis/core_cm4.h"
  26              		.file 9 "D:/File/bearpi_liteos/bearpi-iot_std_liteos-master/targets/STM32L431_BearPi/Inc/system_st
  27              		.file 10 "../../iot_link/os/liteos/include/los_config.h"
  28              		.file 11 "../../iot_link/os/liteos/include/los_list.h"
  29              		.file 12 "../../iot_link/os/liteos/include/los_err.h"
  30              		.file 13 "../../iot_link/os/liteos/arch/arm/arm-m/include/los_hwi.h"
  31              		.file 14 "../../iot_link/os/liteos/include/los_tick.h"
  32              		.file 15 "../../iot_link/os/liteos/include/los_event.h"
  33              		.file 16 "../../iot_link/os/liteos/include/los_task.h"
  34              		.file 17 "../../iot_link/os/liteos/base/include/los_task.ph"
  35              		.file 18 "../../iot_link/os/liteos/include/los_memcheck.h"
ARM GAS  C:\Users\LuckyE\AppData\Local\Temp\cc6eMOYa.s 			page 2


DEFINED SYMBOLS
                            *ABS*:00000000 los_exc.c

NO UNDEFINED SYMBOLS
